Vivado Simulator 2019.1
Time resolution is 1 ps
Time	clk	resetn	ffti_valid	split_valid	split_ready	ffto_valid	ffto_last
0	0	0	0		0		1		0		x
5000	1	0	0		0		1		0		0
10000	0	0	0		0		1		0		0
15000	1	0	0		0		1		0		0
20000	0	0	0		0		1		0		0
25000	1	0	0		0		1		0		0
30000	0	0	0		0		1		0		0
35000	1	0	0		0		1		0		0
40000	0	0	0		0		1		0		0
45000	1	0	0		0		1		0		0
50000	0	0	0		0		1		0		0
55000	1	0	0		0		1		0		0
60000	0	0	0		0		1		0		0
65000	1	0	0		0		1		0		0
70000	0	1	0		0		1		0		0
75000	1	1	0		0		1		0		0
80000	0	1	0		0		1		0		0
85000	1	1	0		0		1		0		0
90000	0	1	0		0		1		0		0
95000	1	1	0		0		1		0		0
100000	0	1	1		0		1		0		0
105000	1	1	1		0		1		0		0
110000	0	1	1		0		1		0		0
115000	1	1	1		0		1		0		0
120000	0	1	1		0		1		0		0
125000	1	1	1		0		1		0		0
130000	0	1	1		0		1		0		0
Warning: OPMODE Input Warning : The OPMODE 0110X0X with CARRYINSEL  000 to DSP48E1 instance is invalid.
Time: 135 ns  Iteration: 4  Process: /fft_tb/t1/add_real/U0/i_synth/addsub_op/ADDSUB/dsp/OP/dsp48e1_body/ALIGN_ADD/DSP2/DSP/prcs_opmode_drc  File: C:\Xilinx\Vivado\2019.1\data/vhdl/src/unisims/primitive/DSP48E1.vhd
135000	1	1	1		0		1		0		0
140000	0	1	1		0		1		0		0
145000	1	1	1		0		1		0		0
150000	0	1	1		0		1		0		0
155000	1	1	1		0		1		0		0
160000	0	1	1		0		1		0		0
165000	1	1	1		0		1		0		0
170000	0	1	1		0		1		0		0
175000	1	1	1		0		1		0		0
180000	0	1	0		0		1		0		0
185000	1	1	0		0		1		0		0
190000	0	1	0		0		1		0		0
195000	1	1	0		0		1		0		0
200000	0	1	0		0		1		0		0
205000	1	1	0		0		1		0		0
210000	0	1	0		0		1		0		0
215000	1	1	0		0		1		0		0
220000	0	1	0		0		1		0		0
225000	1	1	0		0		1		0		0
230000	0	1	0		0		1		0		0
235000	1	1	0		0		1		0		0
240000	0	1	0		0		1		0		0
245000	1	1	0		0		1		0		0
250000	0	1	0		0		1		0		0
255000	1	1	0		0		1		0		0
260000	0	1	0		0		1		0		0
265000	1	1	0		0		1		0		0
270000	0	1	0		0		1		0		0
275000	1	1	0		0		1		0		0
280000	0	1	0		0		1		0		0
285000	1	1	0		0		1		0		0
290000	0	1	0		0		1		0		0
295000	1	1	0		0		1		0		0
300000	0	1	0		0		1		0		0
305000	1	1	0		0		1		0		0
310000	0	1	0		0		1		0		0
315000	1	1	0		0		1		0		0
320000	0	1	0		0		1		0		0
325000	1	1	0		0		1		0		0
330000	0	1	0		0		1		0		0
335000	1	1	0		0		1		0		0
340000	0	1	0		0		1		0		0
345000	1	1	0		0		1		0		0
350000	0	1	0		0		1		0		0
355000	1	1	0		0		1		0		0
360000	0	1	0		0		1		0		0
365000	1	1	0		0		1		0		0
370000	0	1	0		0		1		0		0
375000	1	1	0		0		1		0		0
380000	0	1	0		0		1		0		0
385000	1	1	0		0		1		0		0
390000	0	1	0		0		1		0		0
395000	1	1	0		0		1		0		0
400000	0	1	0		0		1		0		0
405000	1	1	0		0		1		0		0
410000	0	1	0		0		1		0		0
415000	1	1	0		0		1		0		0
420000	0	1	0		0		1		0		0
425000	1	1	0		0		1		0		0
430000	0	1	0		0		1		0		0
435000	1	1	0		0		1		0		0
440000	0	1	0		0		1		0		0
445000	1	1	0		0		1		0		0
450000	0	1	0		0		1		0		0
455000	1	1	0		0		1		0		0
460000	0	1	0		0		1		0		0
465000	1	1	0		0		1		0		0
470000	0	1	0		0		1		0		0
475000	1	1	0		0		1		0		0
480000	0	1	0		0		1		0		0
485000	1	1	0		0		1		0		0
490000	0	1	0		0		1		0		0
495000	1	1	0		0		1		0		0
500000	0	1	0		0		1		0		0
505000	1	1	0		0		1		0		0
510000	0	1	0		0		1		0		0
515000	1	1	0		0		1		0		0
520000	0	1	0		0		1		0		0
525000	1	1	0		0		1		0		0
530000	0	1	0		0		1		0		0
535000	1	1	0		0		1		0		0
540000	0	1	0		0		1		0		0
545000	1	1	0		0		1		0		0
550000	0	1	0		0		1		0		0
555000	1	1	0		0		1		0		0
560000	0	1	0		0		1		0		0
565000	1	1	0		0		1		0		0
570000	0	1	0		0		1		0		0
575000	1	1	0		0		1		0		0
580000	0	1	0		0		1		0		0
585000	1	1	0		0		1		0		0
590000	0	1	0		0		1		0		0
595000	1	1	0		0		1		0		0
600000	0	1	0		0		1		0		0
605000	1	1	0		0		1		0		0
610000	0	1	0		0		1		0		0
615000	1	1	0		0		1		0		0
620000	0	1	0		0		1		0		0
625000	1	1	0		0		1		0		0
630000	0	1	0		0		1		0		0
635000	1	1	0		0		1		0		0
640000	0	1	0		0		1		0		0
645000	1	1	0		0		1		0		0
650000	0	1	0		0		1		0		0
655000	1	1	0		0		1		0		0
660000	0	1	0		0		1		0		0
665000	1	1	0		0		1		0		0
670000	0	1	0		0		1		0		0
675000	1	1	0		0		1		0		0
680000	0	1	0		0		1		0		0
685000	1	1	0		0		1		0		0
690000	0	1	0		0		1		0		0
695000	1	1	0		0		1		0		0
700000	0	1	0		0		1		0		0
705000	1	1	0		0		1		0		0
710000	0	1	0		0		1		0		0
715000	1	1	0		0		1		0		0
720000	0	1	0		0		1		0		0
725000	1	1	0		0		1		0		0
730000	0	1	0		0		1		0		0
735000	1	1	0		0		1		0		0
740000	0	1	0		0		1		0		0
745000	1	1	0		0		1		0		0
750000	0	1	0		0		1		0		0
755000	1	1	0		0		1		0		0
760000	0	1	0		0		1		0		0
765000	1	1	0		0		1		0		0
770000	0	1	0		0		1		0		0
775000	1	1	0		0		1		0		0
780000	0	1	0		0		1		0		0
785000	1	1	0		0		1		0		0
790000	0	1	0		0		1		0		0
795000	1	1	0		0		1		0		0
800000	0	1	0		0		1		0		0
805000	1	1	0		0		1		0		0
810000	0	1	0		0		1		0		0
815000	1	1	0		0		1		0		0
820000	0	1	0		0		1		0		0
825000	1	1	0		0		1		0		0
830000	0	1	0		0		1		0		0
835000	1	1	0		0		1		0		0
840000	0	1	0		0		1		0		0
845000	1	1	0		0		1		0		0
850000	0	1	0		0		1		0		0
855000	1	1	0		0		1		0		0
860000	0	1	0		0		1		0		0
865000	1	1	0		0		1		0		0
870000	0	1	0		0		1		0		0
875000	1	1	0		0		1		0		0
880000	0	1	0		0		1		0		0
885000	1	1	0		0		1		0		0
890000	0	1	0		0		1		0		0
895000	1	1	0		0		1		0		0
900000	0	1	0		0		1		0		0
905000	1	1	0		0		1		0		0
910000	0	1	0		0		1		0		0
915000	1	1	0		0		1		0		0
920000	0	1	0		0		1		0		0
925000	1	1	0		0		1		0		0
930000	0	1	0		0		1		0		0
935000	1	1	0		0		1		0		0
940000	0	1	0		0		1		0		0
945000	1	1	0		0		1		0		0
950000	0	1	0		0		1		0		0
955000	1	1	0		1		1		0		0
960000	0	1	0		1		1		0		0
965000	1	1	0		1		1		0		0
970000	0	1	0		1		1		0		0
975000	1	1	0		1		1		0		0
980000	0	1	0		1		1		0		0
985000	1	1	0		1		1		0		0
990000	0	1	0		1		1		0		0
995000	1	1	0		1		1		0		0
1000000	0	1	0		1		1		0		0
1005000	1	1	0		1		1		0		0
1010000	0	1	0		1		1		0		0
1015000	1	1	0		1		1		0		0
1020000	0	1	0		1		1		0		0
1025000	1	1	0		1		1		0		0
1030000	0	1	0		1		1		0		0
1035000	1	1	0		1		1		0		0
1040000	0	1	0		1		1		0		0
1045000	1	1	0		1		1		0		0
1050000	0	1	0		1		1		0		0
1055000	1	1	0		1		1		0		0
1060000	0	1	0		1		1		0		0
1065000	1	1	0		1		1		0		0
1070000	0	1	0		1		1		0		0
1075000	1	1	0		1		1		1		0
1080000	0	1	0		1		1		1		0
1085000	1	1	0		1		1		0		0
1090000	0	1	0		1		1		0		0
1095000	1	1	0		1		1		1		0
1100000	0	1	0		1		1		1		0
1105000	1	1	0		1		1		0		0
1110000	0	1	0		1		1		0		0
1115000	1	1	0		0		1		1		0
1120000	0	1	0		0		1		1		0
1125000	1	1	0		0		1		0		0
1130000	0	1	0		0		1		0		0
1135000	1	1	0		0		1		1		0
1140000	0	1	0		0		1		1		0
1145000	1	1	0		0		1		0		0
1150000	0	1	0		0		1		0		0
1155000	1	1	0		0		1		1		0
1160000	0	1	0		0		1		1		0
1165000	1	1	0		0		1		0		0
1170000	0	1	0		0		1		0		0
1175000	1	1	0		0		1		1		0
1180000	0	1	0		0		1		1		0
1185000	1	1	0		0		1		0		0
1190000	0	1	0		0		1		0		0
1195000	1	1	0		0		1		1		0
1200000	0	1	0		0		1		1		0
1205000	1	1	0		0		1		0		0
1210000	0	1	0		0		1		0		0
1215000	1	1	0		0		1		1		0
1220000	0	1	0		0		1		1		0
1225000	1	1	0		0		1		0		0
1230000	0	1	0		0		1		0		0
1235000	1	1	0		0		1		0		1
1240000	0	1	0		0		1		0		1
1245000	1	1	0		0		1		0		1
1250000	0	1	0		0		1		0		1
1255000	1	1	0		0		1		0		1
1260000	0	1	0		0		1		0		1
1265000	1	1	0		0		1		0		1
1270000	0	1	0		0		1		0		1
1275000	1	1	0		0		1		0		1
1280000	0	1	0		0		1		0		1
1285000	1	1	0		0		1		0		1
1290000	0	1	0		0		1		0		1
1295000	1	1	0		0		1		0		1
1300000	0	1	0		0		1		0		1
