17:52:28 INFO  : Registering command handlers for SDK TCF services
17:52:30 INFO  : Launching XSCT server: xsct.bat -interactive C:\Users\AKASH\ELD_LAB\lab_11\lab_11.sdk\temp_xsdb_launch_script.tcl
17:52:34 INFO  : XSCT server has started successfully.
17:52:34 INFO  : Successfully done setting XSCT server connection channel  
17:52:34 INFO  : Successfully done setting SDK workspace  
17:52:34 INFO  : Processing command line option -hwspec C:/Users/AKASH/ELD_LAB/lab_11/lab_11.sdk/fft_wrapper.hdf.
17:55:13 INFO  : Refreshed build settings on project fft8
17:56:58 INFO  : Connected through redirection to target on host '192.168.226.142' and port '51424'.
17:57:00 INFO  : Jtag cable 'Digilent Zybo Z7 210351A78149A' is selected.
17:57:00 INFO  : 'jtag frequency' command is executed.
17:57:00 INFO  : Sourcing of 'C:/Users/AKASH/ELD_LAB/lab_11/lab_11.sdk/fft_wrapper_hw_platform_0/ps7_init.tcl' is done.
17:57:01 INFO  : 'targets -set -filter {jtag_cable_name =~ "Digilent Zybo Z7 210351A78149A" && level==0} -index 1' command is executed.
17:57:02 INFO  : FPGA configured successfully with bitstream "C:/Users/AKASH/ELD_LAB/lab_11/lab_11.sdk/fft_wrapper_hw_platform_0/fft_wrapper.bit"
17:57:02 INFO  : Context for 'APU' is selected.
17:57:02 INFO  : Hardware design information is loaded from 'C:/Users/AKASH/ELD_LAB/lab_11/lab_11.sdk/fft_wrapper_hw_platform_0/system.hdf'.
17:57:02 INFO  : 'configparams force-mem-access 1' command is executed.
17:57:02 INFO  : Context for 'APU' is selected.
17:57:02 INFO  : 'stop' command is executed.
17:57:06 INFO  : 'ps7_init' command is executed.
17:57:06 INFO  : 'ps7_post_config' command is executed.
17:57:06 INFO  : Context for processor 'ps7_cortexa9_0' is selected.
17:57:07 INFO  : Processor reset is completed for 'ps7_cortexa9_0'.
17:57:07 INFO  : Context for processor 'ps7_cortexa9_0' is selected.
17:57:07 INFO  : The application 'C:/Users/AKASH/ELD_LAB/lab_11/lab_11.sdk/fft8/Debug/fft8.elf' is downloaded to processor 'ps7_cortexa9_0'.
17:57:07 INFO  : 'configparams force-mem-access 0' command is executed.
17:57:07 INFO  : ----------------XSDB Script----------------
connect -path [list tcp::1534 tcp:192.168.226.142:51424]
source C:/Users/AKASH/ELD_LAB/lab_11/lab_11.sdk/fft_wrapper_hw_platform_0/ps7_init.tcl
targets -set -filter {jtag_cable_name =~ "Digilent Zybo Z7 210351A78149A" && level==0} -index 1
fpga -file C:/Users/AKASH/ELD_LAB/lab_11/lab_11.sdk/fft_wrapper_hw_platform_0/fft_wrapper.bit
targets -set -nocase -filter {name =~"APU*" && jtag_cable_name =~ "Digilent Zybo Z7 210351A78149A"} -index 0
loadhw -hw C:/Users/AKASH/ELD_LAB/lab_11/lab_11.sdk/fft_wrapper_hw_platform_0/system.hdf -mem-ranges [list {0x40000000 0xbfffffff}]
configparams force-mem-access 1
targets -set -nocase -filter {name =~"APU*" && jtag_cable_name =~ "Digilent Zybo Z7 210351A78149A"} -index 0
stop
ps7_init
ps7_post_config
targets -set -nocase -filter {name =~ "ARM*#0" && jtag_cable_name =~ "Digilent Zybo Z7 210351A78149A"} -index 0
rst -processor
targets -set -nocase -filter {name =~ "ARM*#0" && jtag_cable_name =~ "Digilent Zybo Z7 210351A78149A"} -index 0
dow C:/Users/AKASH/ELD_LAB/lab_11/lab_11.sdk/fft8/Debug/fft8.elf
configparams force-mem-access 0
----------------End of Script----------------

17:57:07 INFO  : Memory regions updated for context APU
17:57:08 INFO  : Context for processor 'ps7_cortexa9_0' is selected.
17:57:08 INFO  : 'con' command is executed.
17:57:08 INFO  : ----------------XSDB Script (After Launch)----------------
targets -set -nocase -filter {name =~ "ARM*#0" && jtag_cable_name =~ "Digilent Zybo Z7 210351A78149A"} -index 0
con
----------------End of Script----------------

17:57:08 INFO  : Launch script is exported to file 'C:\Users\AKASH\ELD_LAB\lab_11\lab_11.sdk\.sdk\launch_scripts\xilinx_c-c++_application_(system_debugger)\system_debugger_using_debug_fft8.elf_on_zybo.tcl'
18:00:01 WARN  : channel "tcfchan#1" closed
18:01:22 INFO  : Connected through redirection to target on host '192.168.226.142' and port '62062'.
18:01:40 INFO  : ----------------XSDB Script----------------
connect -path [list tcp::1534 tcp:192.168.226.142:62062]
----------------End of Script----------------

18:02:17 INFO  : Connected through redirection to target on host '192.168.226.142' and port '62062'.
18:02:35 INFO  : ----------------XSDB Script----------------
connect -path [list tcp::1534 tcp:192.168.226.142:62062]
----------------End of Script----------------

18:06:17 INFO  : Connected through redirection to target on host '192.168.226.142' and port '64236'.
18:06:18 INFO  : Jtag cable 'Digilent Zybo Z7 210351A7817DA' is selected.
18:06:18 INFO  : 'jtag frequency' command is executed.
18:06:18 INFO  : Sourcing of 'C:/Users/AKASH/ELD_LAB/lab_11/lab_11.sdk/fft_wrapper_hw_platform_0/ps7_init.tcl' is done.
18:06:18 INFO  : 'targets -set -filter {jtag_cable_name =~ "Digilent Zybo Z7 210351A7817DA" && level==0} -index 1' command is executed.
18:06:19 INFO  : FPGA configured successfully with bitstream "C:/Users/AKASH/ELD_LAB/lab_11/lab_11.sdk/fft_wrapper_hw_platform_0/fft_wrapper.bit"
18:06:19 INFO  : Context for 'APU' is selected.
18:06:19 INFO  : Hardware design information is loaded from 'C:/Users/AKASH/ELD_LAB/lab_11/lab_11.sdk/fft_wrapper_hw_platform_0/system.hdf'.
18:06:19 INFO  : 'configparams force-mem-access 1' command is executed.
18:06:19 INFO  : Context for 'APU' is selected.
18:06:20 INFO  : 'stop' command is executed.
18:06:23 INFO  : 'ps7_init' command is executed.
18:06:23 INFO  : 'ps7_post_config' command is executed.
18:06:23 INFO  : Context for processor 'ps7_cortexa9_0' is selected.
18:06:23 INFO  : Processor reset is completed for 'ps7_cortexa9_0'.
18:06:23 INFO  : Context for processor 'ps7_cortexa9_0' is selected.
18:06:23 INFO  : The application 'C:/Users/AKASH/ELD_LAB/lab_11/lab_11.sdk/fft8/Debug/fft8.elf' is downloaded to processor 'ps7_cortexa9_0'.
18:06:23 INFO  : 'configparams force-mem-access 0' command is executed.
18:06:23 INFO  : ----------------XSDB Script----------------
connect -path [list tcp::1534 tcp:192.168.226.142:64236]
source C:/Users/AKASH/ELD_LAB/lab_11/lab_11.sdk/fft_wrapper_hw_platform_0/ps7_init.tcl
targets -set -filter {jtag_cable_name =~ "Digilent Zybo Z7 210351A7817DA" && level==0} -index 1
fpga -file C:/Users/AKASH/ELD_LAB/lab_11/lab_11.sdk/fft_wrapper_hw_platform_0/fft_wrapper.bit
targets -set -nocase -filter {name =~"APU*" && jtag_cable_name =~ "Digilent Zybo Z7 210351A7817DA"} -index 0
loadhw -hw C:/Users/AKASH/ELD_LAB/lab_11/lab_11.sdk/fft_wrapper_hw_platform_0/system.hdf -mem-ranges [list {0x40000000 0xbfffffff}]
configparams force-mem-access 1
targets -set -nocase -filter {name =~"APU*" && jtag_cable_name =~ "Digilent Zybo Z7 210351A7817DA"} -index 0
stop
ps7_init
ps7_post_config
targets -set -nocase -filter {name =~ "ARM*#0" && jtag_cable_name =~ "Digilent Zybo Z7 210351A7817DA"} -index 0
rst -processor
targets -set -nocase -filter {name =~ "ARM*#0" && jtag_cable_name =~ "Digilent Zybo Z7 210351A7817DA"} -index 0
dow C:/Users/AKASH/ELD_LAB/lab_11/lab_11.sdk/fft8/Debug/fft8.elf
configparams force-mem-access 0
----------------End of Script----------------

18:06:24 INFO  : Memory regions updated for context APU
18:06:24 INFO  : Context for processor 'ps7_cortexa9_0' is selected.
18:06:24 INFO  : 'con' command is executed.
18:06:24 INFO  : ----------------XSDB Script (After Launch)----------------
targets -set -nocase -filter {name =~ "ARM*#0" && jtag_cable_name =~ "Digilent Zybo Z7 210351A7817DA"} -index 0
con
----------------End of Script----------------

18:06:24 INFO  : Launch script is exported to file 'C:\Users\AKASH\ELD_LAB\lab_11\lab_11.sdk\.sdk\launch_scripts\xilinx_c-c++_application_(system_debugger)\system_debugger_using_debug_fft8.elf_on_zybo.tcl'
18:15:01 WARN  : channel "tcfchan#3" closed
