10:02:18 INFO  : Registering command handlers for SDK TCF services
10:02:21 INFO  : Launching XSCT server: xsct.bat -interactive C:\Users\User\Desktop\ELD_LAB\fft32\fft32.sdk\temp_xsdb_launch_script.tcl
10:02:33 INFO  : XSCT server has started successfully.
10:02:34 INFO  : Processing command line option -hwspec C:/Users/User/Desktop/ELD_LAB/fft32/fft32.sdk/fft_bd_wrapper.hdf.
10:02:34 INFO  : Successfully done setting XSCT server connection channel  
10:02:34 INFO  : Successfully done setting SDK workspace  
10:36:38 INFO  : 'targets -set -filter {jtag_cable_name =~ "Digilent Zybo Z7 210351A7817AA" && level==0} -index 1' command is executed.
10:36:38 INFO  : 'fpga -state' command is executed.
10:36:38 INFO  : Connected to target on host '127.0.0.1' and port '3121'.
10:36:38 INFO  : Jtag cable 'Digilent Zybo Z7 210351A7817AA' is selected.
10:36:38 INFO  : 'jtag frequency' command is executed.
10:36:38 INFO  : Sourcing of 'C:/Users/User/Desktop/ELD_LAB/fft32/fft32.sdk/fft_bd_wrapper_hw_platform_0/ps7_init.tcl' is done.
10:36:38 INFO  : Context for 'APU' is selected.
10:36:39 INFO  : Hardware design information is loaded from 'C:/Users/User/Desktop/ELD_LAB/fft32/fft32.sdk/fft_bd_wrapper_hw_platform_0/system.hdf'.
10:36:39 INFO  : 'configparams force-mem-access 1' command is executed.
10:36:39 INFO  : Context for 'APU' is selected.
10:36:39 INFO  : 'stop' command is executed.
10:36:39 INFO  : 'ps7_init' command is executed.
10:36:40 INFO  : 'ps7_post_config' command is executed.
10:36:40 INFO  : Context for processor 'ps7_cortexa9_0' is selected.
10:36:40 INFO  : Processor reset is completed for 'ps7_cortexa9_0'.
10:36:40 INFO  : Context for processor 'ps7_cortexa9_0' is selected.
10:36:40 INFO  : The application 'C:/Users/User/Desktop/ELD_LAB/fft32/fft32.sdk/fft32/Debug/fft32.elf' is downloaded to processor 'ps7_cortexa9_0'.
10:36:40 INFO  : 'configparams force-mem-access 0' command is executed.
10:36:40 INFO  : ----------------XSDB Script----------------
connect -url tcp:127.0.0.1:3121
source C:/Users/User/Desktop/ELD_LAB/fft32/fft32.sdk/fft_bd_wrapper_hw_platform_0/ps7_init.tcl
targets -set -nocase -filter {name =~"APU*" && jtag_cable_name =~ "Digilent Zybo Z7 210351A7817AA"} -index 0
loadhw -hw C:/Users/User/Desktop/ELD_LAB/fft32/fft32.sdk/fft_bd_wrapper_hw_platform_0/system.hdf -mem-ranges [list {0x40000000 0xbfffffff}]
configparams force-mem-access 1
targets -set -nocase -filter {name =~"APU*" && jtag_cable_name =~ "Digilent Zybo Z7 210351A7817AA"} -index 0
stop
ps7_init
ps7_post_config
targets -set -nocase -filter {name =~ "ARM*#0" && jtag_cable_name =~ "Digilent Zybo Z7 210351A7817AA"} -index 0
rst -processor
targets -set -nocase -filter {name =~ "ARM*#0" && jtag_cable_name =~ "Digilent Zybo Z7 210351A7817AA"} -index 0
dow C:/Users/User/Desktop/ELD_LAB/fft32/fft32.sdk/fft32/Debug/fft32.elf
configparams force-mem-access 0
----------------End of Script----------------

10:36:41 INFO  : Memory regions updated for context APU
10:36:41 INFO  : Context for processor 'ps7_cortexa9_0' is selected.
10:36:41 INFO  : 'con' command is executed.
10:36:41 INFO  : ----------------XSDB Script (After Launch)----------------
targets -set -nocase -filter {name =~ "ARM*#0" && jtag_cable_name =~ "Digilent Zybo Z7 210351A7817AA"} -index 0
con
----------------End of Script----------------

10:36:41 INFO  : Launch script is exported to file 'C:\Users\User\Desktop\ELD_LAB\fft32\fft32.sdk\.sdk\launch_scripts\xilinx_c-c++_application_(system_debugger)\system_debugger_using_debug_fft32.elf_on_local.tcl'
10:37:18 INFO  : Disconnected from the channel tcfchan#1.
10:37:19 INFO  : 'targets -set -filter {jtag_cable_name =~ "Digilent Zybo Z7 210351A7817AA" && level==0} -index 1' command is executed.
10:37:19 INFO  : 'fpga -state' command is executed.
10:37:19 INFO  : Connected to target on host '127.0.0.1' and port '3121'.
10:37:20 INFO  : Jtag cable 'Digilent Zybo Z7 210351A7817AA' is selected.
10:37:20 INFO  : 'jtag frequency' command is executed.
10:37:20 INFO  : Sourcing of 'C:/Users/User/Desktop/ELD_LAB/fft32/fft32.sdk/fft_bd_wrapper_hw_platform_0/ps7_init.tcl' is done.
10:37:20 INFO  : Context for 'APU' is selected.
10:37:22 INFO  : Hardware design information is loaded from 'C:/Users/User/Desktop/ELD_LAB/fft32/fft32.sdk/fft_bd_wrapper_hw_platform_0/system.hdf'.
10:37:22 INFO  : 'configparams force-mem-access 1' command is executed.
10:37:22 INFO  : Context for 'APU' is selected.
10:37:22 INFO  : 'stop' command is executed.
10:37:22 INFO  : 'ps7_init' command is executed.
10:37:22 INFO  : 'ps7_post_config' command is executed.
10:37:22 INFO  : Context for processor 'ps7_cortexa9_0' is selected.
10:37:22 INFO  : Processor reset is completed for 'ps7_cortexa9_0'.
10:37:22 INFO  : Context for processor 'ps7_cortexa9_0' is selected.
10:37:23 INFO  : The application 'C:/Users/User/Desktop/ELD_LAB/fft32/fft32.sdk/fft32/Debug/fft32.elf' is downloaded to processor 'ps7_cortexa9_0'.
10:37:23 INFO  : 'configparams force-mem-access 0' command is executed.
10:37:23 INFO  : ----------------XSDB Script----------------
connect -url tcp:127.0.0.1:3121
source C:/Users/User/Desktop/ELD_LAB/fft32/fft32.sdk/fft_bd_wrapper_hw_platform_0/ps7_init.tcl
targets -set -nocase -filter {name =~"APU*" && jtag_cable_name =~ "Digilent Zybo Z7 210351A7817AA"} -index 0
loadhw -hw C:/Users/User/Desktop/ELD_LAB/fft32/fft32.sdk/fft_bd_wrapper_hw_platform_0/system.hdf -mem-ranges [list {0x40000000 0xbfffffff}]
configparams force-mem-access 1
targets -set -nocase -filter {name =~"APU*" && jtag_cable_name =~ "Digilent Zybo Z7 210351A7817AA"} -index 0
stop
ps7_init
ps7_post_config
targets -set -nocase -filter {name =~ "ARM*#0" && jtag_cable_name =~ "Digilent Zybo Z7 210351A7817AA"} -index 0
rst -processor
targets -set -nocase -filter {name =~ "ARM*#0" && jtag_cable_name =~ "Digilent Zybo Z7 210351A7817AA"} -index 0
dow C:/Users/User/Desktop/ELD_LAB/fft32/fft32.sdk/fft32/Debug/fft32.elf
configparams force-mem-access 0
----------------End of Script----------------

10:37:23 INFO  : Memory regions updated for context APU
10:37:23 INFO  : Context for processor 'ps7_cortexa9_0' is selected.
10:37:23 INFO  : 'con' command is executed.
10:37:23 INFO  : ----------------XSDB Script (After Launch)----------------
targets -set -nocase -filter {name =~ "ARM*#0" && jtag_cable_name =~ "Digilent Zybo Z7 210351A7817AA"} -index 0
con
----------------End of Script----------------

10:37:23 INFO  : Launch script is exported to file 'C:\Users\User\Desktop\ELD_LAB\fft32\fft32.sdk\.sdk\launch_scripts\xilinx_c-c++_application_(system_debugger)\system_debugger_using_debug_fft32.elf_on_local.tcl'
10:39:57 INFO  : Disconnected from the channel tcfchan#2.
10:39:58 INFO  : 'targets -set -filter {jtag_cable_name =~ "Digilent Zybo Z7 210351A7817AA" && level==0} -index 1' command is executed.
10:39:58 INFO  : 'fpga -state' command is executed.
10:39:58 INFO  : Connected to target on host '127.0.0.1' and port '3121'.
10:39:58 INFO  : Jtag cable 'Digilent Zybo Z7 210351A7817AA' is selected.
10:39:58 INFO  : 'jtag frequency' command is executed.
10:39:58 INFO  : Sourcing of 'C:/Users/User/Desktop/ELD_LAB/fft32/fft32.sdk/fft_bd_wrapper_hw_platform_0/ps7_init.tcl' is done.
10:39:58 INFO  : Context for 'APU' is selected.
10:40:00 INFO  : Hardware design information is loaded from 'C:/Users/User/Desktop/ELD_LAB/fft32/fft32.sdk/fft_bd_wrapper_hw_platform_0/system.hdf'.
10:40:00 INFO  : 'configparams force-mem-access 1' command is executed.
10:40:00 INFO  : Context for 'APU' is selected.
10:40:00 INFO  : 'stop' command is executed.
10:40:01 INFO  : 'ps7_init' command is executed.
10:40:01 INFO  : 'ps7_post_config' command is executed.
10:40:01 INFO  : Context for processor 'ps7_cortexa9_0' is selected.
10:40:01 INFO  : Processor reset is completed for 'ps7_cortexa9_0'.
10:40:01 INFO  : Context for processor 'ps7_cortexa9_0' is selected.
10:40:01 INFO  : The application 'C:/Users/User/Desktop/ELD_LAB/fft32/fft32.sdk/fft32/Debug/fft32.elf' is downloaded to processor 'ps7_cortexa9_0'.
10:40:01 INFO  : 'configparams force-mem-access 0' command is executed.
10:40:01 INFO  : ----------------XSDB Script----------------
connect -url tcp:127.0.0.1:3121
source C:/Users/User/Desktop/ELD_LAB/fft32/fft32.sdk/fft_bd_wrapper_hw_platform_0/ps7_init.tcl
targets -set -nocase -filter {name =~"APU*" && jtag_cable_name =~ "Digilent Zybo Z7 210351A7817AA"} -index 0
loadhw -hw C:/Users/User/Desktop/ELD_LAB/fft32/fft32.sdk/fft_bd_wrapper_hw_platform_0/system.hdf -mem-ranges [list {0x40000000 0xbfffffff}]
configparams force-mem-access 1
targets -set -nocase -filter {name =~"APU*" && jtag_cable_name =~ "Digilent Zybo Z7 210351A7817AA"} -index 0
stop
ps7_init
ps7_post_config
targets -set -nocase -filter {name =~ "ARM*#0" && jtag_cable_name =~ "Digilent Zybo Z7 210351A7817AA"} -index 0
rst -processor
targets -set -nocase -filter {name =~ "ARM*#0" && jtag_cable_name =~ "Digilent Zybo Z7 210351A7817AA"} -index 0
dow C:/Users/User/Desktop/ELD_LAB/fft32/fft32.sdk/fft32/Debug/fft32.elf
configparams force-mem-access 0
----------------End of Script----------------

10:40:01 INFO  : Memory regions updated for context APU
10:40:02 INFO  : Context for processor 'ps7_cortexa9_0' is selected.
10:40:02 INFO  : 'con' command is executed.
10:40:02 INFO  : ----------------XSDB Script (After Launch)----------------
targets -set -nocase -filter {name =~ "ARM*#0" && jtag_cable_name =~ "Digilent Zybo Z7 210351A7817AA"} -index 0
con
----------------End of Script----------------

10:40:02 INFO  : Launch script is exported to file 'C:\Users\User\Desktop\ELD_LAB\fft32\fft32.sdk\.sdk\launch_scripts\xilinx_c-c++_application_(system_debugger)\system_debugger_using_debug_fft32.elf_on_local.tcl'
10:41:32 INFO  : Refreshed build settings on project fft32
10:42:23 INFO  : Disconnected from the channel tcfchan#3.
10:42:24 INFO  : 'targets -set -filter {jtag_cable_name =~ "Digilent Zybo Z7 210351A7817AA" && level==0} -index 1' command is executed.
10:42:24 INFO  : 'fpga -state' command is executed.
10:42:24 INFO  : Connected to target on host '127.0.0.1' and port '3121'.
10:42:24 INFO  : Jtag cable 'Digilent Zybo Z7 210351A7817AA' is selected.
10:42:24 INFO  : 'jtag frequency' command is executed.
10:42:24 INFO  : Sourcing of 'C:/Users/User/Desktop/ELD_LAB/fft32/fft32.sdk/fft_bd_wrapper_hw_platform_0/ps7_init.tcl' is done.
10:42:24 INFO  : Context for 'APU' is selected.
10:42:26 INFO  : Hardware design information is loaded from 'C:/Users/User/Desktop/ELD_LAB/fft32/fft32.sdk/fft_bd_wrapper_hw_platform_0/system.hdf'.
10:42:26 INFO  : 'configparams force-mem-access 1' command is executed.
10:42:26 INFO  : Context for 'APU' is selected.
10:42:26 INFO  : 'stop' command is executed.
10:42:27 INFO  : 'ps7_init' command is executed.
10:42:27 INFO  : 'ps7_post_config' command is executed.
10:42:27 INFO  : Context for processor 'ps7_cortexa9_0' is selected.
10:42:27 INFO  : Processor reset is completed for 'ps7_cortexa9_0'.
10:42:27 INFO  : Context for processor 'ps7_cortexa9_0' is selected.
10:42:27 INFO  : The application 'C:/Users/User/Desktop/ELD_LAB/fft32/fft32.sdk/fft32/Debug/fft32.elf' is downloaded to processor 'ps7_cortexa9_0'.
10:42:27 INFO  : 'configparams force-mem-access 0' command is executed.
10:42:27 INFO  : ----------------XSDB Script----------------
connect -url tcp:127.0.0.1:3121
source C:/Users/User/Desktop/ELD_LAB/fft32/fft32.sdk/fft_bd_wrapper_hw_platform_0/ps7_init.tcl
targets -set -nocase -filter {name =~"APU*" && jtag_cable_name =~ "Digilent Zybo Z7 210351A7817AA"} -index 0
loadhw -hw C:/Users/User/Desktop/ELD_LAB/fft32/fft32.sdk/fft_bd_wrapper_hw_platform_0/system.hdf -mem-ranges [list {0x40000000 0xbfffffff}]
configparams force-mem-access 1
targets -set -nocase -filter {name =~"APU*" && jtag_cable_name =~ "Digilent Zybo Z7 210351A7817AA"} -index 0
stop
ps7_init
ps7_post_config
targets -set -nocase -filter {name =~ "ARM*#0" && jtag_cable_name =~ "Digilent Zybo Z7 210351A7817AA"} -index 0
rst -processor
targets -set -nocase -filter {name =~ "ARM*#0" && jtag_cable_name =~ "Digilent Zybo Z7 210351A7817AA"} -index 0
dow C:/Users/User/Desktop/ELD_LAB/fft32/fft32.sdk/fft32/Debug/fft32.elf
configparams force-mem-access 0
----------------End of Script----------------

10:42:28 INFO  : Memory regions updated for context APU
10:42:28 INFO  : Context for processor 'ps7_cortexa9_0' is selected.
10:42:28 INFO  : 'con' command is executed.
10:42:28 INFO  : ----------------XSDB Script (After Launch)----------------
targets -set -nocase -filter {name =~ "ARM*#0" && jtag_cable_name =~ "Digilent Zybo Z7 210351A7817AA"} -index 0
con
----------------End of Script----------------

10:42:28 INFO  : Launch script is exported to file 'C:\Users\User\Desktop\ELD_LAB\fft32\fft32.sdk\.sdk\launch_scripts\xilinx_c-c++_application_(system_debugger)\system_debugger_using_debug_fft32.elf_on_local.tcl'
10:44:50 INFO  : Disconnected from the channel tcfchan#4.
10:44:51 INFO  : 'targets -set -filter {jtag_cable_name =~ "Digilent Zybo Z7 210351A7817AA" && level==0} -index 1' command is executed.
10:44:51 INFO  : 'fpga -state' command is executed.
10:44:51 INFO  : Connected to target on host '127.0.0.1' and port '3121'.
10:44:52 INFO  : Jtag cable 'Digilent Zybo Z7 210351A7817AA' is selected.
10:44:52 INFO  : 'jtag frequency' command is executed.
10:44:52 INFO  : Sourcing of 'C:/Users/User/Desktop/ELD_LAB/fft32/fft32.sdk/fft_bd_wrapper_hw_platform_0/ps7_init.tcl' is done.
10:44:52 INFO  : Context for 'APU' is selected.
10:44:54 INFO  : Hardware design information is loaded from 'C:/Users/User/Desktop/ELD_LAB/fft32/fft32.sdk/fft_bd_wrapper_hw_platform_0/system.hdf'.
10:44:54 INFO  : 'configparams force-mem-access 1' command is executed.
10:44:54 INFO  : Context for 'APU' is selected.
10:44:54 INFO  : 'stop' command is executed.
10:44:54 INFO  : 'ps7_init' command is executed.
10:44:55 INFO  : 'ps7_post_config' command is executed.
10:44:55 INFO  : Context for processor 'ps7_cortexa9_0' is selected.
10:44:55 INFO  : Processor reset is completed for 'ps7_cortexa9_0'.
10:44:55 INFO  : Context for processor 'ps7_cortexa9_0' is selected.
10:44:55 INFO  : The application 'C:/Users/User/Desktop/ELD_LAB/fft32/fft32.sdk/fft32/Debug/fft32.elf' is downloaded to processor 'ps7_cortexa9_0'.
10:44:55 INFO  : 'configparams force-mem-access 0' command is executed.
10:44:55 INFO  : ----------------XSDB Script----------------
connect -url tcp:127.0.0.1:3121
source C:/Users/User/Desktop/ELD_LAB/fft32/fft32.sdk/fft_bd_wrapper_hw_platform_0/ps7_init.tcl
targets -set -nocase -filter {name =~"APU*" && jtag_cable_name =~ "Digilent Zybo Z7 210351A7817AA"} -index 0
loadhw -hw C:/Users/User/Desktop/ELD_LAB/fft32/fft32.sdk/fft_bd_wrapper_hw_platform_0/system.hdf -mem-ranges [list {0x40000000 0xbfffffff}]
configparams force-mem-access 1
targets -set -nocase -filter {name =~"APU*" && jtag_cable_name =~ "Digilent Zybo Z7 210351A7817AA"} -index 0
stop
ps7_init
ps7_post_config
targets -set -nocase -filter {name =~ "ARM*#0" && jtag_cable_name =~ "Digilent Zybo Z7 210351A7817AA"} -index 0
rst -processor
targets -set -nocase -filter {name =~ "ARM*#0" && jtag_cable_name =~ "Digilent Zybo Z7 210351A7817AA"} -index 0
dow C:/Users/User/Desktop/ELD_LAB/fft32/fft32.sdk/fft32/Debug/fft32.elf
configparams force-mem-access 0
----------------End of Script----------------

10:44:55 INFO  : Memory regions updated for context APU
10:44:55 INFO  : Context for processor 'ps7_cortexa9_0' is selected.
10:44:55 INFO  : 'con' command is executed.
10:44:55 INFO  : ----------------XSDB Script (After Launch)----------------
targets -set -nocase -filter {name =~ "ARM*#0" && jtag_cable_name =~ "Digilent Zybo Z7 210351A7817AA"} -index 0
con
----------------End of Script----------------

10:44:55 INFO  : Launch script is exported to file 'C:\Users\User\Desktop\ELD_LAB\fft32\fft32.sdk\.sdk\launch_scripts\xilinx_c-c++_application_(system_debugger)\system_debugger_using_debug_fft32.elf_on_local.tcl'
10:45:49 INFO  : Disconnected from the channel tcfchan#5.
10:45:50 INFO  : 'targets -set -filter {jtag_cable_name =~ "Digilent Zybo Z7 210351A7817AA" && level==0} -index 1' command is executed.
10:45:50 INFO  : 'fpga -state' command is executed.
10:45:50 INFO  : Connected to target on host '127.0.0.1' and port '3121'.
10:45:51 INFO  : Jtag cable 'Digilent Zybo Z7 210351A7817AA' is selected.
10:45:51 INFO  : 'jtag frequency' command is executed.
10:45:51 INFO  : Sourcing of 'C:/Users/User/Desktop/ELD_LAB/fft32/fft32.sdk/fft_bd_wrapper_hw_platform_0/ps7_init.tcl' is done.
10:45:51 INFO  : Context for 'APU' is selected.
10:45:53 INFO  : Hardware design information is loaded from 'C:/Users/User/Desktop/ELD_LAB/fft32/fft32.sdk/fft_bd_wrapper_hw_platform_0/system.hdf'.
10:45:53 INFO  : 'configparams force-mem-access 1' command is executed.
10:45:53 INFO  : Context for 'APU' is selected.
10:45:53 INFO  : 'stop' command is executed.
10:45:53 INFO  : 'ps7_init' command is executed.
10:45:53 INFO  : 'ps7_post_config' command is executed.
10:45:53 INFO  : Context for processor 'ps7_cortexa9_0' is selected.
10:45:53 INFO  : Processor reset is completed for 'ps7_cortexa9_0'.
10:45:53 INFO  : Context for processor 'ps7_cortexa9_0' is selected.
10:45:54 INFO  : The application 'C:/Users/User/Desktop/ELD_LAB/fft32/fft32.sdk/fft32/Debug/fft32.elf' is downloaded to processor 'ps7_cortexa9_0'.
10:45:54 INFO  : 'configparams force-mem-access 0' command is executed.
10:45:54 INFO  : ----------------XSDB Script----------------
connect -url tcp:127.0.0.1:3121
source C:/Users/User/Desktop/ELD_LAB/fft32/fft32.sdk/fft_bd_wrapper_hw_platform_0/ps7_init.tcl
targets -set -nocase -filter {name =~"APU*" && jtag_cable_name =~ "Digilent Zybo Z7 210351A7817AA"} -index 0
loadhw -hw C:/Users/User/Desktop/ELD_LAB/fft32/fft32.sdk/fft_bd_wrapper_hw_platform_0/system.hdf -mem-ranges [list {0x40000000 0xbfffffff}]
configparams force-mem-access 1
targets -set -nocase -filter {name =~"APU*" && jtag_cable_name =~ "Digilent Zybo Z7 210351A7817AA"} -index 0
stop
ps7_init
ps7_post_config
targets -set -nocase -filter {name =~ "ARM*#0" && jtag_cable_name =~ "Digilent Zybo Z7 210351A7817AA"} -index 0
rst -processor
targets -set -nocase -filter {name =~ "ARM*#0" && jtag_cable_name =~ "Digilent Zybo Z7 210351A7817AA"} -index 0
dow C:/Users/User/Desktop/ELD_LAB/fft32/fft32.sdk/fft32/Debug/fft32.elf
configparams force-mem-access 0
----------------End of Script----------------

10:45:54 INFO  : Memory regions updated for context APU
10:45:54 INFO  : Context for processor 'ps7_cortexa9_0' is selected.
10:45:54 INFO  : 'con' command is executed.
10:45:54 INFO  : ----------------XSDB Script (After Launch)----------------
targets -set -nocase -filter {name =~ "ARM*#0" && jtag_cable_name =~ "Digilent Zybo Z7 210351A7817AA"} -index 0
con
----------------End of Script----------------

10:45:54 INFO  : Launch script is exported to file 'C:\Users\User\Desktop\ELD_LAB\fft32\fft32.sdk\.sdk\launch_scripts\xilinx_c-c++_application_(system_debugger)\system_debugger_using_debug_fft32.elf_on_local.tcl'
10:46:39 INFO  : Disconnected from the channel tcfchan#6.
10:59:42 INFO  : Registering command handlers for SDK TCF services
10:59:42 INFO  : Launching XSCT server: xsct.bat -interactive C:\Users\User\Desktop\ELD_LAB\fft32\fft32.sdk\temp_xsdb_launch_script.tcl
10:59:46 INFO  : XSCT server has started successfully.
10:59:47 INFO  : Successfully done setting XSCT server connection channel  
10:59:47 INFO  : Successfully done setting SDK workspace  
10:59:47 INFO  : Processing command line option -hwspec C:/Users/User/Desktop/ELD_LAB/fft32/fft32.sdk/fft_bd_wrapper.hdf.
10:59:47 INFO  : Checking for hwspec changes in the project fft_bd_wrapper_hw_platform_0.
11:00:24 INFO  : Connected to target on host '127.0.0.1' and port '3121'.
11:00:25 INFO  : Jtag cable 'Digilent Zybo Z7 210351A7817AA' is selected.
11:00:25 INFO  : 'jtag frequency' command is executed.
11:00:25 INFO  : Sourcing of 'C:/Users/User/Desktop/ELD_LAB/fft32/fft32.sdk/fft_bd_wrapper_hw_platform_0/ps7_init.tcl' is done.
11:00:26 INFO  : 'targets -set -filter {jtag_cable_name =~ "Digilent Zybo Z7 210351A7817AA" && level==0} -index 1' command is executed.
11:00:27 INFO  : FPGA configured successfully with bitstream "C:/Users/User/Desktop/ELD_LAB/fft32/fft32.sdk/fft_bd_wrapper_hw_platform_0/fft_bd_wrapper.bit"
11:00:27 INFO  : Context for 'APU' is selected.
11:00:27 INFO  : Hardware design information is loaded from 'C:/Users/User/Desktop/ELD_LAB/fft32/fft32.sdk/fft_bd_wrapper_hw_platform_0/system.hdf'.
11:00:27 INFO  : 'configparams force-mem-access 1' command is executed.
11:00:27 INFO  : Context for 'APU' is selected.
11:00:27 INFO  : 'stop' command is executed.
11:00:27 INFO  : 'ps7_init' command is executed.
11:00:27 INFO  : 'ps7_post_config' command is executed.
11:00:28 INFO  : Context for processor 'ps7_cortexa9_0' is selected.
11:00:28 INFO  : Processor reset is completed for 'ps7_cortexa9_0'.
11:00:28 INFO  : Context for processor 'ps7_cortexa9_0' is selected.
11:00:28 INFO  : The application 'C:/Users/User/Desktop/ELD_LAB/fft32/fft32.sdk/fft32/Debug/fft32.elf' is downloaded to processor 'ps7_cortexa9_0'.
11:00:28 INFO  : 'configparams force-mem-access 0' command is executed.
11:00:28 INFO  : ----------------XSDB Script----------------
connect -url tcp:127.0.0.1:3121
source C:/Users/User/Desktop/ELD_LAB/fft32/fft32.sdk/fft_bd_wrapper_hw_platform_0/ps7_init.tcl
targets -set -filter {jtag_cable_name =~ "Digilent Zybo Z7 210351A7817AA" && level==0} -index 1
fpga -file C:/Users/User/Desktop/ELD_LAB/fft32/fft32.sdk/fft_bd_wrapper_hw_platform_0/fft_bd_wrapper.bit
targets -set -nocase -filter {name =~"APU*" && jtag_cable_name =~ "Digilent Zybo Z7 210351A7817AA"} -index 0
loadhw -hw C:/Users/User/Desktop/ELD_LAB/fft32/fft32.sdk/fft_bd_wrapper_hw_platform_0/system.hdf -mem-ranges [list {0x40000000 0xbfffffff}]
configparams force-mem-access 1
targets -set -nocase -filter {name =~"APU*" && jtag_cable_name =~ "Digilent Zybo Z7 210351A7817AA"} -index 0
stop
ps7_init
ps7_post_config
targets -set -nocase -filter {name =~ "ARM*#0" && jtag_cable_name =~ "Digilent Zybo Z7 210351A7817AA"} -index 0
rst -processor
targets -set -nocase -filter {name =~ "ARM*#0" && jtag_cable_name =~ "Digilent Zybo Z7 210351A7817AA"} -index 0
dow C:/Users/User/Desktop/ELD_LAB/fft32/fft32.sdk/fft32/Debug/fft32.elf
configparams force-mem-access 0
----------------End of Script----------------

11:00:28 INFO  : Memory regions updated for context APU
11:00:29 INFO  : Context for processor 'ps7_cortexa9_0' is selected.
11:00:29 INFO  : 'con' command is executed.
11:00:29 INFO  : ----------------XSDB Script (After Launch)----------------
targets -set -nocase -filter {name =~ "ARM*#0" && jtag_cable_name =~ "Digilent Zybo Z7 210351A7817AA"} -index 0
con
----------------End of Script----------------

11:00:29 INFO  : Launch script is exported to file 'C:\Users\User\Desktop\ELD_LAB\fft32\fft32.sdk\.sdk\launch_scripts\xilinx_c-c++_application_(system_debugger)\system_debugger_using_debug_fft32.elf_on_local.tcl'
11:06:16 INFO  : Disconnected from the channel tcfchan#1.
16:09:07 INFO  : Launching XSCT server: xsct.bat -interactive C:\Users\User\Desktop\ELD_LAB\fft32\fft32.sdk\temp_xsdb_launch_script.tcl
16:09:07 INFO  : Registering command handlers for SDK TCF services
16:09:12 INFO  : XSCT server has started successfully.
16:09:21 INFO  : Successfully done setting XSCT server connection channel  
16:09:21 INFO  : Successfully done setting SDK workspace  
16:09:21 INFO  : Processing command line option -hwspec C:/Users/User/Desktop/ELD_LAB/fft32/fft32.sdk/fft_bd_wrapper.hdf.
16:09:22 INFO  : Checking for hwspec changes in the project fft_bd_wrapper_hw_platform_0.
