#-----------------------------------------------------------
# Vivado v2019.1 (64-bit)
# SW Build 2552052 on Fri May 24 14:49:42 MDT 2019
# IP Build 2548770 on Fri May 24 18:01:18 MDT 2019
# Start of session at: Tue Sep 23 10:57:39 2025
# Process ID: 17216
# Current directory: C:/Users/User/Desktop/ELD LAB/LAB2_counter
# Command line: vivado.exe -gui_launcher_event rodinguilauncherevent12188 C:\Users\User\Desktop\ELD LAB\LAB2_counter\LAB2_counter.xpr
# Log file: C:/Users/User/Desktop/ELD LAB/LAB2_counter/vivado.log
# Journal file: C:/Users/User/Desktop/ELD LAB/LAB2_counter\vivado.jou
#-----------------------------------------------------------
start_gui
open_project {C:/Users/User/Desktop/ELD LAB/LAB2_counter/LAB2_counter.xpr}
Scanning sources...
Finished scanning sources
INFO: [IP_Flow 19-234] Refreshing IP repositories
INFO: [IP_Flow 19-1704] No user IP repositories specified
INFO: [IP_Flow 19-2313] Loaded Vivado IP repository 'C:/Xilinx/Vivado/2019.1/data/ip'.
open_project: Time (s): cpu = 00:00:21 ; elapsed = 00:00:12 . Memory (MB): peak = 793.141 ; gain = 143.359
update_compile_order -fileset sources_1
exit
INFO: [Common 17-206] Exiting Vivado at Tue Sep 23 11:22:11 2025...
