#-----------------------------------------------------------
# Vivado v2019.1 (64-bit)
# SW Build 2552052 on Fri May 24 14:49:42 MDT 2019
# IP Build 2548770 on Fri May 24 18:01:18 MDT 2019
# Start of session at: Sun Sep 21 19:49:57 2025
# Process ID: 3832
# Current directory: C:/Users/User/Desktop/ELD LAB/LAB_3
# Command line: vivado.exe -gui_launcher_event rodinguilauncherevent2828 C:\Users\User\Desktop\ELD LAB\LAB_3\LAB_3.xpr
# Log file: C:/Users/User/Desktop/ELD LAB/LAB_3/vivado.log
# Journal file: C:/Users/User/Desktop/ELD LAB/LAB_3\vivado.jou
#-----------------------------------------------------------
start_gui
open_project {C:/Users/User/Desktop/ELD LAB/LAB_3/LAB_3.xpr}
Scanning sources...
Finished scanning sources
INFO: [IP_Flow 19-234] Refreshing IP repositories
INFO: [IP_Flow 19-1704] No user IP repositories specified
INFO: [IP_Flow 19-2313] Loaded Vivado IP repository 'C:/Xilinx/Vivado/2019.1/data/ip'.
open_project: Time (s): cpu = 00:00:42 ; elapsed = 00:00:33 . Memory (MB): peak = 824.137 ; gain = 204.355
update_compile_order -fileset sources_1
reset_run synth_1
launch_runs impl_1 -to_step write_bitstream -jobs 2
[Mon Sep 22 23:25:34 2025] Launched synth_1...
Run output will be captured here: C:/Users/User/Desktop/ELD LAB/LAB_3/LAB_3.runs/synth_1/runme.log
[Mon Sep 22 23:25:34 2025] Launched impl_1...
Run output will be captured here: C:/Users/User/Desktop/ELD LAB/LAB_3/LAB_3.runs/impl_1/runme.log
launch_runs: Time (s): cpu = 00:00:03 ; elapsed = 00:00:19 . Memory (MB): peak = 908.703 ; gain = 0.000
open_hw
INFO: [Labtools 27-2285] Connecting to hw_server url TCP:192.168.226.142:53199
ERROR: [Labtools 27-2223] Unable to connect to hw_server with URL "TCP:192.168.226.142:53199".
Resolution: 1. Check the host name, port number and network connectivity.
2. Check to ensure the hw_server is running on the target.
connect_hw_server: Time (s): cpu = 00:00:01 ; elapsed = 00:00:21 . Memory (MB): peak = 915.902 ; gain = 7.199
ERROR: [Common 17-39] 'connect_hw_server' failed due to earlier errors.
INFO: [Labtools 27-2285] Connecting to hw_server url TCP:192.168.226.142:49533
disconnect_hw_server: Time (s): cpu = 00:00:06 ; elapsed = 00:00:06 . Memory (MB): peak = 2035.266 ; gain = 1119.254
connect_hw_server -url 192.168.226.142:49533
INFO: [Labtools 27-2285] Connecting to hw_server url TCP:192.168.226.142:49533
current_hw_target [get_hw_targets */xilinx_tcf/Digilent/210351A78181A]
set_property PARAM.FREQUENCY 15000000 [get_hw_targets */xilinx_tcf/Digilent/210351A78181A]
open_hw_target
INFO: [Labtoolstcl 44-466] Opening hw_target 192.168.226.142:49533/xilinx_tcf/Digilent/210351A78181A
set_property PROGRAM.FILE {C:/Users/User/Desktop/ELD LAB/LAB_3/LAB_3.runs/impl_1/vio_wrapper.bit} [get_hw_devices xc7z010_1]
set_property PROBES.FILE {C:/Users/User/Desktop/ELD LAB/LAB_3/LAB_3.runs/impl_1/vio_wrapper.ltx} [get_hw_devices xc7z010_1]
set_property FULL_PROBES.FILE {C:/Users/User/Desktop/ELD LAB/LAB_3/LAB_3.runs/impl_1/vio_wrapper.ltx} [get_hw_devices xc7z010_1]
current_hw_device [get_hw_devices xc7z010_1]
refresh_hw_device [lindex [get_hw_devices xc7z010_1] 0]
INFO: [Labtools 27-1435] Device xc7z010 (JTAG device index = 1) is not programmed (DONE status = 0).
set_property PROBES.FILE {C:/Users/User/Desktop/ELD LAB/LAB_3/LAB_3.runs/impl_1/vio_wrapper.ltx} [get_hw_devices xc7z010_1]
set_property FULL_PROBES.FILE {C:/Users/User/Desktop/ELD LAB/LAB_3/LAB_3.runs/impl_1/vio_wrapper.ltx} [get_hw_devices xc7z010_1]
set_property PROGRAM.FILE {C:/Users/User/Desktop/ELD LAB/LAB_3/LAB_3.runs/impl_1/vio_wrapper.bit} [get_hw_devices xc7z010_1]
program_hw_devices [get_hw_devices xc7z010_1]
INFO: [Labtools 27-3164] End of startup status: HIGH
refresh_hw_device [lindex [get_hw_devices xc7z010_1] 0]
INFO: [Labtools 27-2302] Device xc7z010 (JTAG device index = 1) is programmed with a design that has 1 VIO core(s).
set_property INPUT_VALUE_RADIX UNSIGNED [get_hw_probes count -of_objects [get_hw_vios -of_objects [get_hw_devices xc7z010_1] -filter {CELL_NAME=~"T2"}]]
close_hw
set_property -dict [list CONFIG.C_PROBE_IN0_WIDTH {4}] [get_ips vio_0]
generate_target all [get_files  {{C:/Users/User/Desktop/ELD LAB/LAB_3/LAB_3.srcs/sources_1/ip/vio_0/vio_0.xci}}]
INFO: [IP_Flow 19-1686] Generating 'Instantiation Template' target for IP 'vio_0'...
INFO: [IP_Flow 19-1686] Generating 'Synthesis' target for IP 'vio_0'...
INFO: [IP_Flow 19-1686] Generating 'Simulation' target for IP 'vio_0'...
INFO: [IP_Flow 19-1686] Generating 'Change Log' target for IP 'vio_0'...
catch { config_ip_cache -export [get_ips -all vio_0] }
export_ip_user_files -of_objects [get_files {{C:/Users/User/Desktop/ELD LAB/LAB_3/LAB_3.srcs/sources_1/ip/vio_0/vio_0.xci}}] -no_script -sync -force -quiet
reset_run vio_0_synth_1
WARNING: [Vivado 12-1017] Problems encountered:
1. Failed to delete one or more files in run directory C:/Users/User/Desktop/ELD LAB/LAB_3/LAB_3.runs/vio_0_synth_1

launch_runs -jobs 2 vio_0_synth_1
[Mon Sep 22 23:48:28 2025] Launched vio_0_synth_1...
Run output will be captured here: C:/Users/User/Desktop/ELD LAB/LAB_3/LAB_3.runs/vio_0_synth_1/runme.log
launch_runs: Time (s): cpu = 00:00:02 ; elapsed = 00:00:09 . Memory (MB): peak = 2237.301 ; gain = 0.000
export_simulation -of_objects [get_files {{C:/Users/User/Desktop/ELD LAB/LAB_3/LAB_3.srcs/sources_1/ip/vio_0/vio_0.xci}}] -directory {C:/Users/User/Desktop/ELD LAB/LAB_3/LAB_3.ip_user_files/sim_scripts} -ip_user_files_dir {C:/Users/User/Desktop/ELD LAB/LAB_3/LAB_3.ip_user_files} -ipstatic_source_dir {C:/Users/User/Desktop/ELD LAB/LAB_3/LAB_3.ip_user_files/ipstatic} -lib_map_path [list {modelsim=C:/Users/User/Desktop/ELD LAB/LAB_3/LAB_3.cache/compile_simlib/modelsim} {questa=C:/Users/User/Desktop/ELD LAB/LAB_3/LAB_3.cache/compile_simlib/questa} {riviera=C:/Users/User/Desktop/ELD LAB/LAB_3/LAB_3.cache/compile_simlib/riviera} {activehdl=C:/Users/User/Desktop/ELD LAB/LAB_3/LAB_3.cache/compile_simlib/activehdl}] -use_ip_compiled_libs -force -quiet
reset_run synth_1
WARNING: [Vivado 12-1017] Problems encountered:
1. Failed to delete one or more files in run directory C:/Users/User/Desktop/ELD LAB/LAB_3/LAB_3.runs/synth_1

launch_runs impl_1 -to_step write_bitstream -jobs 2
[Mon Sep 22 23:48:52 2025] Launched vio_0_synth_1, synth_1...
Run output will be captured here:
vio_0_synth_1: C:/Users/User/Desktop/ELD LAB/LAB_3/LAB_3.runs/vio_0_synth_1/runme.log
synth_1: C:/Users/User/Desktop/ELD LAB/LAB_3/LAB_3.runs/synth_1/runme.log
[Mon Sep 22 23:48:53 2025] Launched impl_1...
Run output will be captured here: C:/Users/User/Desktop/ELD LAB/LAB_3/LAB_3.runs/impl_1/runme.log
open_hw
INFO: [Labtools 27-2285] Connecting to hw_server url TCP:192.168.226.142:49533
connect_hw_server -url 192.168.226.142:49533
INFO: [Labtools 27-2285] Connecting to hw_server url TCP:192.168.226.142:49533
current_hw_target [get_hw_targets */xilinx_tcf/Digilent/210351A78181A]
set_property PARAM.FREQUENCY 15000000 [get_hw_targets */xilinx_tcf/Digilent/210351A78181A]
open_hw_target
INFO: [Labtoolstcl 44-466] Opening hw_target 192.168.226.142:49533/xilinx_tcf/Digilent/210351A78181A
current_hw_device [get_hw_devices xc7z010_1]
refresh_hw_device -update_hw_probes false [lindex [get_hw_devices xc7z010_1] 0]
INFO: [Labtools 27-2302] Device xc7z010 (JTAG device index = 1) is programmed with a design that has 1 VIO core(s).
set_property PROBES.FILE {C:/Users/User/Desktop/ELD LAB/LAB_3/LAB_3.runs/impl_1/vio_wrapper.ltx} [get_hw_devices xc7z010_1]
set_property FULL_PROBES.FILE {C:/Users/User/Desktop/ELD LAB/LAB_3/LAB_3.runs/impl_1/vio_wrapper.ltx} [get_hw_devices xc7z010_1]
set_property PROGRAM.FILE {C:/Users/User/Desktop/ELD LAB/LAB_3/LAB_3.runs/impl_1/vio_wrapper.bit} [get_hw_devices xc7z010_1]
program_hw_devices [get_hw_devices xc7z010_1]
INFO: [Labtools 27-3164] End of startup status: HIGH
refresh_hw_device [lindex [get_hw_devices xc7z010_1] 0]
INFO: [Labtools 27-2302] Device xc7z010 (JTAG device index = 1) is programmed with a design that has 1 VIO core(s).
set_property OUTPUT_VALUE 1 [get_hw_probes reset -of_objects [get_hw_vios -of_objects [get_hw_devices xc7z010_1] -filter {CELL_NAME=~"T2"}]]
commit_hw_vio [get_hw_probes {reset} -of_objects [get_hw_vios -of_objects [get_hw_devices xc7z010_1] -filter {CELL_NAME=~"T2"}]]
set_property OUTPUT_VALUE 0 [get_hw_probes reset -of_objects [get_hw_vios -of_objects [get_hw_devices xc7z010_1] -filter {CELL_NAME=~"T2"}]]
commit_hw_vio [get_hw_probes {reset} -of_objects [get_hw_vios -of_objects [get_hw_devices xc7z010_1] -filter {CELL_NAME=~"T2"}]]
close_hw
exit
INFO: [Common 17-206] Exiting Vivado at Tue Sep 23 02:54:14 2025...
