#-----------------------------------------------------------
# Vivado v2019.1 (64-bit)
# SW Build 2552052 on Fri May 24 14:49:42 MDT 2019
# IP Build 2548770 on Fri May 24 18:01:18 MDT 2019
# Start of session at: Thu Aug 28 07:56:38 2025
# Process ID: 13732
# Current directory: C:/Users/User/Desktop/ELD LAB/Lab2_hw
# Command line: vivado.exe -gui_launcher_event rodinguilauncherevent6112 C:\Users\User\Desktop\ELD LAB\Lab2_hw\Lab2_hw.xpr
# Log file: C:/Users/User/Desktop/ELD LAB/Lab2_hw/vivado.log
# Journal file: C:/Users/User/Desktop/ELD LAB/Lab2_hw\vivado.jou
#-----------------------------------------------------------
start_gui
open_project {C:/Users/User/Desktop/ELD LAB/Lab2_hw/Lab2_hw.xpr}
Scanning sources...
Finished scanning sources
INFO: [IP_Flow 19-234] Refreshing IP repositories
INFO: [IP_Flow 19-1704] No user IP repositories specified
INFO: [IP_Flow 19-2313] Loaded Vivado IP repository 'C:/Xilinx/Vivado/2019.1/data/ip'.
open_project: Time (s): cpu = 00:00:37 ; elapsed = 00:00:29 . Memory (MB): peak = 778.723 ; gain = 191.617
update_compile_order -fileset sources_1
launch_simulation
INFO: [Vivado 12-5682] Launching behavioral simulation in 'C:/Users/User/Desktop/ELD LAB/Lab2_hw/Lab2_hw.sim/sim_1/behav/xsim'
INFO: [SIM-utils-51] Simulation object is 'sim_1'
INFO: [SIM-utils-54] Inspecting design source files for 'tbhw' in fileset 'sim_1'...
INFO: [USF-XSim-97] Finding global include files...
INFO: [USF-XSim-98] Fetching design files from 'sim_1'...
INFO: [USF-XSim-2] XSim::Compile design
INFO: [USF-XSim-61] Executing 'COMPILE and ANALYZE' step in 'C:/Users/User/Desktop/ELD LAB/Lab2_hw/Lab2_hw.sim/sim_1/behav/xsim'
"xvlog --incr --relax -prj tbhw_vlog.prj"
INFO: [VRFC 10-2263] Analyzing Verilog file "C:/Users/User/Desktop/ELD LAB/Lab2_hw/Lab2_hw.srcs/sources_1/new/counter_8bit.v" into library xil_defaultlib
INFO: [VRFC 10-311] analyzing module counter_8bit
INFO: [VRFC 10-2263] Analyzing Verilog file "C:/Users/User/Desktop/ELD LAB/Lab2_hw/Lab2_hw.srcs/sim_1/new/tbhw.v" into library xil_defaultlib
INFO: [VRFC 10-311] analyzing module tbhw
INFO: [USF-XSim-69] 'compile' step finished in '4' seconds
INFO: [USF-XSim-3] XSim::Elaborate design
INFO: [USF-XSim-61] Executing 'ELABORATE' step in 'C:/Users/User/Desktop/ELD LAB/Lab2_hw/Lab2_hw.sim/sim_1/behav/xsim'
"xelab -wto ff3ba823ef6248478ba092a07f09e293 --incr --debug typical --relax --mt 2 -L xil_defaultlib -L unisims_ver -L unimacro_ver -L secureip --snapshot tbhw_behav xil_defaultlib.tbhw xil_defaultlib.glbl -log elaborate.log"
Vivado Simulator 2019.1
Copyright 1986-1999, 2001-2019 Xilinx, Inc. All Rights Reserved.
Running: C:/Xilinx/Vivado/2019.1/bin/unwrapped/win64.o/xelab.exe -wto ff3ba823ef6248478ba092a07f09e293 --incr --debug typical --relax --mt 2 -L xil_defaultlib -L unisims_ver -L unimacro_ver -L secureip --snapshot tbhw_behav xil_defaultlib.tbhw xil_defaultlib.glbl -log elaborate.log 
Using 2 slave threads.
Starting static elaboration
Completed static elaboration
Starting simulation data flow analysis
Completed simulation data flow analysis
Time Resolution for simulation is 1ps
Compiling module xil_defaultlib.counter_8bit
Compiling module xil_defaultlib.tbhw
Compiling module xil_defaultlib.glbl
Built simulation snapshot tbhw_behav

****** Webtalk v2019.1 (64-bit)
  **** SW Build 2552052 on Fri May 24 14:49:42 MDT 2019
  **** IP Build 2548770 on Fri May 24 18:01:18 MDT 2019
    ** Copyright 1986-2019 Xilinx, Inc. All Rights Reserved.

source C:/Users/User/Desktop/ELD -notrace
couldn't read file "C:/Users/User/Desktop/ELD": permission denied
INFO: [Common 17-206] Exiting Webtalk at Thu Aug 28 08:09:42 2025...
run_program: Time (s): cpu = 00:00:02 ; elapsed = 00:00:17 . Memory (MB): peak = 826.766 ; gain = 0.000
INFO: [USF-XSim-69] 'elaborate' step finished in '18' seconds
INFO: [USF-XSim-4] XSim::Simulate design
INFO: [USF-XSim-61] Executing 'SIMULATE' step in 'C:/Users/User/Desktop/ELD LAB/Lab2_hw/Lab2_hw.sim/sim_1/behav/xsim'
INFO: [USF-XSim-98] *** Running xsim
   with args "tbhw_behav -key {Behavioral:sim_1:Functional:tbhw} -tclbatch {tbhw.tcl} -log {simulate.log}"
INFO: [USF-XSim-8] Loading simulator feature
Vivado Simulator 2019.1
Time resolution is 1 ps
source tbhw.tcl
# set curr_wave [current_wave_config]
# if { [string length $curr_wave] == 0 } {
#   if { [llength [get_objects]] > 0} {
#     add_wave /
#     set_property needs_save false [current_wave_config]
#   } else {
#      send_msg_id Add_Wave-1 WARNING "No top level signals found. Simulator will start without a wave window. If you want to open a wave window go to 'File->New Waveform Configuration' or type 'create_wave_config' in the TCL console."
#   }
# }
# run 1000ns
INFO: [USF-XSim-96] XSim completed. Design snapshot 'tbhw_behav' loaded.
INFO: [USF-XSim-97] XSim simulation ran for 1000ns
launch_simulation: Time (s): cpu = 00:00:13 ; elapsed = 00:00:27 . Memory (MB): peak = 853.418 ; gain = 26.652
run 10 us
$stop called at time : 2520 ns : File "C:/Users/User/Desktop/ELD LAB/Lab2_hw/Lab2_hw.srcs/sim_1/new/tbhw.v" Line 52
close_sim
INFO: [Simtcl 6-16] Simulation closed
close_sim: Time (s): cpu = 00:00:05 ; elapsed = 00:00:12 . Memory (MB): peak = 938.223 ; gain = 11.555
exit
INFO: [Common 17-206] Exiting Vivado at Thu Aug 28 08:22:43 2025...
