#-----------------------------------------------------------
# Vivado v2019.1 (64-bit)
# SW Build 2552052 on Fri May 24 14:49:42 MDT 2019
# IP Build 2548770 on Fri May 24 18:01:18 MDT 2019
# Start of session at: Tue Sep  2 10:07:27 2025
# Process ID: 12068
# Current directory: C:/Users/User/Desktop/ELD LAB/Lab2_hw
# Command line: vivado.exe -gui_launcher_event rodinguilauncherevent15304 C:\Users\User\Desktop\ELD LAB\Lab2_hw\Lab2_hw.xpr
# Log file: C:/Users/User/Desktop/ELD LAB/Lab2_hw/vivado.log
# Journal file: C:/Users/User/Desktop/ELD LAB/Lab2_hw\vivado.jou
#-----------------------------------------------------------
start_gui
open_project {C:/Users/User/Desktop/ELD LAB/Lab2_hw/Lab2_hw.xpr}
Scanning sources...
Finished scanning sources
INFO: [IP_Flow 19-234] Refreshing IP repositories
INFO: [IP_Flow 19-1704] No user IP repositories specified
INFO: [IP_Flow 19-2313] Loaded Vivado IP repository 'C:/Xilinx/Vivado/2019.1/data/ip'.
open_project: Time (s): cpu = 00:00:20 ; elapsed = 00:00:10 . Memory (MB): peak = 810.570 ; gain = 156.059
update_compile_order -fileset sources_1
close [ open {C:/Users/User/Desktop/ELD LAB/Lab2_hw/Lab2_hw.srcs/sources_1/new/clk_div_rtl.v} w ]
add_files {{C:/Users/User/Desktop/ELD LAB/Lab2_hw/Lab2_hw.srcs/sources_1/new/clk_div_rtl.v}}
close [ open {C:/Users/User/Desktop/ELD LAB/Lab2_hw/Lab2_hw.srcs/sources_1/new/top_counter.v} w ]
add_files {{C:/Users/User/Desktop/ELD LAB/Lab2_hw/Lab2_hw.srcs/sources_1/new/top_counter.v}}
update_compile_order -fileset sources_1
export_ip_user_files -of_objects  [get_files {{C:/Users/User/Desktop/ELD LAB/Lab2_hw/Lab2_hw.srcs/sources_1/new/top_counter.v}}] -no_script -reset -force -quiet
remove_files  {{C:/Users/User/Desktop/ELD LAB/Lab2_hw/Lab2_hw.srcs/sources_1/new/top_counter.v}}
exit
INFO: [Common 17-206] Exiting Vivado at Tue Sep  2 19:00:55 2025...
