21:39:29 INFO  : Registering command handlers for SDK TCF services
21:39:30 INFO  : Launching XSCT server: xsct.bat -interactive C:\Users\User\Desktop\ELD_LAB\LAB_8_hw\LAB_8_hw.sdk\temp_xsdb_launch_script.tcl
21:39:36 INFO  : XSCT server has started successfully.
21:39:44 INFO  : Successfully done setting XSCT server connection channel  
21:39:44 INFO  : Processing command line option -hwspec C:/Users/User/Desktop/ELD_LAB/LAB_8_hw/LAB_8_hw.sdk/bd_wrapper.hdf.
21:39:44 INFO  : Successfully done setting SDK workspace  
21:42:47 INFO  : Refreshed build settings on project fft_8
22:06:22 INFO  : Connected through redirection to target on host '192.168.226.142' and port '65185'.
22:06:24 INFO  : Jtag cable 'Digilent Zybo Z7 210351A7817DA' is selected.
22:06:24 INFO  : 'jtag frequency' command is executed.
22:06:24 INFO  : Sourcing of 'C:/Users/User/Desktop/ELD_LAB/LAB_8_hw/LAB_8_hw.sdk/bd_wrapper_hw_platform_0/ps7_init.tcl' is done.
22:06:24 INFO  : Context for 'APU' is selected.
22:06:24 INFO  : Hardware design information is loaded from 'C:/Users/User/Desktop/ELD_LAB/LAB_8_hw/LAB_8_hw.sdk/bd_wrapper_hw_platform_0/system.hdf'.
22:06:24 INFO  : 'configparams force-mem-access 1' command is executed.
22:06:24 INFO  : Context for 'APU' is selected.
22:06:24 INFO  : 'stop' command is executed.
22:06:28 INFO  : 'ps7_init' command is executed.
22:06:28 INFO  : 'ps7_post_config' command is executed.
22:06:28 INFO  : Context for processor 'ps7_cortexa9_0' is selected.
22:06:28 INFO  : Processor reset is completed for 'ps7_cortexa9_0'.
22:06:28 INFO  : Context for processor 'ps7_cortexa9_0' is selected.
22:06:29 INFO  : The application 'C:/Users/User/Desktop/ELD_LAB/LAB_8_hw/LAB_8_hw.sdk/fft_8/Debug/fft_8.elf' is downloaded to processor 'ps7_cortexa9_0'.
22:06:29 INFO  : 'configparams force-mem-access 0' command is executed.
22:06:29 INFO  : ----------------XSDB Script----------------
connect -path [list tcp::1534 tcp:192.168.226.142:65185]
source C:/Users/User/Desktop/ELD_LAB/LAB_8_hw/LAB_8_hw.sdk/bd_wrapper_hw_platform_0/ps7_init.tcl
targets -set -nocase -filter {name =~"APU*" && jtag_cable_name =~ "Digilent Zybo Z7 210351A7817DA"} -index 0
loadhw -hw C:/Users/User/Desktop/ELD_LAB/LAB_8_hw/LAB_8_hw.sdk/bd_wrapper_hw_platform_0/system.hdf -mem-ranges [list {0x40000000 0xbfffffff}]
configparams force-mem-access 1
targets -set -nocase -filter {name =~"APU*" && jtag_cable_name =~ "Digilent Zybo Z7 210351A7817DA"} -index 0
stop
ps7_init
ps7_post_config
targets -set -nocase -filter {name =~ "ARM*#0" && jtag_cable_name =~ "Digilent Zybo Z7 210351A7817DA"} -index 0
rst -processor
targets -set -nocase -filter {name =~ "ARM*#0" && jtag_cable_name =~ "Digilent Zybo Z7 210351A7817DA"} -index 0
dow C:/Users/User/Desktop/ELD_LAB/LAB_8_hw/LAB_8_hw.sdk/fft_8/Debug/fft_8.elf
configparams force-mem-access 0
----------------End of Script----------------

22:06:29 INFO  : Context for processor 'ps7_cortexa9_0' is selected.
22:06:29 INFO  : 'con' command is executed.
22:06:29 INFO  : ----------------XSDB Script (After Launch)----------------
targets -set -nocase -filter {name =~ "ARM*#0" && jtag_cable_name =~ "Digilent Zybo Z7 210351A7817DA"} -index 0
con
----------------End of Script----------------

22:06:29 INFO  : Launch script is exported to file 'C:\Users\User\Desktop\ELD_LAB\LAB_8_hw\LAB_8_hw.sdk\.sdk\launch_scripts\xilinx_c-c++_application_(system_debugger)\system_debugger_using_debug_fft_8.elf_on_zybo.tcl'
22:09:59 INFO  : Disconnected from the channel tcfchan#1.
22:10:00 INFO  : Connected through redirection to target on host '192.168.226.142' and port '65185'.
22:10:00 INFO  : Jtag cable 'Digilent Zybo Z7 210351A7817DA' is selected.
22:10:00 INFO  : 'jtag frequency' command is executed.
22:10:00 INFO  : Sourcing of 'C:/Users/User/Desktop/ELD_LAB/LAB_8_hw/LAB_8_hw.sdk/bd_wrapper_hw_platform_0/ps7_init.tcl' is done.
22:10:00 INFO  : Context for 'APU' is selected.
22:10:02 INFO  : Hardware design information is loaded from 'C:/Users/User/Desktop/ELD_LAB/LAB_8_hw/LAB_8_hw.sdk/bd_wrapper_hw_platform_0/system.hdf'.
22:10:02 INFO  : 'configparams force-mem-access 1' command is executed.
22:10:02 INFO  : Context for 'APU' is selected.
22:10:02 INFO  : 'stop' command is executed.
22:10:07 INFO  : 'ps7_init' command is executed.
22:10:07 INFO  : 'ps7_post_config' command is executed.
22:10:07 INFO  : Context for processor 'ps7_cortexa9_0' is selected.
22:10:07 INFO  : Processor reset is completed for 'ps7_cortexa9_0'.
22:10:08 INFO  : Context for processor 'ps7_cortexa9_0' is selected.
22:10:08 INFO  : The application 'C:/Users/User/Desktop/ELD_LAB/LAB_8_hw/LAB_8_hw.sdk/fft_8/Debug/fft_8.elf' is downloaded to processor 'ps7_cortexa9_0'.
22:10:08 INFO  : 'configparams force-mem-access 0' command is executed.
22:10:08 INFO  : ----------------XSDB Script----------------
connect -path [list tcp::1534 tcp:192.168.226.142:65185]
source C:/Users/User/Desktop/ELD_LAB/LAB_8_hw/LAB_8_hw.sdk/bd_wrapper_hw_platform_0/ps7_init.tcl
targets -set -nocase -filter {name =~"APU*" && jtag_cable_name =~ "Digilent Zybo Z7 210351A7817DA"} -index 0
loadhw -hw C:/Users/User/Desktop/ELD_LAB/LAB_8_hw/LAB_8_hw.sdk/bd_wrapper_hw_platform_0/system.hdf -mem-ranges [list {0x40000000 0xbfffffff}]
configparams force-mem-access 1
targets -set -nocase -filter {name =~"APU*" && jtag_cable_name =~ "Digilent Zybo Z7 210351A7817DA"} -index 0
stop
ps7_init
ps7_post_config
targets -set -nocase -filter {name =~ "ARM*#0" && jtag_cable_name =~ "Digilent Zybo Z7 210351A7817DA"} -index 0
rst -processor
targets -set -nocase -filter {name =~ "ARM*#0" && jtag_cable_name =~ "Digilent Zybo Z7 210351A7817DA"} -index 0
dow C:/Users/User/Desktop/ELD_LAB/LAB_8_hw/LAB_8_hw.sdk/fft_8/Debug/fft_8.elf
configparams force-mem-access 0
----------------End of Script----------------

22:10:08 INFO  : Context for processor 'ps7_cortexa9_0' is selected.
22:10:08 INFO  : 'con' command is executed.
22:10:08 INFO  : ----------------XSDB Script (After Launch)----------------
targets -set -nocase -filter {name =~ "ARM*#0" && jtag_cable_name =~ "Digilent Zybo Z7 210351A7817DA"} -index 0
con
----------------End of Script----------------

22:10:08 INFO  : Launch script is exported to file 'C:\Users\User\Desktop\ELD_LAB\LAB_8_hw\LAB_8_hw.sdk\.sdk\launch_scripts\xilinx_c-c++_application_(system_debugger)\system_debugger_using_debug_fft_8.elf_on_zybo.tcl'
22:11:24 INFO  : Disconnected from the channel tcfchan#2.
22:11:26 INFO  : Connected through redirection to target on host '192.168.226.142' and port '65185'.
22:11:26 INFO  : Jtag cable 'Digilent Zybo Z7 210351A7817DA' is selected.
22:11:26 INFO  : 'jtag frequency' command is executed.
22:11:26 INFO  : Sourcing of 'C:/Users/User/Desktop/ELD_LAB/LAB_8_hw/LAB_8_hw.sdk/bd_wrapper_hw_platform_0/ps7_init.tcl' is done.
22:11:26 INFO  : Context for 'APU' is selected.
22:11:29 INFO  : Hardware design information is loaded from 'C:/Users/User/Desktop/ELD_LAB/LAB_8_hw/LAB_8_hw.sdk/bd_wrapper_hw_platform_0/system.hdf'.
22:11:29 INFO  : 'configparams force-mem-access 1' command is executed.
22:11:29 INFO  : Context for 'APU' is selected.
22:11:29 INFO  : 'stop' command is executed.
22:11:33 INFO  : 'ps7_init' command is executed.
22:11:33 INFO  : 'ps7_post_config' command is executed.
22:11:33 INFO  : Context for processor 'ps7_cortexa9_0' is selected.
22:11:33 INFO  : Processor reset is completed for 'ps7_cortexa9_0'.
22:11:33 INFO  : Context for processor 'ps7_cortexa9_0' is selected.
22:11:34 INFO  : The application 'C:/Users/User/Desktop/ELD_LAB/LAB_8_hw/LAB_8_hw.sdk/fft_8/Debug/fft_8.elf' is downloaded to processor 'ps7_cortexa9_0'.
22:11:34 INFO  : 'configparams force-mem-access 0' command is executed.
22:11:34 INFO  : ----------------XSDB Script----------------
connect -path [list tcp::1534 tcp:192.168.226.142:65185]
source C:/Users/User/Desktop/ELD_LAB/LAB_8_hw/LAB_8_hw.sdk/bd_wrapper_hw_platform_0/ps7_init.tcl
targets -set -nocase -filter {name =~"APU*" && jtag_cable_name =~ "Digilent Zybo Z7 210351A7817DA"} -index 0
loadhw -hw C:/Users/User/Desktop/ELD_LAB/LAB_8_hw/LAB_8_hw.sdk/bd_wrapper_hw_platform_0/system.hdf -mem-ranges [list {0x40000000 0xbfffffff}]
configparams force-mem-access 1
targets -set -nocase -filter {name =~"APU*" && jtag_cable_name =~ "Digilent Zybo Z7 210351A7817DA"} -index 0
stop
ps7_init
ps7_post_config
targets -set -nocase -filter {name =~ "ARM*#0" && jtag_cable_name =~ "Digilent Zybo Z7 210351A7817DA"} -index 0
rst -processor
targets -set -nocase -filter {name =~ "ARM*#0" && jtag_cable_name =~ "Digilent Zybo Z7 210351A7817DA"} -index 0
dow C:/Users/User/Desktop/ELD_LAB/LAB_8_hw/LAB_8_hw.sdk/fft_8/Debug/fft_8.elf
configparams force-mem-access 0
----------------End of Script----------------

22:11:34 INFO  : Context for processor 'ps7_cortexa9_0' is selected.
22:11:34 INFO  : 'con' command is executed.
22:11:34 INFO  : ----------------XSDB Script (After Launch)----------------
targets -set -nocase -filter {name =~ "ARM*#0" && jtag_cable_name =~ "Digilent Zybo Z7 210351A7817DA"} -index 0
con
----------------End of Script----------------

22:11:34 INFO  : Launch script is exported to file 'C:\Users\User\Desktop\ELD_LAB\LAB_8_hw\LAB_8_hw.sdk\.sdk\launch_scripts\xilinx_c-c++_application_(system_debugger)\system_debugger_using_debug_fft_8.elf_on_zybo.tcl'
22:12:54 INFO  : Disconnected from the channel tcfchan#3.
22:12:55 INFO  : Connected through redirection to target on host '192.168.226.142' and port '65185'.
22:12:56 INFO  : Jtag cable 'Digilent Zybo Z7 210351A7817DA' is selected.
22:12:56 INFO  : 'jtag frequency' command is executed.
22:12:56 INFO  : Sourcing of 'C:/Users/User/Desktop/ELD_LAB/LAB_8_hw/LAB_8_hw.sdk/bd_wrapper_hw_platform_0/ps7_init.tcl' is done.
22:12:56 INFO  : Context for 'APU' is selected.
22:12:58 INFO  : Hardware design information is loaded from 'C:/Users/User/Desktop/ELD_LAB/LAB_8_hw/LAB_8_hw.sdk/bd_wrapper_hw_platform_0/system.hdf'.
22:12:58 INFO  : 'configparams force-mem-access 1' command is executed.
22:12:58 INFO  : Context for 'APU' is selected.
22:12:59 INFO  : 'stop' command is executed.
22:13:02 INFO  : 'ps7_init' command is executed.
22:13:03 INFO  : 'ps7_post_config' command is executed.
22:13:03 INFO  : Context for processor 'ps7_cortexa9_0' is selected.
22:13:03 INFO  : Processor reset is completed for 'ps7_cortexa9_0'.
22:13:03 INFO  : Context for processor 'ps7_cortexa9_0' is selected.
22:13:03 INFO  : The application 'C:/Users/User/Desktop/ELD_LAB/LAB_8_hw/LAB_8_hw.sdk/fft_8/Debug/fft_8.elf' is downloaded to processor 'ps7_cortexa9_0'.
22:13:03 INFO  : 'configparams force-mem-access 0' command is executed.
22:13:03 INFO  : ----------------XSDB Script----------------
connect -path [list tcp::1534 tcp:192.168.226.142:65185]
source C:/Users/User/Desktop/ELD_LAB/LAB_8_hw/LAB_8_hw.sdk/bd_wrapper_hw_platform_0/ps7_init.tcl
targets -set -nocase -filter {name =~"APU*" && jtag_cable_name =~ "Digilent Zybo Z7 210351A7817DA"} -index 0
loadhw -hw C:/Users/User/Desktop/ELD_LAB/LAB_8_hw/LAB_8_hw.sdk/bd_wrapper_hw_platform_0/system.hdf -mem-ranges [list {0x40000000 0xbfffffff}]
configparams force-mem-access 1
targets -set -nocase -filter {name =~"APU*" && jtag_cable_name =~ "Digilent Zybo Z7 210351A7817DA"} -index 0
stop
ps7_init
ps7_post_config
targets -set -nocase -filter {name =~ "ARM*#0" && jtag_cable_name =~ "Digilent Zybo Z7 210351A7817DA"} -index 0
rst -processor
targets -set -nocase -filter {name =~ "ARM*#0" && jtag_cable_name =~ "Digilent Zybo Z7 210351A7817DA"} -index 0
dow C:/Users/User/Desktop/ELD_LAB/LAB_8_hw/LAB_8_hw.sdk/fft_8/Debug/fft_8.elf
configparams force-mem-access 0
----------------End of Script----------------

22:13:03 INFO  : Context for processor 'ps7_cortexa9_0' is selected.
22:13:03 INFO  : 'con' command is executed.
22:13:03 INFO  : ----------------XSDB Script (After Launch)----------------
targets -set -nocase -filter {name =~ "ARM*#0" && jtag_cable_name =~ "Digilent Zybo Z7 210351A7817DA"} -index 0
con
----------------End of Script----------------

22:13:03 INFO  : Launch script is exported to file 'C:\Users\User\Desktop\ELD_LAB\LAB_8_hw\LAB_8_hw.sdk\.sdk\launch_scripts\xilinx_c-c++_application_(system_debugger)\system_debugger_using_debug_fft_8.elf_on_zybo.tcl'
22:15:07 WARN  : channel "tcfchan#4" closed
22:19:15 INFO  : Connected through redirection to target on host '192.168.226.142' and port '61497'.
22:19:17 INFO  : Jtag cable 'Digilent Zybo Z7 210351A78181A' is selected.
22:19:17 INFO  : 'jtag frequency' command is executed.
22:19:17 INFO  : Sourcing of 'C:/Users/User/Desktop/ELD_LAB/LAB_8_hw/LAB_8_hw.sdk/bd_wrapper_hw_platform_0/ps7_init.tcl' is done.
22:19:18 INFO  : Context for 'APU' is selected.
22:19:19 INFO  : Hardware design information is loaded from 'C:/Users/User/Desktop/ELD_LAB/LAB_8_hw/LAB_8_hw.sdk/bd_wrapper_hw_platform_0/system.hdf'.
22:19:19 INFO  : 'configparams force-mem-access 1' command is executed.
22:19:20 INFO  : Context for 'APU' is selected.
22:19:20 INFO  : 'stop' command is executed.
22:19:28 INFO  : 'ps7_init' command is executed.
22:19:28 INFO  : 'ps7_post_config' command is executed.
22:19:28 INFO  : Context for processor 'ps7_cortexa9_0' is selected.
22:19:28 INFO  : Processor reset is completed for 'ps7_cortexa9_0'.
22:19:28 INFO  : Context for processor 'ps7_cortexa9_0' is selected.
22:19:29 INFO  : The application 'C:/Users/User/Desktop/ELD_LAB/LAB_8_hw/LAB_8_hw.sdk/fft_8/Debug/fft_8.elf' is downloaded to processor 'ps7_cortexa9_0'.
22:19:29 INFO  : 'configparams force-mem-access 0' command is executed.
22:19:29 INFO  : ----------------XSDB Script----------------
connect -path [list tcp::1534 tcp:192.168.226.142:61497]
source C:/Users/User/Desktop/ELD_LAB/LAB_8_hw/LAB_8_hw.sdk/bd_wrapper_hw_platform_0/ps7_init.tcl
targets -set -nocase -filter {name =~"APU*" && jtag_cable_name =~ "Digilent Zybo Z7 210351A78181A"} -index 0
loadhw -hw C:/Users/User/Desktop/ELD_LAB/LAB_8_hw/LAB_8_hw.sdk/bd_wrapper_hw_platform_0/system.hdf -mem-ranges [list {0x40000000 0xbfffffff}]
configparams force-mem-access 1
targets -set -nocase -filter {name =~"APU*" && jtag_cable_name =~ "Digilent Zybo Z7 210351A78181A"} -index 0
stop
ps7_init
ps7_post_config
targets -set -nocase -filter {name =~ "ARM*#0" && jtag_cable_name =~ "Digilent Zybo Z7 210351A78181A"} -index 0
rst -processor
targets -set -nocase -filter {name =~ "ARM*#0" && jtag_cable_name =~ "Digilent Zybo Z7 210351A78181A"} -index 0
dow C:/Users/User/Desktop/ELD_LAB/LAB_8_hw/LAB_8_hw.sdk/fft_8/Debug/fft_8.elf
configparams force-mem-access 0
----------------End of Script----------------

22:19:29 INFO  : Context for processor 'ps7_cortexa9_0' is selected.
22:19:29 INFO  : 'con' command is executed.
22:19:29 INFO  : ----------------XSDB Script (After Launch)----------------
targets -set -nocase -filter {name =~ "ARM*#0" && jtag_cable_name =~ "Digilent Zybo Z7 210351A78181A"} -index 0
con
----------------End of Script----------------

22:19:29 INFO  : Launch script is exported to file 'C:\Users\User\Desktop\ELD_LAB\LAB_8_hw\LAB_8_hw.sdk\.sdk\launch_scripts\xilinx_c-c++_application_(system_debugger)\system_debugger_using_debug_fft_8.elf_on_zybo.tcl'
22:24:22 INFO  : Disconnected from the channel tcfchan#5.
22:24:23 INFO  : Connected through redirection to target on host '192.168.226.142' and port '61497'.
22:24:23 INFO  : Jtag cable 'Digilent Zybo Z7 210351A78181A' is selected.
22:24:23 INFO  : 'jtag frequency' command is executed.
22:24:23 INFO  : Sourcing of 'C:/Users/User/Desktop/ELD_LAB/LAB_8_hw/LAB_8_hw.sdk/bd_wrapper_hw_platform_0/ps7_init.tcl' is done.
22:24:24 INFO  : Context for 'APU' is selected.
22:24:26 INFO  : Hardware design information is loaded from 'C:/Users/User/Desktop/ELD_LAB/LAB_8_hw/LAB_8_hw.sdk/bd_wrapper_hw_platform_0/system.hdf'.
22:24:26 INFO  : 'configparams force-mem-access 1' command is executed.
22:24:26 INFO  : Context for 'APU' is selected.
22:24:26 INFO  : 'stop' command is executed.
22:24:30 INFO  : 'ps7_init' command is executed.
22:24:30 INFO  : 'ps7_post_config' command is executed.
22:24:30 INFO  : Context for processor 'ps7_cortexa9_0' is selected.
22:24:30 INFO  : Processor reset is completed for 'ps7_cortexa9_0'.
22:24:30 INFO  : Context for processor 'ps7_cortexa9_0' is selected.
22:24:31 INFO  : The application 'C:/Users/User/Desktop/ELD_LAB/LAB_8_hw/LAB_8_hw.sdk/fft_8/Debug/fft_8.elf' is downloaded to processor 'ps7_cortexa9_0'.
22:24:31 INFO  : 'configparams force-mem-access 0' command is executed.
22:24:31 INFO  : ----------------XSDB Script----------------
connect -path [list tcp::1534 tcp:192.168.226.142:61497]
source C:/Users/User/Desktop/ELD_LAB/LAB_8_hw/LAB_8_hw.sdk/bd_wrapper_hw_platform_0/ps7_init.tcl
targets -set -nocase -filter {name =~"APU*" && jtag_cable_name =~ "Digilent Zybo Z7 210351A78181A"} -index 0
loadhw -hw C:/Users/User/Desktop/ELD_LAB/LAB_8_hw/LAB_8_hw.sdk/bd_wrapper_hw_platform_0/system.hdf -mem-ranges [list {0x40000000 0xbfffffff}]
configparams force-mem-access 1
targets -set -nocase -filter {name =~"APU*" && jtag_cable_name =~ "Digilent Zybo Z7 210351A78181A"} -index 0
stop
ps7_init
ps7_post_config
targets -set -nocase -filter {name =~ "ARM*#0" && jtag_cable_name =~ "Digilent Zybo Z7 210351A78181A"} -index 0
rst -processor
targets -set -nocase -filter {name =~ "ARM*#0" && jtag_cable_name =~ "Digilent Zybo Z7 210351A78181A"} -index 0
dow C:/Users/User/Desktop/ELD_LAB/LAB_8_hw/LAB_8_hw.sdk/fft_8/Debug/fft_8.elf
configparams force-mem-access 0
----------------End of Script----------------

22:24:31 INFO  : Context for processor 'ps7_cortexa9_0' is selected.
22:24:31 INFO  : 'con' command is executed.
22:24:31 INFO  : ----------------XSDB Script (After Launch)----------------
targets -set -nocase -filter {name =~ "ARM*#0" && jtag_cable_name =~ "Digilent Zybo Z7 210351A78181A"} -index 0
con
----------------End of Script----------------

22:24:31 INFO  : Launch script is exported to file 'C:\Users\User\Desktop\ELD_LAB\LAB_8_hw\LAB_8_hw.sdk\.sdk\launch_scripts\xilinx_c-c++_application_(system_debugger)\system_debugger_using_debug_fft_8.elf_on_zybo.tcl'
22:27:23 WARN  : channel "tcfchan#6" closed
19:12:26 INFO  : Launching XSCT server: xsct.bat -interactive C:\Users\User\Desktop\ELD_LAB\LAB_8_hw\LAB_8_hw.sdk\temp_xsdb_launch_script.tcl
19:12:26 INFO  : Registering command handlers for SDK TCF services
19:12:34 INFO  : XSCT server has started successfully.
19:12:42 INFO  : Successfully done setting XSCT server connection channel  
19:12:42 INFO  : Successfully done setting SDK workspace  
19:12:42 INFO  : Processing command line option -hwspec C:/Users/User/Desktop/ELD_LAB/LAB_8_hw/LAB_8_hw.sdk/bd_wrapper.hdf.
19:12:42 INFO  : Checking for hwspec changes in the project bd_wrapper_hw_platform_0.
19:15:25 INFO  : Registering command handlers for SDK TCF services
19:15:26 INFO  : Launching XSCT server: xsct.bat -interactive C:\Users\User\Desktop\ELD_LAB\LAB_8_hw\LAB_8_hw.sdk\temp_xsdb_launch_script.tcl
19:15:29 INFO  : XSCT server has started successfully.
19:15:29 INFO  : Successfully done setting XSCT server connection channel  
19:15:29 INFO  : Successfully done setting SDK workspace  
19:15:29 INFO  : Processing command line option -hwspec C:/Users/User/Desktop/ELD_LAB/LAB_8_hw/LAB_8_hw.sdk/bd_wrapper.hdf.
19:15:29 INFO  : Checking for hwspec changes in the project bd_wrapper_hw_platform_0.
19:15:34 INFO  : SDK has detected change in the last modified timestamps for source hardware specification file Source:1761227103339,  Project:1761149312015
19:15:34 INFO  : The hardware specification for project 'bd_wrapper_hw_platform_0' is different from C:/Users/User/Desktop/ELD_LAB/LAB_8_hw/LAB_8_hw.sdk/bd_wrapper.hdf.
19:15:35 INFO  : Copied contents of C:/Users/User/Desktop/ELD_LAB/LAB_8_hw/LAB_8_hw.sdk/bd_wrapper.hdf into \bd_wrapper_hw_platform_0\system.hdf.
19:15:38 INFO  : Synchronizing projects in the workspace with the hardware platform specification changes.
19:15:42 INFO  : 
19:15:43 INFO  : Updating hardware inferred compiler options for fft_8.
19:15:43 INFO  : Clearing existing target manager status.
19:22:07 INFO  : Connected through redirection to target on host '192.168.226.142' and port '65295'.
19:22:09 INFO  : Jtag cable 'Digilent Zybo Z7 210351A78181A' is selected.
19:22:09 INFO  : 'jtag frequency' command is executed.
19:22:09 INFO  : Sourcing of 'C:/Users/User/Desktop/ELD_LAB/LAB_8_hw/LAB_8_hw.sdk/bd_wrapper_hw_platform_0/ps7_init.tcl' is done.
19:22:09 INFO  : Context for 'APU' is selected.
19:22:09 INFO  : Hardware design information is loaded from 'C:/Users/User/Desktop/ELD_LAB/LAB_8_hw/LAB_8_hw.sdk/bd_wrapper_hw_platform_0/system.hdf'.
19:22:09 INFO  : 'configparams force-mem-access 1' command is executed.
19:22:09 INFO  : Context for 'APU' is selected.
19:22:09 INFO  : 'stop' command is executed.
19:22:14 INFO  : 'ps7_init' command is executed.
19:22:14 INFO  : 'ps7_post_config' command is executed.
19:22:14 INFO  : Context for processor 'ps7_cortexa9_0' is selected.
19:22:14 INFO  : Processor reset is completed for 'ps7_cortexa9_0'.
19:22:14 INFO  : Context for processor 'ps7_cortexa9_0' is selected.
19:22:14 INFO  : The application 'C:/Users/User/Desktop/ELD_LAB/LAB_8_hw/LAB_8_hw.sdk/fft_8/Debug/fft_8.elf' is downloaded to processor 'ps7_cortexa9_0'.
19:22:14 INFO  : 'configparams force-mem-access 0' command is executed.
19:22:14 INFO  : ----------------XSDB Script----------------
connect -path [list tcp::1534 tcp:192.168.226.142:65295]
source C:/Users/User/Desktop/ELD_LAB/LAB_8_hw/LAB_8_hw.sdk/bd_wrapper_hw_platform_0/ps7_init.tcl
targets -set -nocase -filter {name =~"APU*" && jtag_cable_name =~ "Digilent Zybo Z7 210351A78181A"} -index 0
loadhw -hw C:/Users/User/Desktop/ELD_LAB/LAB_8_hw/LAB_8_hw.sdk/bd_wrapper_hw_platform_0/system.hdf -mem-ranges [list {0x40000000 0xbfffffff}]
configparams force-mem-access 1
targets -set -nocase -filter {name =~"APU*" && jtag_cable_name =~ "Digilent Zybo Z7 210351A78181A"} -index 0
stop
ps7_init
ps7_post_config
targets -set -nocase -filter {name =~ "ARM*#0" && jtag_cable_name =~ "Digilent Zybo Z7 210351A78181A"} -index 0
rst -processor
targets -set -nocase -filter {name =~ "ARM*#0" && jtag_cable_name =~ "Digilent Zybo Z7 210351A78181A"} -index 0
dow C:/Users/User/Desktop/ELD_LAB/LAB_8_hw/LAB_8_hw.sdk/fft_8/Debug/fft_8.elf
configparams force-mem-access 0
----------------End of Script----------------

19:22:15 INFO  : Context for processor 'ps7_cortexa9_0' is selected.
19:22:15 INFO  : 'con' command is executed.
19:22:15 INFO  : ----------------XSDB Script (After Launch)----------------
targets -set -nocase -filter {name =~ "ARM*#0" && jtag_cable_name =~ "Digilent Zybo Z7 210351A78181A"} -index 0
con
----------------End of Script----------------

19:22:15 INFO  : Launch script is exported to file 'C:\Users\User\Desktop\ELD_LAB\LAB_8_hw\LAB_8_hw.sdk\.sdk\launch_scripts\xilinx_c-c++_application_(system_debugger)\system_debugger_using_debug_fft_8.elf_on_zybo.tcl'
19:24:55 INFO  : Disconnected from the channel tcfchan#1.
12:46:49 INFO  : Launching XSCT server: xsct.bat -interactive C:\Users\User\Desktop\ELD_LAB\LAB_8_hw\LAB_8_hw.sdk\temp_xsdb_launch_script.tcl
12:46:49 INFO  : Registering command handlers for SDK TCF services
12:46:56 INFO  : XSCT server has started successfully.
12:47:08 INFO  : Successfully done setting XSCT server connection channel  
12:47:08 INFO  : Processing command line option -hwspec C:/Users/User/Desktop/ELD_LAB/LAB_8_hw/LAB_8_hw.sdk/bd_wrapper.hdf.
12:47:08 INFO  : Successfully done setting SDK workspace  
12:47:08 INFO  : Checking for hwspec changes in the project bd_wrapper_hw_platform_0.
09:18:45 INFO  : Registering command handlers for SDK TCF services
09:18:46 INFO  : Launching XSCT server: xsct.bat -interactive C:\Users\User\Desktop\ELD_LAB\LAB_8_hw\LAB_8_hw.sdk\temp_xsdb_launch_script.tcl
09:18:50 INFO  : XSCT server has started successfully.
09:18:57 INFO  : Successfully done setting XSCT server connection channel  
09:18:57 INFO  : Processing command line option -hwspec C:/Users/User/Desktop/ELD_LAB/LAB_8_hw/LAB_8_hw.sdk/bd_wrapper.hdf.
09:18:57 INFO  : Successfully done setting SDK workspace  
09:18:57 INFO  : Checking for hwspec changes in the project bd_wrapper_hw_platform_0.
09:31:18 INFO  : Connected through redirection to target on host '192.168.226.142' and port '52221'.
09:31:38 INFO  : ----------------XSDB Script----------------
connect -path [list tcp::1534 tcp:192.168.226.142:52221]
----------------End of Script----------------

09:32:49 INFO  : Connected through redirection to target on host '192.168.226.142' and port '52221'.
09:32:50 INFO  : Jtag cable 'Digilent Zybo Z7 210351A78149A' is selected.
09:32:50 INFO  : 'jtag frequency' command is executed.
09:32:50 INFO  : Sourcing of 'C:/Users/User/Desktop/ELD_LAB/LAB_8_hw/LAB_8_hw.sdk/bd_wrapper_hw_platform_0/ps7_init.tcl' is done.
09:32:50 INFO  : Context for 'APU' is selected.
09:32:50 INFO  : Hardware design information is loaded from 'C:/Users/User/Desktop/ELD_LAB/LAB_8_hw/LAB_8_hw.sdk/bd_wrapper_hw_platform_0/system.hdf'.
09:32:50 INFO  : 'configparams force-mem-access 1' command is executed.
09:32:50 INFO  : Context for 'APU' is selected.
09:32:50 INFO  : 'stop' command is executed.
09:32:54 INFO  : 'ps7_init' command is executed.
09:32:54 INFO  : 'ps7_post_config' command is executed.
09:32:54 INFO  : Context for processor 'ps7_cortexa9_0' is selected.
09:32:54 INFO  : Processor reset is completed for 'ps7_cortexa9_0'.
09:32:54 INFO  : Context for processor 'ps7_cortexa9_0' is selected.
09:32:54 INFO  : The application 'C:/Users/User/Desktop/ELD_LAB/LAB_8_hw/LAB_8_hw.sdk/fft_8/Debug/fft_8.elf' is downloaded to processor 'ps7_cortexa9_0'.
09:32:54 INFO  : 'configparams force-mem-access 0' command is executed.
09:32:54 INFO  : ----------------XSDB Script----------------
connect -path [list tcp::1534 tcp:192.168.226.142:52221]
source C:/Users/User/Desktop/ELD_LAB/LAB_8_hw/LAB_8_hw.sdk/bd_wrapper_hw_platform_0/ps7_init.tcl
targets -set -nocase -filter {name =~"APU*" && jtag_cable_name =~ "Digilent Zybo Z7 210351A78149A"} -index 0
loadhw -hw C:/Users/User/Desktop/ELD_LAB/LAB_8_hw/LAB_8_hw.sdk/bd_wrapper_hw_platform_0/system.hdf -mem-ranges [list {0x40000000 0xbfffffff}]
configparams force-mem-access 1
targets -set -nocase -filter {name =~"APU*" && jtag_cable_name =~ "Digilent Zybo Z7 210351A78149A"} -index 0
stop
ps7_init
ps7_post_config
targets -set -nocase -filter {name =~ "ARM*#0" && jtag_cable_name =~ "Digilent Zybo Z7 210351A78149A"} -index 0
rst -processor
targets -set -nocase -filter {name =~ "ARM*#0" && jtag_cable_name =~ "Digilent Zybo Z7 210351A78149A"} -index 0
dow C:/Users/User/Desktop/ELD_LAB/LAB_8_hw/LAB_8_hw.sdk/fft_8/Debug/fft_8.elf
configparams force-mem-access 0
----------------End of Script----------------

09:32:54 INFO  : Context for processor 'ps7_cortexa9_0' is selected.
09:32:55 INFO  : 'con' command is executed.
09:32:55 INFO  : ----------------XSDB Script (After Launch)----------------
targets -set -nocase -filter {name =~ "ARM*#0" && jtag_cable_name =~ "Digilent Zybo Z7 210351A78149A"} -index 0
con
----------------End of Script----------------

09:32:55 INFO  : Launch script is exported to file 'C:\Users\User\Desktop\ELD_LAB\LAB_8_hw\LAB_8_hw.sdk\.sdk\launch_scripts\xilinx_c-c++_application_(system_debugger)\system_debugger_using_debug_fft_8.elf_on_zybo.tcl'
09:36:22 INFO  : Disconnected from the channel tcfchan#1.
09:36:23 INFO  : Connected through redirection to target on host '192.168.226.142' and port '52221'.
09:36:24 INFO  : Jtag cable 'Digilent Zybo Z7 210351A78149A' is selected.
09:36:24 INFO  : 'jtag frequency' command is executed.
09:36:24 INFO  : Sourcing of 'C:/Users/User/Desktop/ELD_LAB/LAB_8_hw/LAB_8_hw.sdk/bd_wrapper_hw_platform_0/ps7_init.tcl' is done.
09:36:24 INFO  : Context for 'APU' is selected.
09:36:27 INFO  : Hardware design information is loaded from 'C:/Users/User/Desktop/ELD_LAB/LAB_8_hw/LAB_8_hw.sdk/bd_wrapper_hw_platform_0/system.hdf'.
09:36:27 INFO  : 'configparams force-mem-access 1' command is executed.
09:36:27 INFO  : Context for 'APU' is selected.
09:36:27 INFO  : 'stop' command is executed.
09:36:30 INFO  : 'ps7_init' command is executed.
09:36:30 INFO  : 'ps7_post_config' command is executed.
09:36:30 INFO  : Context for processor 'ps7_cortexa9_0' is selected.
09:36:30 INFO  : Processor reset is completed for 'ps7_cortexa9_0'.
09:36:30 INFO  : Context for processor 'ps7_cortexa9_0' is selected.
09:36:31 INFO  : The application 'C:/Users/User/Desktop/ELD_LAB/LAB_8_hw/LAB_8_hw.sdk/fft_8/Debug/fft_8.elf' is downloaded to processor 'ps7_cortexa9_0'.
09:36:31 INFO  : 'configparams force-mem-access 0' command is executed.
09:36:31 INFO  : ----------------XSDB Script----------------
connect -path [list tcp::1534 tcp:192.168.226.142:52221]
source C:/Users/User/Desktop/ELD_LAB/LAB_8_hw/LAB_8_hw.sdk/bd_wrapper_hw_platform_0/ps7_init.tcl
targets -set -nocase -filter {name =~"APU*" && jtag_cable_name =~ "Digilent Zybo Z7 210351A78149A"} -index 0
loadhw -hw C:/Users/User/Desktop/ELD_LAB/LAB_8_hw/LAB_8_hw.sdk/bd_wrapper_hw_platform_0/system.hdf -mem-ranges [list {0x40000000 0xbfffffff}]
configparams force-mem-access 1
targets -set -nocase -filter {name =~"APU*" && jtag_cable_name =~ "Digilent Zybo Z7 210351A78149A"} -index 0
stop
ps7_init
ps7_post_config
targets -set -nocase -filter {name =~ "ARM*#0" && jtag_cable_name =~ "Digilent Zybo Z7 210351A78149A"} -index 0
rst -processor
targets -set -nocase -filter {name =~ "ARM*#0" && jtag_cable_name =~ "Digilent Zybo Z7 210351A78149A"} -index 0
dow C:/Users/User/Desktop/ELD_LAB/LAB_8_hw/LAB_8_hw.sdk/fft_8/Debug/fft_8.elf
configparams force-mem-access 0
----------------End of Script----------------

09:36:31 INFO  : Context for processor 'ps7_cortexa9_0' is selected.
09:36:31 INFO  : 'con' command is executed.
09:36:31 INFO  : ----------------XSDB Script (After Launch)----------------
targets -set -nocase -filter {name =~ "ARM*#0" && jtag_cable_name =~ "Digilent Zybo Z7 210351A78149A"} -index 0
con
----------------End of Script----------------

09:36:31 INFO  : Launch script is exported to file 'C:\Users\User\Desktop\ELD_LAB\LAB_8_hw\LAB_8_hw.sdk\.sdk\launch_scripts\xilinx_c-c++_application_(system_debugger)\system_debugger_using_debug_fft_8.elf_on_zybo.tcl'
09:45:09 WARN  : channel "tcfchan#2" closed
