#-----------------------------------------------------------
# Vivado v2019.1 (64-bit)
# SW Build 2552052 on Fri May 24 14:49:42 MDT 2019
# IP Build 2548770 on Fri May 24 18:01:18 MDT 2019
# Start of session at: Tue Oct 14 10:05:06 2025
# Process ID: 6848
# Current directory: C:/Users/User/Desktop/ELD_LAB/LAB_8
# Command line: vivado.exe -gui_launcher_event rodinguilauncherevent5048 C:\Users\User\Desktop\ELD_LAB\LAB_8\LAB_8.xpr
# Log file: C:/Users/User/Desktop/ELD_LAB/LAB_8/vivado.log
# Journal file: C:/Users/User/Desktop/ELD_LAB/LAB_8\vivado.jou
#-----------------------------------------------------------
start_gui
open_project C:/Users/User/Desktop/ELD_LAB/LAB_8/LAB_8.xpr
INFO: [Project 1-313] Project file moved from 'C:/Users/User/Desktop/ELD LAB/LAB_8' since last save.
Scanning sources...
Finished scanning sources
INFO: [IP_Flow 19-234] Refreshing IP repositories
INFO: [IP_Flow 19-1704] No user IP repositories specified
INFO: [IP_Flow 19-2313] Loaded Vivado IP repository 'C:/Xilinx/Vivado/2019.1/data/ip'.
open_project: Time (s): cpu = 00:00:31 ; elapsed = 00:00:15 . Memory (MB): peak = 851.746 ; gain = 222.133
update_compile_order -fileset sources_1
write_hwdef -force  -file C:/Users/User/Desktop/ELD_LAB/LAB_8/LAB_8.sdk/Lab_8bd_wrapper.hdf
launch_sdk -workspace C:/Users/User/Desktop/ELD_LAB/LAB_8/LAB_8.sdk -hwspec C:/Users/User/Desktop/ELD_LAB/LAB_8/LAB_8.sdk/Lab_8bd_wrapper.hdf
INFO: [Vivado 12-393] Launching SDK...
INFO: [Vivado 12-417] Running xsdk -workspace C:/Users/User/Desktop/ELD_LAB/LAB_8/LAB_8.sdk -hwspec C:/Users/User/Desktop/ELD_LAB/LAB_8/LAB_8.sdk/Lab_8bd_wrapper.hdf
INFO: [Vivado 12-3157] SDK launch initiated. Please check console for any further messages.
launch_sdk -workspace C:/Users/User/Desktop/ELD_LAB/LAB_8/LAB_8.sdk -hwspec C:/Users/User/Desktop/ELD_LAB/LAB_8/LAB_8.sdk/Lab_8bd_wrapper.hdf
INFO: [Vivado 12-393] Launching SDK...
INFO: [Vivado 12-417] Running xsdk -workspace C:/Users/User/Desktop/ELD_LAB/LAB_8/LAB_8.sdk -hwspec C:/Users/User/Desktop/ELD_LAB/LAB_8/LAB_8.sdk/Lab_8bd_wrapper.hdf
INFO: [Vivado 12-3157] SDK launch initiated. Please check console for any further messages.
exit
INFO: [Common 17-206] Exiting Vivado at Tue Oct 14 18:55:19 2025...
