21:36:11 INFO  : Registering command handlers for SDK TCF services
21:36:12 INFO  : Launching XSCT server: xsct.bat -interactive C:\Users\jites\eld_labs\ele_add_reciprocal\ele_add_reciprocal.sdk\temp_xsdb_launch_script.tcl
21:36:15 INFO  : XSCT server has started successfully.
21:36:18 INFO  : Successfully done setting XSCT server connection channel  
21:36:18 INFO  : Successfully done setting SDK workspace  
21:36:18 INFO  : Processing command line option -hwspec C:/Users/jites/eld_labs/ele_add_reciprocal/ele_add_reciprocal.sdk/design_1_wrapper.hdf.
21:39:41 INFO  : Refreshed build settings on project ele_add_reciprocal
21:52:27 INFO  : Connected through redirection to target on host '192.168.226.142' and port '62380'.
21:52:27 INFO  : Jtag cable 'Digilent Zed 210248493189' is selected.
21:52:27 INFO  : 'jtag frequency' command is executed.
21:52:27 INFO  : Sourcing of 'C:/Users/jites/eld_labs/ele_add_reciprocal/ele_add_reciprocal.sdk/design_1_wrapper_hw_platform_0/ps7_init.tcl' is done.
21:52:27 INFO  : Context for 'APU' is selected.
21:52:28 INFO  : System reset is completed.
21:52:31 INFO  : 'after 3000' command is executed.
21:52:31 INFO  : 'targets -set -filter {jtag_cable_name =~ "Digilent Zed 210248493189" && level==0} -index 1' command is executed.
21:52:33 INFO  : FPGA configured successfully with bitstream "C:/Users/jites/eld_labs/ele_add_reciprocal/ele_add_reciprocal.sdk/design_1_wrapper_hw_platform_0/design_1_wrapper.bit"
21:52:33 INFO  : Context for 'APU' is selected.
21:52:33 INFO  : Hardware design information is loaded from 'C:/Users/jites/eld_labs/ele_add_reciprocal/ele_add_reciprocal.sdk/design_1_wrapper_hw_platform_0/system.hdf'.
21:52:33 INFO  : 'configparams force-mem-access 1' command is executed.
21:52:33 INFO  : Context for 'APU' is selected.
21:52:38 INFO  : 'ps7_init' command is executed.
21:52:38 INFO  : 'ps7_post_config' command is executed.
21:52:39 INFO  : Context for processor 'ps7_cortexa9_0' is selected.
21:52:39 INFO  : The application 'C:/Users/jites/eld_labs/ele_add_reciprocal/ele_add_reciprocal.sdk/ele_add_reciprocal/Debug/ele_add_reciprocal.elf' is downloaded to processor 'ps7_cortexa9_0'.
21:52:39 INFO  : 'configparams force-mem-access 0' command is executed.
21:52:39 INFO  : ----------------XSDB Script----------------
connect -path [list tcp::1534 tcp:192.168.226.142:62380]
source C:/Users/jites/eld_labs/ele_add_reciprocal/ele_add_reciprocal.sdk/design_1_wrapper_hw_platform_0/ps7_init.tcl
targets -set -nocase -filter {name =~"APU*" && jtag_cable_name =~ "Digilent Zed 210248493189"} -index 0
rst -system
after 3000
targets -set -filter {jtag_cable_name =~ "Digilent Zed 210248493189" && level==0} -index 1
fpga -file C:/Users/jites/eld_labs/ele_add_reciprocal/ele_add_reciprocal.sdk/design_1_wrapper_hw_platform_0/design_1_wrapper.bit
targets -set -nocase -filter {name =~"APU*" && jtag_cable_name =~ "Digilent Zed 210248493189"} -index 0
loadhw -hw C:/Users/jites/eld_labs/ele_add_reciprocal/ele_add_reciprocal.sdk/design_1_wrapper_hw_platform_0/system.hdf -mem-ranges [list {0x40000000 0xbfffffff}]
configparams force-mem-access 1
targets -set -nocase -filter {name =~"APU*" && jtag_cable_name =~ "Digilent Zed 210248493189"} -index 0
ps7_init
ps7_post_config
targets -set -nocase -filter {name =~ "ARM*#0" && jtag_cable_name =~ "Digilent Zed 210248493189"} -index 0
dow C:/Users/jites/eld_labs/ele_add_reciprocal/ele_add_reciprocal.sdk/ele_add_reciprocal/Debug/ele_add_reciprocal.elf
configparams force-mem-access 0
----------------End of Script----------------

21:52:39 INFO  : Memory regions updated for context APU
21:52:40 INFO  : Context for processor 'ps7_cortexa9_0' is selected.
21:52:40 INFO  : 'con' command is executed.
21:52:40 INFO  : ----------------XSDB Script (After Launch)----------------
targets -set -nocase -filter {name =~ "ARM*#0" && jtag_cable_name =~ "Digilent Zed 210248493189"} -index 0
con
----------------End of Script----------------

21:52:40 INFO  : Launch script is exported to file 'C:\Users\jites\eld_labs\ele_add_reciprocal\ele_add_reciprocal.sdk\.sdk\launch_scripts\xilinx_c-c++_application_(system_debugger)\system_debugger_using_debug_ele_add_reciprocal.elf_on_asdf.tcl'
21:55:01 WARN  : channel "tcfchan#1" closed
22:00:49 INFO  : Connected through redirection to target on host '192.168.226.142' and port '49619'.
22:00:50 INFO  : ----------------XSDB Script----------------
connect -path [list tcp::1534 tcp:192.168.226.142:49619]
----------------End of Script----------------

22:01:30 WARN  : Couldn't find target with name: asdf
22:01:37 INFO  : Connected through redirection to target on host '192.168.226.142' and port '49619'.
22:01:37 INFO  : ----------------XSDB Script----------------
connect -path [list tcp::1534 tcp:192.168.226.142:49619]
----------------End of Script----------------

22:02:57 WARN  : Couldn't find target with name: dfg
22:03:04 INFO  : Connected through redirection to target on host '192.168.226.142' and port '49619'.
22:03:04 INFO  : ----------------XSDB Script----------------
connect -path [list tcp::1534 tcp:192.168.226.142:49619]
----------------End of Script----------------

22:04:03 INFO  : Connected through redirection to target on host '192.168.226.142' and port '63113'.
22:04:04 INFO  : Jtag cable 'Digilent Zed 210248722230' is selected.
22:04:04 INFO  : 'jtag frequency' command is executed.
22:04:04 INFO  : Sourcing of 'C:/Users/jites/eld_labs/ele_add_reciprocal/ele_add_reciprocal.sdk/design_1_wrapper_hw_platform_0/ps7_init.tcl' is done.
22:04:04 INFO  : Context for 'APU' is selected.
22:04:04 INFO  : System reset is completed.
22:04:07 INFO  : 'after 3000' command is executed.
22:04:07 INFO  : 'targets -set -filter {jtag_cable_name =~ "Digilent Zed 210248722230" && level==0} -index 1' command is executed.
22:04:10 INFO  : FPGA configured successfully with bitstream "C:/Users/jites/eld_labs/ele_add_reciprocal/ele_add_reciprocal.sdk/design_1_wrapper_hw_platform_0/design_1_wrapper.bit"
22:04:10 INFO  : Context for 'APU' is selected.
22:04:10 INFO  : Hardware design information is loaded from 'C:/Users/jites/eld_labs/ele_add_reciprocal/ele_add_reciprocal.sdk/design_1_wrapper_hw_platform_0/system.hdf'.
22:04:10 INFO  : 'configparams force-mem-access 1' command is executed.
22:04:10 INFO  : Context for 'APU' is selected.
22:04:15 INFO  : 'ps7_init' command is executed.
22:04:15 INFO  : 'ps7_post_config' command is executed.
22:04:15 INFO  : Context for processor 'ps7_cortexa9_0' is selected.
22:04:15 INFO  : The application 'C:/Users/jites/eld_labs/ele_add_reciprocal/ele_add_reciprocal.sdk/ele_add_reciprocal/Debug/ele_add_reciprocal.elf' is downloaded to processor 'ps7_cortexa9_0'.
22:04:15 INFO  : 'configparams force-mem-access 0' command is executed.
22:04:15 INFO  : ----------------XSDB Script----------------
connect -path [list tcp::1534 tcp:192.168.226.142:63113]
source C:/Users/jites/eld_labs/ele_add_reciprocal/ele_add_reciprocal.sdk/design_1_wrapper_hw_platform_0/ps7_init.tcl
targets -set -nocase -filter {name =~"APU*" && jtag_cable_name =~ "Digilent Zed 210248722230"} -index 0
rst -system
after 3000
targets -set -filter {jtag_cable_name =~ "Digilent Zed 210248722230" && level==0} -index 1
fpga -file C:/Users/jites/eld_labs/ele_add_reciprocal/ele_add_reciprocal.sdk/design_1_wrapper_hw_platform_0/design_1_wrapper.bit
targets -set -nocase -filter {name =~"APU*" && jtag_cable_name =~ "Digilent Zed 210248722230"} -index 0
loadhw -hw C:/Users/jites/eld_labs/ele_add_reciprocal/ele_add_reciprocal.sdk/design_1_wrapper_hw_platform_0/system.hdf -mem-ranges [list {0x40000000 0xbfffffff}]
configparams force-mem-access 1
targets -set -nocase -filter {name =~"APU*" && jtag_cable_name =~ "Digilent Zed 210248722230"} -index 0
ps7_init
ps7_post_config
targets -set -nocase -filter {name =~ "ARM*#0" && jtag_cable_name =~ "Digilent Zed 210248722230"} -index 0
dow C:/Users/jites/eld_labs/ele_add_reciprocal/ele_add_reciprocal.sdk/ele_add_reciprocal/Debug/ele_add_reciprocal.elf
configparams force-mem-access 0
----------------End of Script----------------

22:04:16 INFO  : Memory regions updated for context APU
22:04:16 INFO  : Context for processor 'ps7_cortexa9_0' is selected.
22:04:16 INFO  : 'con' command is executed.
22:04:16 INFO  : ----------------XSDB Script (After Launch)----------------
targets -set -nocase -filter {name =~ "ARM*#0" && jtag_cable_name =~ "Digilent Zed 210248722230"} -index 0
con
----------------End of Script----------------

22:04:16 INFO  : Launch script is exported to file 'C:\Users\jites\eld_labs\ele_add_reciprocal\ele_add_reciprocal.sdk\.sdk\launch_scripts\xilinx_c-c++_application_(system_debugger)\system_debugger_using_debug_ele_add_reciprocal.elf_on_asdf.tcl'
22:05:04 WARN  : channel "tcfchan#3" closed
22:06:49 WARN  : Couldn't find target with name: dfgh
22:06:54 INFO  : Connected through redirection to target on host '192.168.226.142' and port '60463'.
22:06:55 INFO  : Jtag cable 'Digilent Zed 210248722395' is selected.
22:06:55 INFO  : 'jtag frequency' command is executed.
22:06:55 INFO  : Sourcing of 'C:/Users/jites/eld_labs/ele_add_reciprocal/ele_add_reciprocal.sdk/design_1_wrapper_hw_platform_0/ps7_init.tcl' is done.
22:06:58 ERROR : no targets found with "name =~"APU*" && jtag_cable_name =~ "Digilent Zed 210248722395"". available targets:
  1  DAP (JTAG port open error. AP transaction error, DAP status 30000021)
  2  xc7z020
     3  Legacy Debug Hub
22:06:58 INFO  : ----------------XSDB Script----------------
connect -path [list tcp::1534 tcp:192.168.226.142:60463]
source C:/Users/jites/eld_labs/ele_add_reciprocal/ele_add_reciprocal.sdk/design_1_wrapper_hw_platform_0/ps7_init.tcl
targets -set -nocase -filter {name =~"APU*" && jtag_cable_name =~ "Digilent Zed 210248722395"} -index 0
----------------End of Script----------------

22:08:05 WARN  : Couldn't find target with name: hgvjb
22:08:18 INFO  : Connected through redirection to target on host '192.168.226.142' and port '62590'.
22:08:19 INFO  : Jtag cable 'Digilent Zed 210248A39791' is selected.
22:08:19 INFO  : 'jtag frequency' command is executed.
22:08:19 INFO  : Sourcing of 'C:/Users/jites/eld_labs/ele_add_reciprocal/ele_add_reciprocal.sdk/design_1_wrapper_hw_platform_0/ps7_init.tcl' is done.
22:08:19 INFO  : Context for 'APU' is selected.
22:08:19 INFO  : System reset is completed.
22:08:22 INFO  : 'after 3000' command is executed.
22:08:22 INFO  : 'targets -set -filter {jtag_cable_name =~ "Digilent Zed 210248A39791" && level==0} -index 1' command is executed.
22:08:24 INFO  : FPGA configured successfully with bitstream "C:/Users/jites/eld_labs/ele_add_reciprocal/ele_add_reciprocal.sdk/design_1_wrapper_hw_platform_0/design_1_wrapper.bit"
22:08:25 INFO  : Context for 'APU' is selected.
22:08:25 INFO  : Hardware design information is loaded from 'C:/Users/jites/eld_labs/ele_add_reciprocal/ele_add_reciprocal.sdk/design_1_wrapper_hw_platform_0/system.hdf'.
22:08:25 INFO  : 'configparams force-mem-access 1' command is executed.
22:08:25 INFO  : Context for 'APU' is selected.
22:08:30 INFO  : 'ps7_init' command is executed.
22:08:30 INFO  : 'ps7_post_config' command is executed.
22:08:30 INFO  : Context for processor 'ps7_cortexa9_0' is selected.
22:08:30 INFO  : The application 'C:/Users/jites/eld_labs/ele_add_reciprocal/ele_add_reciprocal.sdk/ele_add_reciprocal/Debug/ele_add_reciprocal.elf' is downloaded to processor 'ps7_cortexa9_0'.
22:08:30 INFO  : 'configparams force-mem-access 0' command is executed.
22:08:30 INFO  : ----------------XSDB Script----------------
connect -path [list tcp::1534 tcp:192.168.226.142:62590]
source C:/Users/jites/eld_labs/ele_add_reciprocal/ele_add_reciprocal.sdk/design_1_wrapper_hw_platform_0/ps7_init.tcl
targets -set -nocase -filter {name =~"APU*" && jtag_cable_name =~ "Digilent Zed 210248A39791"} -index 0
rst -system
after 3000
targets -set -filter {jtag_cable_name =~ "Digilent Zed 210248A39791" && level==0} -index 1
fpga -file C:/Users/jites/eld_labs/ele_add_reciprocal/ele_add_reciprocal.sdk/design_1_wrapper_hw_platform_0/design_1_wrapper.bit
targets -set -nocase -filter {name =~"APU*" && jtag_cable_name =~ "Digilent Zed 210248A39791"} -index 0
loadhw -hw C:/Users/jites/eld_labs/ele_add_reciprocal/ele_add_reciprocal.sdk/design_1_wrapper_hw_platform_0/system.hdf -mem-ranges [list {0x40000000 0xbfffffff}]
configparams force-mem-access 1
targets -set -nocase -filter {name =~"APU*" && jtag_cable_name =~ "Digilent Zed 210248A39791"} -index 0
ps7_init
ps7_post_config
targets -set -nocase -filter {name =~ "ARM*#0" && jtag_cable_name =~ "Digilent Zed 210248A39791"} -index 0
dow C:/Users/jites/eld_labs/ele_add_reciprocal/ele_add_reciprocal.sdk/ele_add_reciprocal/Debug/ele_add_reciprocal.elf
configparams force-mem-access 0
----------------End of Script----------------

22:08:31 INFO  : Memory regions updated for context APU
22:08:31 INFO  : Context for processor 'ps7_cortexa9_0' is selected.
22:08:31 INFO  : 'con' command is executed.
22:08:31 INFO  : ----------------XSDB Script (After Launch)----------------
targets -set -nocase -filter {name =~ "ARM*#0" && jtag_cable_name =~ "Digilent Zed 210248A39791"} -index 0
con
----------------End of Script----------------

22:08:31 INFO  : Launch script is exported to file 'C:\Users\jites\eld_labs\ele_add_reciprocal\ele_add_reciprocal.sdk\.sdk\launch_scripts\xilinx_c-c++_application_(system_debugger)\system_debugger_using_debug_ele_add_reciprocal.elf_on_sdfg.tcl'
22:10:00 WARN  : channel "tcfchan#5" closed
22:56:48 WARN  : Couldn't find target with name: sdfg
22:57:13 INFO  : Connected through redirection to target on host '192.168.226.142' and port '57934'.
22:57:14 INFO  : Jtag cable 'Digilent Zed 210248A39C83' is selected.
22:57:14 INFO  : 'jtag frequency' command is executed.
22:57:14 INFO  : Sourcing of 'C:/Users/jites/eld_labs/ele_add_reciprocal/ele_add_reciprocal.sdk/design_1_wrapper_hw_platform_0/ps7_init.tcl' is done.
22:57:14 INFO  : Context for 'APU' is selected.
22:57:15 INFO  : System reset is completed.
22:57:18 INFO  : 'after 3000' command is executed.
22:57:18 INFO  : 'targets -set -filter {jtag_cable_name =~ "Digilent Zed 210248A39C83" && level==0} -index 1' command is executed.
22:57:21 INFO  : FPGA configured successfully with bitstream "C:/Users/jites/eld_labs/ele_add_reciprocal/ele_add_reciprocal.sdk/design_1_wrapper_hw_platform_0/design_1_wrapper.bit"
22:57:21 INFO  : Context for 'APU' is selected.
22:57:21 INFO  : Hardware design information is loaded from 'C:/Users/jites/eld_labs/ele_add_reciprocal/ele_add_reciprocal.sdk/design_1_wrapper_hw_platform_0/system.hdf'.
22:57:21 INFO  : 'configparams force-mem-access 1' command is executed.
22:57:21 INFO  : Context for 'APU' is selected.
22:57:29 INFO  : 'ps7_init' command is executed.
22:57:29 INFO  : 'ps7_post_config' command is executed.
22:57:29 INFO  : Context for processor 'ps7_cortexa9_0' is selected.
22:57:29 INFO  : The application 'C:/Users/jites/eld_labs/ele_add_reciprocal/ele_add_reciprocal.sdk/ele_add_reciprocal/Debug/ele_add_reciprocal.elf' is downloaded to processor 'ps7_cortexa9_0'.
22:57:29 INFO  : 'configparams force-mem-access 0' command is executed.
22:57:29 INFO  : ----------------XSDB Script----------------
connect -path [list tcp::1534 tcp:192.168.226.142:57934]
source C:/Users/jites/eld_labs/ele_add_reciprocal/ele_add_reciprocal.sdk/design_1_wrapper_hw_platform_0/ps7_init.tcl
targets -set -nocase -filter {name =~"APU*" && jtag_cable_name =~ "Digilent Zed 210248A39C83"} -index 0
rst -system
after 3000
targets -set -filter {jtag_cable_name =~ "Digilent Zed 210248A39C83" && level==0} -index 1
fpga -file C:/Users/jites/eld_labs/ele_add_reciprocal/ele_add_reciprocal.sdk/design_1_wrapper_hw_platform_0/design_1_wrapper.bit
targets -set -nocase -filter {name =~"APU*" && jtag_cable_name =~ "Digilent Zed 210248A39C83"} -index 0
loadhw -hw C:/Users/jites/eld_labs/ele_add_reciprocal/ele_add_reciprocal.sdk/design_1_wrapper_hw_platform_0/system.hdf -mem-ranges [list {0x40000000 0xbfffffff}]
configparams force-mem-access 1
targets -set -nocase -filter {name =~"APU*" && jtag_cable_name =~ "Digilent Zed 210248A39C83"} -index 0
ps7_init
ps7_post_config
targets -set -nocase -filter {name =~ "ARM*#0" && jtag_cable_name =~ "Digilent Zed 210248A39C83"} -index 0
dow C:/Users/jites/eld_labs/ele_add_reciprocal/ele_add_reciprocal.sdk/ele_add_reciprocal/Debug/ele_add_reciprocal.elf
configparams force-mem-access 0
----------------End of Script----------------

22:57:29 INFO  : Memory regions updated for context APU
22:57:30 INFO  : Context for processor 'ps7_cortexa9_0' is selected.
22:57:30 INFO  : 'con' command is executed.
22:57:30 INFO  : ----------------XSDB Script (After Launch)----------------
targets -set -nocase -filter {name =~ "ARM*#0" && jtag_cable_name =~ "Digilent Zed 210248A39C83"} -index 0
con
----------------End of Script----------------

22:57:30 INFO  : Launch script is exported to file 'C:\Users\jites\eld_labs\ele_add_reciprocal\ele_add_reciprocal.sdk\.sdk\launch_scripts\xilinx_c-c++_application_(system_debugger)\system_debugger_using_debug_ele_add_reciprocal.elf_on_fghj.tcl'
23:00:10 WARN  : channel "tcfchan#6" closed
23:12:00 INFO  : Connected through redirection to target on host '192.168.226.142' and port '60203'.
23:12:10 INFO  : ----------------XSDB Script----------------
connect -path [list tcp::1534 tcp:192.168.226.142:60203]
----------------End of Script----------------

23:16:42 INFO  : Connected through redirection to target on host '192.168.226.142' and port '54761'.
23:16:42 INFO  : Jtag cable 'Digilent Zed 210248722395' is selected.
23:16:42 INFO  : 'jtag frequency' command is executed.
23:16:42 INFO  : Sourcing of 'C:/Users/jites/eld_labs/ele_add_reciprocal/ele_add_reciprocal.sdk/design_1_wrapper_hw_platform_0/ps7_init.tcl' is done.
23:16:46 ERROR : no targets found with "name =~"APU*" && jtag_cable_name =~ "Digilent Zed 210248722395"". available targets:
  1  DAP (JTAG port open error. AP transaction error, DAP status 30000021)
  2  xc7z020
     3  Legacy Debug Hub
23:16:46 INFO  : ----------------XSDB Script----------------
connect -path [list tcp::1534 tcp:192.168.226.142:54761]
source C:/Users/jites/eld_labs/ele_add_reciprocal/ele_add_reciprocal.sdk/design_1_wrapper_hw_platform_0/ps7_init.tcl
targets -set -nocase -filter {name =~"APU*" && jtag_cable_name =~ "Digilent Zed 210248722395"} -index 0
----------------End of Script----------------

23:21:52 INFO  : Connected through redirection to target on host '192.168.226.142' and port '57755'.
23:21:52 INFO  : Jtag cable 'Digilent Zed 210248722679' is selected.
23:21:52 INFO  : 'jtag frequency' command is executed.
23:21:52 INFO  : Sourcing of 'C:/Users/jites/eld_labs/ele_add_reciprocal/ele_add_reciprocal.sdk/design_1_wrapper_hw_platform_0/ps7_init.tcl' is done.
23:21:53 INFO  : Context for 'APU' is selected.
23:21:53 INFO  : System reset is completed.
23:21:56 INFO  : 'after 3000' command is executed.
23:21:56 INFO  : 'targets -set -filter {jtag_cable_name =~ "Digilent Zed 210248722679" && level==0} -index 1' command is executed.
23:21:58 INFO  : FPGA configured successfully with bitstream "C:/Users/jites/eld_labs/ele_add_reciprocal/ele_add_reciprocal.sdk/design_1_wrapper_hw_platform_0/design_1_wrapper.bit"
23:21:59 INFO  : Context for 'APU' is selected.
23:21:59 INFO  : Hardware design information is loaded from 'C:/Users/jites/eld_labs/ele_add_reciprocal/ele_add_reciprocal.sdk/design_1_wrapper_hw_platform_0/system.hdf'.
23:21:59 INFO  : 'configparams force-mem-access 1' command is executed.
23:21:59 INFO  : Context for 'APU' is selected.
23:22:05 INFO  : 'ps7_init' command is executed.
23:22:06 INFO  : 'ps7_post_config' command is executed.
23:22:06 INFO  : Context for processor 'ps7_cortexa9_0' is selected.
23:22:06 INFO  : The application 'C:/Users/jites/eld_labs/ele_add_reciprocal/ele_add_reciprocal.sdk/ele_add_reciprocal/Debug/ele_add_reciprocal.elf' is downloaded to processor 'ps7_cortexa9_0'.
23:22:06 INFO  : 'configparams force-mem-access 0' command is executed.
23:22:06 INFO  : ----------------XSDB Script----------------
connect -path [list tcp::1534 tcp:192.168.226.142:57755]
source C:/Users/jites/eld_labs/ele_add_reciprocal/ele_add_reciprocal.sdk/design_1_wrapper_hw_platform_0/ps7_init.tcl
targets -set -nocase -filter {name =~"APU*" && jtag_cable_name =~ "Digilent Zed 210248722679"} -index 0
rst -system
after 3000
targets -set -filter {jtag_cable_name =~ "Digilent Zed 210248722679" && level==0} -index 1
fpga -file C:/Users/jites/eld_labs/ele_add_reciprocal/ele_add_reciprocal.sdk/design_1_wrapper_hw_platform_0/design_1_wrapper.bit
targets -set -nocase -filter {name =~"APU*" && jtag_cable_name =~ "Digilent Zed 210248722679"} -index 0
loadhw -hw C:/Users/jites/eld_labs/ele_add_reciprocal/ele_add_reciprocal.sdk/design_1_wrapper_hw_platform_0/system.hdf -mem-ranges [list {0x40000000 0xbfffffff}]
configparams force-mem-access 1
targets -set -nocase -filter {name =~"APU*" && jtag_cable_name =~ "Digilent Zed 210248722679"} -index 0
ps7_init
ps7_post_config
targets -set -nocase -filter {name =~ "ARM*#0" && jtag_cable_name =~ "Digilent Zed 210248722679"} -index 0
dow C:/Users/jites/eld_labs/ele_add_reciprocal/ele_add_reciprocal.sdk/ele_add_reciprocal/Debug/ele_add_reciprocal.elf
configparams force-mem-access 0
----------------End of Script----------------

23:22:07 INFO  : Memory regions updated for context APU
23:22:07 INFO  : Context for processor 'ps7_cortexa9_0' is selected.
23:22:07 INFO  : 'con' command is executed.
23:22:07 INFO  : ----------------XSDB Script (After Launch)----------------
targets -set -nocase -filter {name =~ "ARM*#0" && jtag_cable_name =~ "Digilent Zed 210248722679"} -index 0
con
----------------End of Script----------------

23:22:07 INFO  : Launch script is exported to file 'C:\Users\jites\eld_labs\ele_add_reciprocal\ele_add_reciprocal.sdk\.sdk\launch_scripts\xilinx_c-c++_application_(system_debugger)\system_debugger_using_debug_ele_add_reciprocal.elf_on_fghj.tcl'
23:25:09 WARN  : channel "tcfchan#9" closed
23:46:08 INFO  : Connected through redirection to target on host '192.168.226.142' and port '54397'.
23:46:27 INFO  : ----------------XSDB Script----------------
connect -path [list tcp::1534 tcp:192.168.226.142:54397]
----------------End of Script----------------

23:49:19 WARN  : Couldn't find target with name: fghj
23:49:28 INFO  : Connected through redirection to target on host '192.168.226.142' and port '54397'.
23:49:28 INFO  : Jtag cable 'Digilent Zed 210248A39C95' is selected.
23:49:28 INFO  : 'jtag frequency' command is executed.
23:49:28 INFO  : Sourcing of 'C:/Users/jites/eld_labs/ele_add_reciprocal/ele_add_reciprocal.sdk/design_1_wrapper_hw_platform_0/ps7_init.tcl' is done.
23:49:28 INFO  : Context for 'APU' is selected.
23:49:29 INFO  : System reset is completed.
23:49:32 INFO  : 'after 3000' command is executed.
23:49:32 INFO  : 'targets -set -filter {jtag_cable_name =~ "Digilent Zed 210248A39C95" && level==0} -index 1' command is executed.
23:49:34 INFO  : FPGA configured successfully with bitstream "C:/Users/jites/eld_labs/ele_add_reciprocal/ele_add_reciprocal.sdk/design_1_wrapper_hw_platform_0/design_1_wrapper.bit"
23:49:34 INFO  : Context for 'APU' is selected.
23:49:34 INFO  : Hardware design information is loaded from 'C:/Users/jites/eld_labs/ele_add_reciprocal/ele_add_reciprocal.sdk/design_1_wrapper_hw_platform_0/system.hdf'.
23:49:34 INFO  : 'configparams force-mem-access 1' command is executed.
23:49:34 INFO  : Context for 'APU' is selected.
23:49:41 INFO  : 'ps7_init' command is executed.
23:49:41 INFO  : 'ps7_post_config' command is executed.
23:49:41 INFO  : Context for processor 'ps7_cortexa9_0' is selected.
23:49:41 INFO  : The application 'C:/Users/jites/eld_labs/ele_add_reciprocal/ele_add_reciprocal.sdk/ele_add_reciprocal/Debug/ele_add_reciprocal.elf' is downloaded to processor 'ps7_cortexa9_0'.
23:49:41 INFO  : 'configparams force-mem-access 0' command is executed.
23:49:41 INFO  : ----------------XSDB Script----------------
connect -path [list tcp::1534 tcp:192.168.226.142:54397]
source C:/Users/jites/eld_labs/ele_add_reciprocal/ele_add_reciprocal.sdk/design_1_wrapper_hw_platform_0/ps7_init.tcl
targets -set -nocase -filter {name =~"APU*" && jtag_cable_name =~ "Digilent Zed 210248A39C95"} -index 0
rst -system
after 3000
targets -set -filter {jtag_cable_name =~ "Digilent Zed 210248A39C95" && level==0} -index 1
fpga -file C:/Users/jites/eld_labs/ele_add_reciprocal/ele_add_reciprocal.sdk/design_1_wrapper_hw_platform_0/design_1_wrapper.bit
targets -set -nocase -filter {name =~"APU*" && jtag_cable_name =~ "Digilent Zed 210248A39C95"} -index 0
loadhw -hw C:/Users/jites/eld_labs/ele_add_reciprocal/ele_add_reciprocal.sdk/design_1_wrapper_hw_platform_0/system.hdf -mem-ranges [list {0x40000000 0xbfffffff}]
configparams force-mem-access 1
targets -set -nocase -filter {name =~"APU*" && jtag_cable_name =~ "Digilent Zed 210248A39C95"} -index 0
ps7_init
ps7_post_config
targets -set -nocase -filter {name =~ "ARM*#0" && jtag_cable_name =~ "Digilent Zed 210248A39C95"} -index 0
dow C:/Users/jites/eld_labs/ele_add_reciprocal/ele_add_reciprocal.sdk/ele_add_reciprocal/Debug/ele_add_reciprocal.elf
configparams force-mem-access 0
----------------End of Script----------------

23:49:41 INFO  : Memory regions updated for context APU
23:49:41 INFO  : Context for processor 'ps7_cortexa9_0' is selected.
23:49:41 INFO  : 'con' command is executed.
23:49:41 INFO  : ----------------XSDB Script (After Launch)----------------
targets -set -nocase -filter {name =~ "ARM*#0" && jtag_cable_name =~ "Digilent Zed 210248A39C95"} -index 0
con
----------------End of Script----------------

23:49:41 INFO  : Launch script is exported to file 'C:\Users\jites\eld_labs\ele_add_reciprocal\ele_add_reciprocal.sdk\.sdk\launch_scripts\xilinx_c-c++_application_(system_debugger)\system_debugger_using_debug_ele_add_reciprocal.elf_on_fghj.tcl'
23:50:02 WARN  : channel "tcfchan#10" closed
23:51:43 INFO  : Connected through redirection to target on host '192.168.226.142' and port '63991'.
23:51:44 INFO  : Jtag cable 'Digilent Zed 210248A39C95' is selected.
23:51:44 INFO  : 'jtag frequency' command is executed.
23:51:44 INFO  : Sourcing of 'C:/Users/jites/eld_labs/ele_add_reciprocal/ele_add_reciprocal.sdk/design_1_wrapper_hw_platform_0/ps7_init.tcl' is done.
23:51:45 INFO  : Context for 'APU' is selected.
23:51:45 INFO  : System reset is completed.
23:51:48 INFO  : 'after 3000' command is executed.
23:51:49 INFO  : 'targets -set -filter {jtag_cable_name =~ "Digilent Zed 210248A39C95" && level==0} -index 1' command is executed.
23:51:51 INFO  : FPGA configured successfully with bitstream "C:/Users/jites/eld_labs/ele_add_reciprocal/ele_add_reciprocal.sdk/design_1_wrapper_hw_platform_0/design_1_wrapper.bit"
23:51:52 INFO  : Context for 'APU' is selected.
23:51:52 INFO  : Hardware design information is loaded from 'C:/Users/jites/eld_labs/ele_add_reciprocal/ele_add_reciprocal.sdk/design_1_wrapper_hw_platform_0/system.hdf'.
23:51:52 INFO  : 'configparams force-mem-access 1' command is executed.
23:51:53 INFO  : Context for 'APU' is selected.
23:52:02 INFO  : 'ps7_init' command is executed.
23:52:02 INFO  : 'ps7_post_config' command is executed.
23:52:02 INFO  : Context for processor 'ps7_cortexa9_0' is selected.
23:52:02 INFO  : The application 'C:/Users/jites/eld_labs/ele_add_reciprocal/ele_add_reciprocal.sdk/ele_add_reciprocal/Debug/ele_add_reciprocal.elf' is downloaded to processor 'ps7_cortexa9_0'.
23:52:02 INFO  : 'configparams force-mem-access 0' command is executed.
23:52:02 INFO  : ----------------XSDB Script----------------
connect -path [list tcp::1534 tcp:192.168.226.142:63991]
source C:/Users/jites/eld_labs/ele_add_reciprocal/ele_add_reciprocal.sdk/design_1_wrapper_hw_platform_0/ps7_init.tcl
targets -set -nocase -filter {name =~"APU*" && jtag_cable_name =~ "Digilent Zed 210248A39C95"} -index 0
rst -system
after 3000
targets -set -filter {jtag_cable_name =~ "Digilent Zed 210248A39C95" && level==0} -index 1
fpga -file C:/Users/jites/eld_labs/ele_add_reciprocal/ele_add_reciprocal.sdk/design_1_wrapper_hw_platform_0/design_1_wrapper.bit
targets -set -nocase -filter {name =~"APU*" && jtag_cable_name =~ "Digilent Zed 210248A39C95"} -index 0
loadhw -hw C:/Users/jites/eld_labs/ele_add_reciprocal/ele_add_reciprocal.sdk/design_1_wrapper_hw_platform_0/system.hdf -mem-ranges [list {0x40000000 0xbfffffff}]
configparams force-mem-access 1
targets -set -nocase -filter {name =~"APU*" && jtag_cable_name =~ "Digilent Zed 210248A39C95"} -index 0
ps7_init
ps7_post_config
targets -set -nocase -filter {name =~ "ARM*#0" && jtag_cable_name =~ "Digilent Zed 210248A39C95"} -index 0
dow C:/Users/jites/eld_labs/ele_add_reciprocal/ele_add_reciprocal.sdk/ele_add_reciprocal/Debug/ele_add_reciprocal.elf
configparams force-mem-access 0
----------------End of Script----------------

23:52:02 INFO  : Memory regions updated for context APU
23:52:03 INFO  : Context for processor 'ps7_cortexa9_0' is selected.
23:52:03 INFO  : 'con' command is executed.
23:52:03 INFO  : ----------------XSDB Script (After Launch)----------------
targets -set -nocase -filter {name =~ "ARM*#0" && jtag_cable_name =~ "Digilent Zed 210248A39C95"} -index 0
con
----------------End of Script----------------

23:52:03 INFO  : Launch script is exported to file 'C:\Users\jites\eld_labs\ele_add_reciprocal\ele_add_reciprocal.sdk\.sdk\launch_scripts\xilinx_c-c++_application_(system_debugger)\system_debugger_using_debug_ele_add_reciprocal.elf_on_fghj.tcl'
23:53:28 INFO  : Disconnected from the channel tcfchan#11.
23:53:29 INFO  : Connected through redirection to target on host '192.168.226.142' and port '63991'.
23:53:29 INFO  : Jtag cable 'Digilent Zed 210248A39C95' is selected.
23:53:29 INFO  : 'jtag frequency' command is executed.
23:53:29 INFO  : Sourcing of 'C:/Users/jites/eld_labs/ele_add_reciprocal/ele_add_reciprocal.sdk/design_1_wrapper_hw_platform_0/ps7_init.tcl' is done.
23:53:30 INFO  : Context for 'APU' is selected.
23:53:30 INFO  : System reset is completed.
23:53:33 INFO  : 'after 3000' command is executed.
23:53:34 INFO  : 'targets -set -filter {jtag_cable_name =~ "Digilent Zed 210248A39C95" && level==0} -index 1' command is executed.
23:53:36 INFO  : FPGA configured successfully with bitstream "C:/Users/jites/eld_labs/ele_add_reciprocal/ele_add_reciprocal.sdk/design_1_wrapper_hw_platform_0/design_1_wrapper.bit"
23:53:37 INFO  : Context for 'APU' is selected.
23:53:40 INFO  : Hardware design information is loaded from 'C:/Users/jites/eld_labs/ele_add_reciprocal/ele_add_reciprocal.sdk/design_1_wrapper_hw_platform_0/system.hdf'.
23:53:40 INFO  : 'configparams force-mem-access 1' command is executed.
23:53:40 INFO  : Context for 'APU' is selected.
23:53:48 INFO  : 'ps7_init' command is executed.
23:53:48 INFO  : 'ps7_post_config' command is executed.
23:53:49 INFO  : Context for processor 'ps7_cortexa9_0' is selected.
23:53:49 INFO  : The application 'C:/Users/jites/eld_labs/ele_add_reciprocal/ele_add_reciprocal.sdk/ele_add_reciprocal/Debug/ele_add_reciprocal.elf' is downloaded to processor 'ps7_cortexa9_0'.
23:53:49 INFO  : 'configparams force-mem-access 0' command is executed.
23:53:49 INFO  : ----------------XSDB Script----------------
connect -path [list tcp::1534 tcp:192.168.226.142:63991]
source C:/Users/jites/eld_labs/ele_add_reciprocal/ele_add_reciprocal.sdk/design_1_wrapper_hw_platform_0/ps7_init.tcl
targets -set -nocase -filter {name =~"APU*" && jtag_cable_name =~ "Digilent Zed 210248A39C95"} -index 0
rst -system
after 3000
targets -set -filter {jtag_cable_name =~ "Digilent Zed 210248A39C95" && level==0} -index 1
fpga -file C:/Users/jites/eld_labs/ele_add_reciprocal/ele_add_reciprocal.sdk/design_1_wrapper_hw_platform_0/design_1_wrapper.bit
targets -set -nocase -filter {name =~"APU*" && jtag_cable_name =~ "Digilent Zed 210248A39C95"} -index 0
loadhw -hw C:/Users/jites/eld_labs/ele_add_reciprocal/ele_add_reciprocal.sdk/design_1_wrapper_hw_platform_0/system.hdf -mem-ranges [list {0x40000000 0xbfffffff}]
configparams force-mem-access 1
targets -set -nocase -filter {name =~"APU*" && jtag_cable_name =~ "Digilent Zed 210248A39C95"} -index 0
ps7_init
ps7_post_config
targets -set -nocase -filter {name =~ "ARM*#0" && jtag_cable_name =~ "Digilent Zed 210248A39C95"} -index 0
dow C:/Users/jites/eld_labs/ele_add_reciprocal/ele_add_reciprocal.sdk/ele_add_reciprocal/Debug/ele_add_reciprocal.elf
configparams force-mem-access 0
----------------End of Script----------------

23:53:49 INFO  : Memory regions updated for context APU
23:53:51 INFO  : Context for processor 'ps7_cortexa9_0' is selected.
23:53:51 INFO  : 'con' command is executed.
23:53:51 INFO  : ----------------XSDB Script (After Launch)----------------
targets -set -nocase -filter {name =~ "ARM*#0" && jtag_cable_name =~ "Digilent Zed 210248A39C95"} -index 0
con
----------------End of Script----------------

23:53:51 INFO  : Launch script is exported to file 'C:\Users\jites\eld_labs\ele_add_reciprocal\ele_add_reciprocal.sdk\.sdk\launch_scripts\xilinx_c-c++_application_(system_debugger)\system_debugger_using_debug_ele_add_reciprocal.elf_on_fghj.tcl'
23:55:10 WARN  : channel "tcfchan#12" closed
00:02:17 INFO  : Launching XSCT server: xsct.bat -interactive C:\Users\jites\eld_labs\ele_add_reciprocal\ele_add_reciprocal.sdk\temp_xsdb_launch_script.tcl
00:02:17 INFO  : Registering command handlers for SDK TCF services
00:02:19 INFO  : XSCT server has started successfully.
00:02:23 INFO  : Successfully done setting XSCT server connection channel  
00:02:23 INFO  : Successfully done setting SDK workspace  
00:02:23 INFO  : Processing command line option -hwspec C:/Users/jites/eld_labs/ele_add_reciprocal/ele_add_reciprocal.sdk/design_1_wrapper.hdf.
00:02:23 INFO  : Checking for hwspec changes in the project design_1_wrapper_hw_platform_0.
00:05:38 WARN  : Couldn't find target with name: jhgvg
00:05:47 ERROR : Failed to redirect connection to hardware server on host '192.168.226.142' and port '54036'.
Reason: No connection could be made because the target machine actively refused it
00:05:47 INFO  : ----------------XSDB Script----------------
connect -path [list tcp::1534 tcp:192.168.226.142:54036]
----------------End of Script----------------

