08:25:27 INFO  : Registering command handlers for SDK TCF services
08:25:28 INFO  : Launching XSCT server: xsct.bat -interactive C:\Users\User\Desktop\ELD_LAB\practice_lab\practice_lab.sdk\temp_xsdb_launch_script.tcl
08:25:31 INFO  : XSCT server has started successfully.
08:25:32 INFO  : Successfully done setting XSCT server connection channel  
08:25:32 INFO  : Successfully done setting SDK workspace  
08:25:32 INFO  : Processing command line option -hwspec C:/Users/User/Desktop/ELD_LAB/practice_lab/practice_lab.sdk/prac_bd_wrapper.hdf.
08:29:35 INFO  : Launching XSCT server: xsct.bat -interactive C:\Users\User\Desktop\ELD_LAB\practice_lab\practice_lab.sdk\temp_xsdb_launch_script.tcl
08:29:37 INFO  : XSCT server has started successfully.
08:29:37 INFO  : Successfully done setting XSCT server connection channel  
08:29:37 INFO  : Successfully done setting SDK workspace  
08:29:45 INFO  : Registering command handlers for SDK TCF services
08:29:45 INFO  : Processing command line option -hwspec C:/Users/User/Desktop/ELD_LAB/practice_lab/practice_lab.sdk/prac_bd_wrapper.hdf.
08:29:46 INFO  : Checking for hwspec changes in the project prac_bd_wrapper_hw_platform_0.
08:42:36 INFO  : Refreshed build settings on project lbend
08:43:08 INFO  : Connected through redirection to target on host '192.168.226.142' and port '54769'.
08:43:08 INFO  : Jtag cable 'Digilent Zed 210248A39C95' is selected.
08:43:08 INFO  : 'jtag frequency' command is executed.
08:43:08 INFO  : Sourcing of 'C:/Users/User/Desktop/ELD_LAB/practice_lab/practice_lab.sdk/prac_bd_wrapper_hw_platform_0/ps7_init.tcl' is done.
08:43:09 INFO  : Context for 'APU' is selected.
08:43:09 INFO  : System reset is completed.
08:43:12 INFO  : 'after 3000' command is executed.
08:43:12 INFO  : 'targets -set -filter {jtag_cable_name =~ "Digilent Zed 210248A39C95" && level==0} -index 1' command is executed.
08:43:14 INFO  : FPGA configured successfully with bitstream "C:/Users/User/Desktop/ELD_LAB/practice_lab/practice_lab.sdk/prac_bd_wrapper_hw_platform_0/prac_bd_wrapper.bit"
08:43:15 INFO  : Context for 'APU' is selected.
08:43:15 INFO  : Hardware design information is loaded from 'C:/Users/User/Desktop/ELD_LAB/practice_lab/practice_lab.sdk/prac_bd_wrapper_hw_platform_0/system.hdf'.
08:43:15 INFO  : 'configparams force-mem-access 1' command is executed.
08:43:15 INFO  : Context for 'APU' is selected.
08:43:19 INFO  : 'ps7_init' command is executed.
08:43:19 INFO  : 'ps7_post_config' command is executed.
08:43:19 INFO  : Context for processor 'ps7_cortexa9_0' is selected.
08:43:19 INFO  : The application 'C:/Users/User/Desktop/ELD_LAB/practice_lab/practice_lab.sdk/lbend/Debug/lbend.elf' is downloaded to processor 'ps7_cortexa9_0'.
08:43:19 INFO  : 'configparams force-mem-access 0' command is executed.
08:43:19 INFO  : ----------------XSDB Script----------------
connect -path [list tcp::1534 tcp:192.168.226.142:54769]
source C:/Users/User/Desktop/ELD_LAB/practice_lab/practice_lab.sdk/prac_bd_wrapper_hw_platform_0/ps7_init.tcl
targets -set -nocase -filter {name =~"APU*" && jtag_cable_name =~ "Digilent Zed 210248A39C95"} -index 0
rst -system
after 3000
targets -set -filter {jtag_cable_name =~ "Digilent Zed 210248A39C95" && level==0} -index 1
fpga -file C:/Users/User/Desktop/ELD_LAB/practice_lab/practice_lab.sdk/prac_bd_wrapper_hw_platform_0/prac_bd_wrapper.bit
targets -set -nocase -filter {name =~"APU*" && jtag_cable_name =~ "Digilent Zed 210248A39C95"} -index 0
loadhw -hw C:/Users/User/Desktop/ELD_LAB/practice_lab/practice_lab.sdk/prac_bd_wrapper_hw_platform_0/system.hdf -mem-ranges [list {0x40000000 0xbfffffff}]
configparams force-mem-access 1
targets -set -nocase -filter {name =~"APU*" && jtag_cable_name =~ "Digilent Zed 210248A39C95"} -index 0
ps7_init
ps7_post_config
targets -set -nocase -filter {name =~ "ARM*#0" && jtag_cable_name =~ "Digilent Zed 210248A39C95"} -index 0
dow C:/Users/User/Desktop/ELD_LAB/practice_lab/practice_lab.sdk/lbend/Debug/lbend.elf
configparams force-mem-access 0
----------------End of Script----------------

08:43:20 INFO  : Memory regions updated for context APU
08:43:20 INFO  : Context for processor 'ps7_cortexa9_0' is selected.
08:43:20 INFO  : 'con' command is executed.
08:43:20 INFO  : ----------------XSDB Script (After Launch)----------------
targets -set -nocase -filter {name =~ "ARM*#0" && jtag_cable_name =~ "Digilent Zed 210248A39C95"} -index 0
con
----------------End of Script----------------

08:43:20 INFO  : Launch script is exported to file 'C:\Users\User\Desktop\ELD_LAB\practice_lab\practice_lab.sdk\.sdk\launch_scripts\xilinx_c-c++_application_(system_debugger)\system_debugger_using_debug_lbend.elf_on_zed.tcl'
08:45:01 WARN  : channel "tcfchan#1" closed
09:18:22 INFO  : Registering command handlers for SDK TCF services
09:18:23 INFO  : Launching XSCT server: xsct.bat -interactive C:\Users\User\Desktop\ELD_LAB\practice_lab\practice_lab.sdk\temp_xsdb_launch_script.tcl
09:18:26 INFO  : XSCT server has started successfully.
09:18:27 INFO  : Successfully done setting XSCT server connection channel  
09:18:27 INFO  : Processing command line option -hwspec C:/Users/User/Desktop/ELD_LAB/practice_lab/practice_lab.sdk/prac_bd_wrapper.hdf.
09:18:27 INFO  : Checking for hwspec changes in the project prac_bd_wrapper_hw_platform_0.
09:18:32 INFO  : SDK has detected change in the last modified timestamps for source hardware specification file Source:1764819747859,  Project:1764390752000
09:18:32 INFO  : The hardware specification for project 'prac_bd_wrapper_hw_platform_0' is different from C:/Users/User/Desktop/ELD_LAB/practice_lab/practice_lab.sdk/prac_bd_wrapper.hdf.
09:18:32 INFO  : Successfully done setting SDK workspace  
09:18:33 INFO  : Copied contents of C:/Users/User/Desktop/ELD_LAB/practice_lab/practice_lab.sdk/prac_bd_wrapper.hdf into \prac_bd_wrapper_hw_platform_0\system.hdf.
09:18:38 INFO  : Synchronizing projects in the workspace with the hardware platform specification changes.
09:18:42 INFO  : 
09:18:43 INFO  : Updating hardware inferred compiler options for lbend.
09:18:43 INFO  : Clearing existing target manager status.
11:41:38 INFO  : Connected through redirection to target on host '192.168.226.142' and port '56501'.
11:41:38 INFO  : Jtag cable 'Digilent Zed 210248722395' is selected.
11:41:38 INFO  : 'jtag frequency' command is executed.
11:41:38 INFO  : Sourcing of 'C:/Users/User/Desktop/ELD_LAB/practice_lab/practice_lab.sdk/prac_bd_wrapper_hw_platform_0/ps7_init.tcl' is done.
11:41:41 ERROR : no targets found with "name =~"APU*" && jtag_cable_name =~ "Digilent Zed 210248722395"". available targets:
  1  DAP (JTAG port open error. AP transaction error, DAP status 30000021)
  2  xc7z020
     3  Legacy Debug Hub
11:41:41 INFO  : ----------------XSDB Script----------------
connect -path [list tcp::1534 tcp:192.168.226.142:56501]
source C:/Users/User/Desktop/ELD_LAB/practice_lab/practice_lab.sdk/prac_bd_wrapper_hw_platform_0/ps7_init.tcl
targets -set -nocase -filter {name =~"APU*" && jtag_cable_name =~ "Digilent Zed 210248722395"} -index 0
----------------End of Script----------------

