13:30:38 INFO  : Registering command handlers for SDK TCF services
13:30:39 INFO  : Launching XSCT server: xsct.bat -interactive D:\ELD_final_prac\proj_one_div_1p5_plus_fft_x_sub_1p5\proj_one_div_1p5_plus_fft_x_sub_1p5.sdk\temp_xsdb_launch_script.tcl
13:30:42 INFO  : XSCT server has started successfully.
13:30:42 INFO  : Successfully done setting XSCT server connection channel  
13:30:42 INFO  : Successfully done setting SDK workspace  
13:30:42 INFO  : Processing command line option -hwspec D:/ELD_final_prac/proj_one_div_1p5_plus_fft_x_sub_1p5/proj_one_div_1p5_plus_fft_x_sub_1p5.sdk/fft_8pt_bd_wrapper.hdf.
13:53:27 INFO  : Refreshed build settings on project gomu
13:55:44 INFO  : Connected through redirection to target on host '192.168.226.142' and port '64378'.
13:55:45 INFO  : Jtag cable 'Digilent Zed 210248722679' is selected.
13:55:45 INFO  : 'jtag frequency' command is executed.
13:55:45 INFO  : Sourcing of 'D:/ELD_final_prac/proj_one_div_1p5_plus_fft_x_sub_1p5/proj_one_div_1p5_plus_fft_x_sub_1p5.sdk/fft_8pt_bd_wrapper_hw_platform_0/ps7_init.tcl' is done.
13:55:45 INFO  : Context for 'APU' is selected.
13:55:47 INFO  : System reset is completed.
13:55:50 INFO  : 'after 3000' command is executed.
13:55:50 INFO  : 'targets -set -filter {jtag_cable_name =~ "Digilent Zed 210248722679" && level==0} -index 1' command is executed.
13:55:54 INFO  : FPGA configured successfully with bitstream "D:/ELD_final_prac/proj_one_div_1p5_plus_fft_x_sub_1p5/proj_one_div_1p5_plus_fft_x_sub_1p5.sdk/fft_8pt_bd_wrapper_hw_platform_0/fft_8pt_bd_wrapper.bit"
13:55:54 INFO  : Context for 'APU' is selected.
13:55:54 INFO  : Hardware design information is loaded from 'D:/ELD_final_prac/proj_one_div_1p5_plus_fft_x_sub_1p5/proj_one_div_1p5_plus_fft_x_sub_1p5.sdk/fft_8pt_bd_wrapper_hw_platform_0/system.hdf'.
13:55:54 INFO  : 'configparams force-mem-access 1' command is executed.
13:55:54 INFO  : Context for 'APU' is selected.
13:56:11 INFO  : 'ps7_init' command is executed.
13:56:12 INFO  : 'ps7_post_config' command is executed.
13:56:12 INFO  : Context for processor 'ps7_cortexa9_0' is selected.
13:56:12 INFO  : The application 'D:/ELD_final_prac/proj_one_div_1p5_plus_fft_x_sub_1p5/proj_one_div_1p5_plus_fft_x_sub_1p5.sdk/gomu/Debug/gomu.elf' is downloaded to processor 'ps7_cortexa9_0'.
13:56:12 INFO  : 'configparams force-mem-access 0' command is executed.
13:56:12 INFO  : ----------------XSDB Script----------------
connect -path [list tcp::1534 tcp:192.168.226.142:64378]
source D:/ELD_final_prac/proj_one_div_1p5_plus_fft_x_sub_1p5/proj_one_div_1p5_plus_fft_x_sub_1p5.sdk/fft_8pt_bd_wrapper_hw_platform_0/ps7_init.tcl
targets -set -nocase -filter {name =~"APU*" && jtag_cable_name =~ "Digilent Zed 210248722679"} -index 0
rst -system
after 3000
targets -set -filter {jtag_cable_name =~ "Digilent Zed 210248722679" && level==0} -index 1
fpga -file D:/ELD_final_prac/proj_one_div_1p5_plus_fft_x_sub_1p5/proj_one_div_1p5_plus_fft_x_sub_1p5.sdk/fft_8pt_bd_wrapper_hw_platform_0/fft_8pt_bd_wrapper.bit
targets -set -nocase -filter {name =~"APU*" && jtag_cable_name =~ "Digilent Zed 210248722679"} -index 0
loadhw -hw D:/ELD_final_prac/proj_one_div_1p5_plus_fft_x_sub_1p5/proj_one_div_1p5_plus_fft_x_sub_1p5.sdk/fft_8pt_bd_wrapper_hw_platform_0/system.hdf -mem-ranges [list {0x40000000 0xbfffffff}]
configparams force-mem-access 1
targets -set -nocase -filter {name =~"APU*" && jtag_cable_name =~ "Digilent Zed 210248722679"} -index 0
ps7_init
ps7_post_config
targets -set -nocase -filter {name =~ "ARM*#0" && jtag_cable_name =~ "Digilent Zed 210248722679"} -index 0
dow D:/ELD_final_prac/proj_one_div_1p5_plus_fft_x_sub_1p5/proj_one_div_1p5_plus_fft_x_sub_1p5.sdk/gomu/Debug/gomu.elf
configparams force-mem-access 0
----------------End of Script----------------

13:56:13 INFO  : Memory regions updated for context APU
13:56:13 INFO  : Context for processor 'ps7_cortexa9_0' is selected.
13:56:13 INFO  : 'con' command is executed.
13:56:13 INFO  : ----------------XSDB Script (After Launch)----------------
targets -set -nocase -filter {name =~ "ARM*#0" && jtag_cable_name =~ "Digilent Zed 210248722679"} -index 0
con
----------------End of Script----------------

13:56:13 INFO  : Launch script is exported to file 'D:\ELD_final_prac\proj_one_div_1p5_plus_fft_x_sub_1p5\proj_one_div_1p5_plus_fft_x_sub_1p5.sdk\.sdk\launch_scripts\xilinx_c-c++_application_(system_debugger)\system_debugger_using_debug_gomu.elf_on_chomu.tcl'
14:00:08 WARN  : channel "tcfchan#1" closed
