15:13:31 INFO  : Registering command handlers for SDK TCF services
15:13:32 INFO  : Launching XSCT server: xsct.bat -interactive C:\Users\User\Desktop\ELD_LAB\endsem\endsem.sdk\temp_xsdb_launch_script.tcl
15:13:37 INFO  : XSCT server has started successfully.
15:13:43 INFO  : Successfully done setting XSCT server connection channel  
15:13:43 INFO  : Successfully done setting SDK workspace  
15:13:43 INFO  : Processing command line option -hwspec C:/Users/User/Desktop/ELD_LAB/endsem/endsem.sdk/fft_wrapper.hdf.
15:14:49 ERROR : Failed to closesw "C:/Users/User/Desktop/ELD_LAB/endsem/endsem.sdk/fft_bsp/system.mss"
Reason: Cannot close sw design 'C:/Users/User/Desktop/ELD_LAB/endsem/endsem.sdk/fft_bsp/system.mss'.
Design is not opened in the current session.


15:22:54 INFO  : Connected to target on host '127.0.0.1' and port '3121'.
15:22:55 INFO  : Jtag cable 'Digilent Zybo Z7 210351A78146A' is selected.
15:22:55 INFO  : 'jtag frequency' command is executed.
15:22:55 INFO  : Sourcing of 'C:/Users/User/Desktop/ELD_LAB/endsem/endsem.sdk/fft_wrapper_hw_platform_0/ps7_init.tcl' is done.
15:22:56 INFO  : Context for 'APU' is selected.
15:22:56 INFO  : System reset is completed.
15:22:59 INFO  : 'after 3000' command is executed.
15:22:59 INFO  : 'targets -set -filter {jtag_cable_name =~ "Digilent Zybo Z7 210351A78146A" && level==0} -index 1' command is executed.
15:23:00 INFO  : FPGA configured successfully with bitstream "C:/Users/User/Desktop/ELD_LAB/endsem/endsem.sdk/fft_wrapper_hw_platform_0/fft_wrapper.bit"
15:23:01 INFO  : Context for 'APU' is selected.
15:23:01 INFO  : Hardware design information is loaded from 'C:/Users/User/Desktop/ELD_LAB/endsem/endsem.sdk/fft_wrapper_hw_platform_0/system.hdf'.
15:23:01 INFO  : 'configparams force-mem-access 1' command is executed.
15:23:01 INFO  : Context for 'APU' is selected.
15:23:01 INFO  : 'ps7_init' command is executed.
15:23:01 INFO  : 'ps7_post_config' command is executed.
15:23:01 INFO  : 'configparams force-mem-access 0' command is executed.
15:23:01 INFO  : ----------------XSDB Script----------------
connect -url tcp:127.0.0.1:3121
source C:/Users/User/Desktop/ELD_LAB/endsem/endsem.sdk/fft_wrapper_hw_platform_0/ps7_init.tcl
targets -set -nocase -filter {name =~"APU*" && jtag_cable_name =~ "Digilent Zybo Z7 210351A78146A"} -index 0
rst -system
after 3000
targets -set -filter {jtag_cable_name =~ "Digilent Zybo Z7 210351A78146A" && level==0} -index 1
fpga -file C:/Users/User/Desktop/ELD_LAB/endsem/endsem.sdk/fft_wrapper_hw_platform_0/fft_wrapper.bit
targets -set -nocase -filter {name =~"APU*" && jtag_cable_name =~ "Digilent Zybo Z7 210351A78146A"} -index 0
loadhw -hw C:/Users/User/Desktop/ELD_LAB/endsem/endsem.sdk/fft_wrapper_hw_platform_0/system.hdf -mem-ranges [list {0x40000000 0xbfffffff}]
configparams force-mem-access 1
targets -set -nocase -filter {name =~"APU*" && jtag_cable_name =~ "Digilent Zybo Z7 210351A78146A"} -index 0
ps7_init
ps7_post_config
configparams force-mem-access 0
----------------End of Script----------------

15:23:01 INFO  : Memory regions updated for context APU
15:23:01 INFO  : Launch script is exported to file 'C:\Users\User\Desktop\ELD_LAB\endsem\endsem.sdk\.sdk\launch_scripts\xilinx_c-c++_application_(system_debugger)\system_debugger_on_local.tcl'
15:23:25 ERROR : (XSDB Server)Target doesn't support Jtag Uart

15:23:49 ERROR : (XSDB Server)Target doesn't support Jtag Uart

15:25:49 INFO  : Disconnected from the channel tcfchan#1.
15:25:50 INFO  : Connected to target on host '127.0.0.1' and port '3121'.
15:25:50 INFO  : Jtag cable 'Digilent Zybo Z7 210351A77B94A' is selected.
15:25:50 INFO  : 'jtag frequency' command is executed.
15:25:51 INFO  : Sourcing of 'C:/Users/User/Desktop/ELD_LAB/endsem/endsem.sdk/fft_wrapper_hw_platform_0/ps7_init.tcl' is done.
15:25:51 INFO  : Context for 'APU' is selected.
15:25:51 INFO  : System reset is completed.
15:25:54 INFO  : 'after 3000' command is executed.
15:25:54 INFO  : 'targets -set -filter {jtag_cable_name =~ "Digilent Zybo Z7 210351A77B94A" && level==0} -index 1' command is executed.
15:25:55 INFO  : FPGA configured successfully with bitstream "C:/Users/User/Desktop/ELD_LAB/endsem/endsem.sdk/fft_wrapper_hw_platform_0/fft_wrapper.bit"
15:25:55 INFO  : Context for 'APU' is selected.
15:26:00 INFO  : Hardware design information is loaded from 'C:/Users/User/Desktop/ELD_LAB/endsem/endsem.sdk/fft_wrapper_hw_platform_0/system.hdf'.
15:26:00 INFO  : 'configparams force-mem-access 1' command is executed.
15:26:00 INFO  : Context for 'APU' is selected.
15:26:01 INFO  : 'ps7_init' command is executed.
15:26:01 INFO  : 'ps7_post_config' command is executed.
15:26:01 INFO  : 'configparams force-mem-access 0' command is executed.
15:26:01 INFO  : ----------------XSDB Script----------------
connect -url tcp:127.0.0.1:3121
source C:/Users/User/Desktop/ELD_LAB/endsem/endsem.sdk/fft_wrapper_hw_platform_0/ps7_init.tcl
targets -set -nocase -filter {name =~"APU*" && jtag_cable_name =~ "Digilent Zybo Z7 210351A77B94A"} -index 0
rst -system
after 3000
targets -set -filter {jtag_cable_name =~ "Digilent Zybo Z7 210351A77B94A" && level==0} -index 1
fpga -file C:/Users/User/Desktop/ELD_LAB/endsem/endsem.sdk/fft_wrapper_hw_platform_0/fft_wrapper.bit
targets -set -nocase -filter {name =~"APU*" && jtag_cable_name =~ "Digilent Zybo Z7 210351A77B94A"} -index 0
loadhw -hw C:/Users/User/Desktop/ELD_LAB/endsem/endsem.sdk/fft_wrapper_hw_platform_0/system.hdf -mem-ranges [list {0x40000000 0xbfffffff}]
configparams force-mem-access 1
targets -set -nocase -filter {name =~"APU*" && jtag_cable_name =~ "Digilent Zybo Z7 210351A77B94A"} -index 0
ps7_init
ps7_post_config
configparams force-mem-access 0
----------------End of Script----------------

15:26:01 INFO  : Memory regions updated for context APU
15:26:01 INFO  : Launch script is exported to file 'C:\Users\User\Desktop\ELD_LAB\endsem\endsem.sdk\.sdk\launch_scripts\xilinx_c-c++_application_(system_debugger)\system_debugger_on_local.tcl'
15:26:15 ERROR : (XSDB Server)Target doesn't support Jtag Uart

15:26:51 INFO  : Disconnected from the channel tcfchan#2.
15:26:52 INFO  : Connected to target on host '127.0.0.1' and port '3121'.
15:26:52 INFO  : Jtag cable 'Digilent Zybo Z7 210351A77B94A' is selected.
15:26:52 INFO  : 'jtag frequency' command is executed.
15:26:52 INFO  : Sourcing of 'C:/Users/User/Desktop/ELD_LAB/endsem/endsem.sdk/fft_wrapper_hw_platform_0/ps7_init.tcl' is done.
15:26:52 INFO  : Context for 'APU' is selected.
15:26:53 INFO  : System reset is completed.
15:26:56 INFO  : 'after 3000' command is executed.
15:26:56 INFO  : 'targets -set -filter {jtag_cable_name =~ "Digilent Zybo Z7 210351A77B94A" && level==0} -index 1' command is executed.
15:26:57 INFO  : FPGA configured successfully with bitstream "C:/Users/User/Desktop/ELD_LAB/endsem/endsem.sdk/fft_wrapper_hw_platform_0/fft_wrapper.bit"
15:26:57 INFO  : Context for 'APU' is selected.
15:27:02 INFO  : Hardware design information is loaded from 'C:/Users/User/Desktop/ELD_LAB/endsem/endsem.sdk/fft_wrapper_hw_platform_0/system.hdf'.
15:27:02 INFO  : 'configparams force-mem-access 1' command is executed.
15:27:02 INFO  : Context for 'APU' is selected.
15:27:03 INFO  : 'ps7_init' command is executed.
15:27:03 INFO  : 'ps7_post_config' command is executed.
15:27:03 INFO  : 'configparams force-mem-access 0' command is executed.
15:27:03 INFO  : ----------------XSDB Script----------------
connect -url tcp:127.0.0.1:3121
source C:/Users/User/Desktop/ELD_LAB/endsem/endsem.sdk/fft_wrapper_hw_platform_0/ps7_init.tcl
targets -set -nocase -filter {name =~"APU*" && jtag_cable_name =~ "Digilent Zybo Z7 210351A77B94A"} -index 0
rst -system
after 3000
targets -set -filter {jtag_cable_name =~ "Digilent Zybo Z7 210351A77B94A" && level==0} -index 1
fpga -file C:/Users/User/Desktop/ELD_LAB/endsem/endsem.sdk/fft_wrapper_hw_platform_0/fft_wrapper.bit
targets -set -nocase -filter {name =~"APU*" && jtag_cable_name =~ "Digilent Zybo Z7 210351A77B94A"} -index 0
loadhw -hw C:/Users/User/Desktop/ELD_LAB/endsem/endsem.sdk/fft_wrapper_hw_platform_0/system.hdf -mem-ranges [list {0x40000000 0xbfffffff}]
configparams force-mem-access 1
targets -set -nocase -filter {name =~"APU*" && jtag_cable_name =~ "Digilent Zybo Z7 210351A77B94A"} -index 0
ps7_init
ps7_post_config
configparams force-mem-access 0
----------------End of Script----------------

15:27:03 INFO  : Memory regions updated for context APU
15:27:03 INFO  : Launch script is exported to file 'C:\Users\User\Desktop\ELD_LAB\endsem\endsem.sdk\.sdk\launch_scripts\xilinx_c-c++_application_(system_debugger)\system_debugger_on_local.tcl'
15:27:29 INFO  : Disconnected from the channel tcfchan#3.
15:27:54 INFO  : Registering command handlers for SDK TCF services
15:27:55 INFO  : Launching XSCT server: xsct.bat -interactive C:\Users\User\Desktop\ELD_LAB\endsem\endsem.sdk\temp_xsdb_launch_script.tcl
15:28:00 INFO  : XSCT server has started successfully.
15:28:00 INFO  : Successfully done setting XSCT server connection channel  
15:28:00 INFO  : Successfully done setting SDK workspace  
15:28:00 INFO  : Processing command line option -hwspec C:/Users/User/Desktop/ELD_LAB/endsem/endsem.sdk/fft_wrapper.hdf.
15:28:00 INFO  : Checking for hwspec changes in the project fft_wrapper_hw_platform_0.
15:28:27 INFO  : Connected to target on host '127.0.0.1' and port '3121'.
15:28:28 INFO  : Jtag cable 'Digilent Zybo Z7 210351A77B94A' is selected.
15:28:28 INFO  : 'jtag frequency' command is executed.
15:28:28 INFO  : Sourcing of 'C:/Users/User/Desktop/ELD_LAB/endsem/endsem.sdk/fft_wrapper_hw_platform_0/ps7_init.tcl' is done.
15:28:28 INFO  : Context for 'APU' is selected.
15:28:28 INFO  : System reset is completed.
15:28:31 INFO  : 'after 3000' command is executed.
15:28:32 INFO  : 'targets -set -filter {jtag_cable_name =~ "Digilent Zybo Z7 210351A77B94A" && level==0} -index 1' command is executed.
15:28:33 INFO  : FPGA configured successfully with bitstream "C:/Users/User/Desktop/ELD_LAB/endsem/endsem.sdk/fft_wrapper_hw_platform_0/fft_wrapper.bit"
15:28:34 INFO  : Context for 'APU' is selected.
15:28:34 INFO  : Hardware design information is loaded from 'C:/Users/User/Desktop/ELD_LAB/endsem/endsem.sdk/fft_wrapper_hw_platform_0/system.hdf'.
15:28:34 INFO  : 'configparams force-mem-access 1' command is executed.
15:28:34 INFO  : Context for 'APU' is selected.
15:28:35 INFO  : 'ps7_init' command is executed.
15:28:35 INFO  : 'ps7_post_config' command is executed.
15:28:35 INFO  : 'configparams force-mem-access 0' command is executed.
15:28:35 INFO  : ----------------XSDB Script----------------
connect -url tcp:127.0.0.1:3121
source C:/Users/User/Desktop/ELD_LAB/endsem/endsem.sdk/fft_wrapper_hw_platform_0/ps7_init.tcl
targets -set -nocase -filter {name =~"APU*" && jtag_cable_name =~ "Digilent Zybo Z7 210351A77B94A"} -index 0
rst -system
after 3000
targets -set -filter {jtag_cable_name =~ "Digilent Zybo Z7 210351A77B94A" && level==0} -index 1
fpga -file C:/Users/User/Desktop/ELD_LAB/endsem/endsem.sdk/fft_wrapper_hw_platform_0/fft_wrapper.bit
targets -set -nocase -filter {name =~"APU*" && jtag_cable_name =~ "Digilent Zybo Z7 210351A77B94A"} -index 0
loadhw -hw C:/Users/User/Desktop/ELD_LAB/endsem/endsem.sdk/fft_wrapper_hw_platform_0/system.hdf -mem-ranges [list {0x40000000 0xbfffffff}]
configparams force-mem-access 1
targets -set -nocase -filter {name =~"APU*" && jtag_cable_name =~ "Digilent Zybo Z7 210351A77B94A"} -index 0
ps7_init
ps7_post_config
configparams force-mem-access 0
----------------End of Script----------------

15:28:35 INFO  : Memory regions updated for context APU
15:28:35 INFO  : Launch script is exported to file 'C:\Users\User\Desktop\ELD_LAB\endsem\endsem.sdk\.sdk\launch_scripts\xilinx_c-c++_application_(system_debugger)\system_debugger_on_local.tcl'
15:28:45 ERROR : (XSDB Server)Target doesn't support Jtag Uart

15:29:43 INFO  : Disconnected from the channel tcfchan#1.
15:30:02 INFO  : Launching XSCT server: xsct.bat -interactive C:\Users\User\Desktop\ELD_LAB\endsem\endsem.sdk\temp_xsdb_launch_script.tcl
15:30:04 INFO  : XSCT server has started successfully.
15:30:04 INFO  : Successfully done setting XSCT server connection channel  
15:30:10 INFO  : Successfully done setting SDK workspace  
15:30:12 INFO  : Registering command handlers for SDK TCF services
15:30:14 INFO  : Processing command line option -hwspec C:/Users/User/Desktop/ELD_LAB/endsem/endsem.sdk/fft_wrapper.hdf.
15:30:14 INFO  : Checking for hwspec changes in the project fft_wrapper_hw_platform_0.
15:35:57 INFO  : No changes in MSS file content so not generating sources.
15:37:57 INFO  : No changes in MSS file content so not generating sources.
15:52:00 INFO  : Connected to target on host '127.0.0.1' and port '3121'.
15:52:00 INFO  : Jtag cable 'Digilent Zybo Z7 210351A77B94A' is selected.
15:52:00 INFO  : 'jtag frequency' command is executed.
15:52:00 INFO  : Sourcing of 'C:/Users/User/Desktop/ELD_LAB/endsem/endsem.sdk/fft_wrapper_hw_platform_0/ps7_init.tcl' is done.
15:52:00 INFO  : Context for 'APU' is selected.
15:52:01 INFO  : System reset is completed.
15:52:04 INFO  : 'after 3000' command is executed.
15:52:04 INFO  : 'targets -set -filter {jtag_cable_name =~ "Digilent Zybo Z7 210351A77B94A" && level==0} -index 1' command is executed.
15:52:05 INFO  : FPGA configured successfully with bitstream "C:/Users/User/Desktop/ELD_LAB/endsem/endsem.sdk/fft_wrapper_hw_platform_0/fft_wrapper.bit"
15:52:06 INFO  : Context for 'APU' is selected.
15:52:06 INFO  : Hardware design information is loaded from 'C:/Users/User/Desktop/ELD_LAB/endsem/endsem.sdk/fft_wrapper_hw_platform_0/system.hdf'.
15:52:06 INFO  : 'configparams force-mem-access 1' command is executed.
15:52:06 INFO  : Context for 'APU' is selected.
15:52:06 INFO  : 'ps7_init' command is executed.
15:52:06 INFO  : 'ps7_post_config' command is executed.
15:52:06 INFO  : 'configparams force-mem-access 0' command is executed.
15:52:06 INFO  : ----------------XSDB Script----------------
connect -url tcp:127.0.0.1:3121
source C:/Users/User/Desktop/ELD_LAB/endsem/endsem.sdk/fft_wrapper_hw_platform_0/ps7_init.tcl
targets -set -nocase -filter {name =~"APU*" && jtag_cable_name =~ "Digilent Zybo Z7 210351A77B94A"} -index 0
rst -system
after 3000
targets -set -filter {jtag_cable_name =~ "Digilent Zybo Z7 210351A77B94A" && level==0} -index 1
fpga -file C:/Users/User/Desktop/ELD_LAB/endsem/endsem.sdk/fft_wrapper_hw_platform_0/fft_wrapper.bit
targets -set -nocase -filter {name =~"APU*" && jtag_cable_name =~ "Digilent Zybo Z7 210351A77B94A"} -index 0
loadhw -hw C:/Users/User/Desktop/ELD_LAB/endsem/endsem.sdk/fft_wrapper_hw_platform_0/system.hdf -mem-ranges [list {0x40000000 0xbfffffff}]
configparams force-mem-access 1
targets -set -nocase -filter {name =~"APU*" && jtag_cable_name =~ "Digilent Zybo Z7 210351A77B94A"} -index 0
ps7_init
ps7_post_config
configparams force-mem-access 0
----------------End of Script----------------

15:52:07 INFO  : Memory regions updated for context APU
15:52:07 INFO  : Launch script is exported to file 'C:\Users\User\Desktop\ELD_LAB\endsem\endsem.sdk\.sdk\launch_scripts\xilinx_c-c++_application_(system_debugger)\system_debugger_on_local.tcl'
15:52:18 ERROR : (XSDB Server)Target doesn't support Jtag Uart

15:53:20 INFO  : Connected through redirection to target on host '192.168.226.142' and port '64089'.
15:53:22 INFO  : Jtag cable 'Digilent Zybo Z7 210351A78181A' is selected.
15:53:22 INFO  : 'jtag frequency' command is executed.
15:53:22 INFO  : Sourcing of 'C:/Users/User/Desktop/ELD_LAB/endsem/endsem.sdk/fft_wrapper_hw_platform_0/ps7_init.tcl' is done.
15:53:22 INFO  : Context for 'APU' is selected.
15:53:23 INFO  : System reset is completed.
15:53:26 INFO  : 'after 3000' command is executed.
15:53:26 INFO  : 'targets -set -filter {jtag_cable_name =~ "Digilent Zybo Z7 210351A78181A" && level==0} -index 1' command is executed.
15:53:29 INFO  : FPGA configured successfully with bitstream "C:/Users/User/Desktop/ELD_LAB/endsem/endsem.sdk/fft_wrapper_hw_platform_0/fft_wrapper.bit"
15:53:29 INFO  : Context for 'APU' is selected.
15:53:29 INFO  : Hardware design information is loaded from 'C:/Users/User/Desktop/ELD_LAB/endsem/endsem.sdk/fft_wrapper_hw_platform_0/system.hdf'.
15:53:29 INFO  : 'configparams force-mem-access 1' command is executed.
15:53:29 INFO  : Context for 'APU' is selected.
15:53:36 INFO  : 'ps7_init' command is executed.
15:53:36 INFO  : 'ps7_post_config' command is executed.
15:53:36 INFO  : Context for processor 'ps7_cortexa9_0' is selected.
15:53:37 INFO  : The application 'C:/Users/User/Desktop/ELD_LAB/endsem/endsem.sdk/fft/Debug/fft.elf' is downloaded to processor 'ps7_cortexa9_0'.
15:53:37 INFO  : 'configparams force-mem-access 0' command is executed.
15:53:37 INFO  : ----------------XSDB Script----------------
connect -path [list tcp::1534 tcp:192.168.226.142:64089]
source C:/Users/User/Desktop/ELD_LAB/endsem/endsem.sdk/fft_wrapper_hw_platform_0/ps7_init.tcl
targets -set -nocase -filter {name =~"APU*" && jtag_cable_name =~ "Digilent Zybo Z7 210351A78181A"} -index 0
rst -system
after 3000
targets -set -filter {jtag_cable_name =~ "Digilent Zybo Z7 210351A78181A" && level==0} -index 1
fpga -file C:/Users/User/Desktop/ELD_LAB/endsem/endsem.sdk/fft_wrapper_hw_platform_0/fft_wrapper.bit
targets -set -nocase -filter {name =~"APU*" && jtag_cable_name =~ "Digilent Zybo Z7 210351A78181A"} -index 0
loadhw -hw C:/Users/User/Desktop/ELD_LAB/endsem/endsem.sdk/fft_wrapper_hw_platform_0/system.hdf -mem-ranges [list {0x40000000 0xbfffffff}]
configparams force-mem-access 1
targets -set -nocase -filter {name =~"APU*" && jtag_cable_name =~ "Digilent Zybo Z7 210351A78181A"} -index 0
ps7_init
ps7_post_config
targets -set -nocase -filter {name =~ "ARM*#0" && jtag_cable_name =~ "Digilent Zybo Z7 210351A78181A"} -index 0
dow C:/Users/User/Desktop/ELD_LAB/endsem/endsem.sdk/fft/Debug/fft.elf
configparams force-mem-access 0
----------------End of Script----------------

15:53:37 INFO  : Memory regions updated for context APU
15:53:38 INFO  : Context for processor 'ps7_cortexa9_0' is selected.
15:53:38 INFO  : 'con' command is executed.
15:53:38 INFO  : ----------------XSDB Script (After Launch)----------------
targets -set -nocase -filter {name =~ "ARM*#0" && jtag_cable_name =~ "Digilent Zybo Z7 210351A78181A"} -index 0
con
----------------End of Script----------------

15:53:38 INFO  : Launch script is exported to file 'C:\Users\User\Desktop\ELD_LAB\endsem\endsem.sdk\.sdk\launch_scripts\xilinx_c-c++_application_(system_debugger)\system_debugger_using_debug_fft.elf_on_zybo.tcl'
15:54:38 INFO  : Disconnected from the channel tcfchan#1.
15:54:38 INFO  : Disconnected from the channel tcfchan#2.
