#-----------------------------------------------------------
# Vivado v2019.1 (64-bit)
# SW Build 2552052 on Fri May 24 14:49:42 MDT 2019
# IP Build 2548770 on Fri May 24 18:01:18 MDT 2019
# Start of session at: Mon Aug 18 19:53:16 2025
# Process ID: 12812
# Current directory: C:/Users/User/Desktop/ELD LAB/LAB1_FA
# Command line: vivado.exe -gui_launcher_event rodinguilauncherevent11076 C:\Users\User\Desktop\ELD LAB\LAB1_FA\LAB1_FA.xpr
# Log file: C:/Users/User/Desktop/ELD LAB/LAB1_FA/vivado.log
# Journal file: C:/Users/User/Desktop/ELD LAB/LAB1_FA\vivado.jou
#-----------------------------------------------------------
start_gui
open_project {C:/Users/User/Desktop/ELD LAB/LAB1_FA/LAB1_FA.xpr}
Scanning sources...
Finished scanning sources
INFO: [IP_Flow 19-234] Refreshing IP repositories
INFO: [IP_Flow 19-1704] No user IP repositories specified
INFO: [IP_Flow 19-2313] Loaded Vivado IP repository 'C:/Xilinx/Vivado/2019.1/data/ip'.
open_project: Time (s): cpu = 00:00:24 ; elapsed = 00:00:17 . Memory (MB): peak = 792.219 ; gain = 197.355
update_compile_order -fileset sources_1
launch_simulation
INFO: [Vivado 12-5682] Launching behavioral simulation in 'C:/Users/User/Desktop/ELD LAB/LAB1_FA/LAB1_FA.sim/sim_1/behav/xsim'
INFO: [SIM-utils-51] Simulation object is 'sim_1'
INFO: [SIM-utils-54] Inspecting design source files for 'full_adder_1bit' in fileset 'sim_1'...
INFO: [USF-XSim-97] Finding global include files...
INFO: [USF-XSim-98] Fetching design files from 'sim_1'...
INFO: [USF-XSim-2] XSim::Compile design
INFO: [USF-XSim-61] Executing 'COMPILE and ANALYZE' step in 'C:/Users/User/Desktop/ELD LAB/LAB1_FA/LAB1_FA.sim/sim_1/behav/xsim'
"xvlog --incr --relax -prj full_adder_1bit_vlog.prj"
INFO: [VRFC 10-2263] Analyzing Verilog file "C:/Users/User/Desktop/ELD LAB/LAB1_FA/LAB1_FA.srcs/sources_1/new/full_adder_1bit.v" into library xil_defaultlib
INFO: [VRFC 10-311] analyzing module full_adder_1bit
INFO: [VRFC 10-2263] Analyzing Verilog file "C:/Users/User/Desktop/ELD LAB/LAB1_FA/LAB1_FA.sim/sim_1/behav/xsim/glbl.v" into library xil_defaultlib
INFO: [VRFC 10-311] analyzing module glbl
INFO: [USF-XSim-69] 'compile' step finished in '4' seconds
INFO: [USF-XSim-3] XSim::Elaborate design
INFO: [USF-XSim-61] Executing 'ELABORATE' step in 'C:/Users/User/Desktop/ELD LAB/LAB1_FA/LAB1_FA.sim/sim_1/behav/xsim'
"xelab -wto 7de5bbdc321946ad9d17067cce5d6970 --incr --debug typical --relax --mt 2 -L xil_defaultlib -L unisims_ver -L unimacro_ver -L secureip --snapshot full_adder_1bit_behav xil_defaultlib.full_adder_1bit xil_defaultlib.glbl -log elaborate.log"
Vivado Simulator 2019.1
Copyright 1986-1999, 2001-2019 Xilinx, Inc. All Rights Reserved.
Running: C:/Xilinx/Vivado/2019.1/bin/unwrapped/win64.o/xelab.exe -wto 7de5bbdc321946ad9d17067cce5d6970 --incr --debug typical --relax --mt 2 -L xil_defaultlib -L unisims_ver -L unimacro_ver -L secureip --snapshot full_adder_1bit_behav xil_defaultlib.full_adder_1bit xil_defaultlib.glbl -log elaborate.log 
Using 2 slave threads.
Starting static elaboration
Completed static elaboration
Starting simulation data flow analysis
Completed simulation data flow analysis
Time Resolution for simulation is 1ps
Compiling module xil_defaultlib.full_adder_1bit
Compiling module xil_defaultlib.glbl
Built simulation snapshot full_adder_1bit_behav

****** Webtalk v2019.1 (64-bit)
  **** SW Build 2552052 on Fri May 24 14:49:42 MDT 2019
  **** IP Build 2548770 on Fri May 24 18:01:18 MDT 2019
    ** Copyright 1986-2019 Xilinx, Inc. All Rights Reserved.

source C:/Users/User/Desktop/ELD -notrace
couldn't read file "C:/Users/User/Desktop/ELD": permission denied
INFO: [Common 17-206] Exiting Webtalk at Tue Aug 19 10:05:57 2025...
INFO: [Common 17-41] Interrupt caught. Command should exit soon.
run_program: Time (s): cpu = 00:00:36 ; elapsed = 00:05:42 . Memory (MB): peak = 815.430 ; gain = 0.000
INFO: [Common 17-344] 'run_program' was cancelled
INFO: [Vivado 12-5357] 'elaborate' step aborted
launch_simulation: Time (s): cpu = 00:00:38 ; elapsed = 00:05:47 . Memory (MB): peak = 815.430 ; gain = 0.000
INFO: [Common 17-344] 'launch_simulation' was cancelled
import_files -norecurse C:/Users/User/Desktop/ELD/top_adder.v
update_compile_order -fileset sources_1
update_compile_order -fileset sources_1
set_property SOURCE_SET sources_1 [get_filesets sim_1]
import_files -fileset sim_1 -norecurse C:/Users/User/Desktop/ELD/adder_tb.v
update_compile_order -fileset sim_1
update_compile_order -fileset sim_1
launch_simulation
INFO: [Vivado 12-5682] Launching behavioral simulation in 'C:/Users/User/Desktop/ELD LAB/LAB1_FA/LAB1_FA.sim/sim_1/behav/xsim'
INFO: [SIM-utils-51] Simulation object is 'sim_1'
INFO: [SIM-utils-54] Inspecting design source files for 'adder_tb' in fileset 'sim_1'...
INFO: [USF-XSim-97] Finding global include files...
INFO: [USF-XSim-98] Fetching design files from 'sim_1'...
INFO: [USF-XSim-2] XSim::Compile design
INFO: [USF-XSim-61] Executing 'COMPILE and ANALYZE' step in 'C:/Users/User/Desktop/ELD LAB/LAB1_FA/LAB1_FA.sim/sim_1/behav/xsim'
"xvlog --incr --relax -prj adder_tb_vlog.prj"
INFO: [VRFC 10-2263] Analyzing Verilog file "C:/Users/User/Desktop/ELD LAB/LAB1_FA/LAB1_FA.srcs/sources_1/new/full_adder_1bit.v" into library xil_defaultlib
INFO: [VRFC 10-311] analyzing module full_adder_1bit
INFO: [VRFC 10-2263] Analyzing Verilog file "C:/Users/User/Desktop/ELD LAB/LAB1_FA/LAB1_FA.srcs/sources_1/imports/ELD/top_adder.v" into library xil_defaultlib
INFO: [VRFC 10-311] analyzing module top_adder
INFO: [VRFC 10-2263] Analyzing Verilog file "C:/Users/User/Desktop/ELD LAB/LAB1_FA/LAB1_FA.srcs/sim_1/imports/ELD/adder_tb.v" into library xil_defaultlib
INFO: [VRFC 10-311] analyzing module adder_tb
INFO: [USF-XSim-69] 'compile' step finished in '3' seconds
INFO: [USF-XSim-3] XSim::Elaborate design
INFO: [USF-XSim-61] Executing 'ELABORATE' step in 'C:/Users/User/Desktop/ELD LAB/LAB1_FA/LAB1_FA.sim/sim_1/behav/xsim'
"xelab -wto 7de5bbdc321946ad9d17067cce5d6970 --incr --debug typical --relax --mt 2 -L xil_defaultlib -L unisims_ver -L unimacro_ver -L secureip --snapshot adder_tb_behav xil_defaultlib.adder_tb xil_defaultlib.glbl -log elaborate.log"
Vivado Simulator 2019.1
Copyright 1986-1999, 2001-2019 Xilinx, Inc. All Rights Reserved.
Running: C:/Xilinx/Vivado/2019.1/bin/unwrapped/win64.o/xelab.exe -wto 7de5bbdc321946ad9d17067cce5d6970 --incr --debug typical --relax --mt 2 -L xil_defaultlib -L unisims_ver -L unimacro_ver -L secureip --snapshot adder_tb_behav xil_defaultlib.adder_tb xil_defaultlib.glbl -log elaborate.log 
Using 2 slave threads.
Starting static elaboration
Completed static elaboration
Starting simulation data flow analysis
Completed simulation data flow analysis
Time Resolution for simulation is 1ps
Compiling module xil_defaultlib.full_adder_1bit
Compiling module xil_defaultlib.top_adder
Compiling module xil_defaultlib.adder_tb
Compiling module xil_defaultlib.glbl
Built simulation snapshot adder_tb_behav

****** Webtalk v2019.1 (64-bit)
  **** SW Build 2552052 on Fri May 24 14:49:42 MDT 2019
  **** IP Build 2548770 on Fri May 24 18:01:18 MDT 2019
    ** Copyright 1986-2019 Xilinx, Inc. All Rights Reserved.

source C:/Users/User/Desktop/ELD -notrace
couldn't read file "C:/Users/User/Desktop/ELD": permission denied
INFO: [Common 17-206] Exiting Webtalk at Tue Aug 19 10:32:55 2025...
run_program: Time (s): cpu = 00:00:00 ; elapsed = 00:00:10 . Memory (MB): peak = 832.160 ; gain = 0.000
INFO: [USF-XSim-69] 'elaborate' step finished in '10' seconds
INFO: [USF-XSim-4] XSim::Simulate design
INFO: [USF-XSim-61] Executing 'SIMULATE' step in 'C:/Users/User/Desktop/ELD LAB/LAB1_FA/LAB1_FA.sim/sim_1/behav/xsim'
INFO: [USF-XSim-98] *** Running xsim
   with args "adder_tb_behav -key {Behavioral:sim_1:Functional:adder_tb} -tclbatch {adder_tb.tcl} -log {simulate.log}"
INFO: [USF-XSim-8] Loading simulator feature
Vivado Simulator 2019.1
Time resolution is 1 ps
source adder_tb.tcl
# set curr_wave [current_wave_config]
# if { [string length $curr_wave] == 0 } {
#   if { [llength [get_objects]] > 0} {
#     add_wave /
#     set_property needs_save false [current_wave_config]
#   } else {
#      send_msg_id Add_Wave-1 WARNING "No top level signals found. Simulator will start without a wave window. If you want to open a wave window go to 'File->New Waveform Configuration' or type 'create_wave_config' in the TCL console."
#   }
# }
# run 1000ns
INFO: [USF-XSim-96] XSim completed. Design snapshot 'adder_tb_behav' loaded.
INFO: [USF-XSim-97] XSim simulation ran for 1000ns
launch_simulation: Time (s): cpu = 00:00:10 ; elapsed = 00:00:18 . Memory (MB): peak = 862.273 ; gain = 30.113
close_sim
INFO: [Simtcl 6-16] Simulation closed
close_sim: Time (s): cpu = 00:00:03 ; elapsed = 00:00:08 . Memory (MB): peak = 871.598 ; gain = 8.160
launch_simulation
INFO: [Vivado 12-5682] Launching behavioral simulation in 'C:/Users/User/Desktop/ELD LAB/LAB1_FA/LAB1_FA.sim/sim_1/behav/xsim'
INFO: [SIM-utils-51] Simulation object is 'sim_1'
INFO: [SIM-utils-54] Inspecting design source files for 'adder_tb' in fileset 'sim_1'...
INFO: [USF-XSim-97] Finding global include files...
INFO: [USF-XSim-98] Fetching design files from 'sim_1'...
INFO: [USF-XSim-2] XSim::Compile design
INFO: [USF-XSim-61] Executing 'COMPILE and ANALYZE' step in 'C:/Users/User/Desktop/ELD LAB/LAB1_FA/LAB1_FA.sim/sim_1/behav/xsim'
"xvlog --incr --relax -prj adder_tb_vlog.prj"
INFO: [VRFC 10-2263] Analyzing Verilog file "C:/Users/User/Desktop/ELD LAB/LAB1_FA/LAB1_FA.srcs/sources_1/imports/ELD/top_adder.v" into library xil_defaultlib
INFO: [VRFC 10-311] analyzing module top_adder
INFO: [VRFC 10-2263] Analyzing Verilog file "C:/Users/User/Desktop/ELD LAB/LAB1_FA/LAB1_FA.srcs/sim_1/imports/ELD/adder_tb.v" into library xil_defaultlib
INFO: [VRFC 10-311] analyzing module adder_tb
INFO: [USF-XSim-69] 'compile' step finished in '3' seconds
INFO: [USF-XSim-3] XSim::Elaborate design
INFO: [USF-XSim-61] Executing 'ELABORATE' step in 'C:/Users/User/Desktop/ELD LAB/LAB1_FA/LAB1_FA.sim/sim_1/behav/xsim'
"xelab -wto 7de5bbdc321946ad9d17067cce5d6970 --incr --debug typical --relax --mt 2 -L xil_defaultlib -L unisims_ver -L unimacro_ver -L secureip --snapshot adder_tb_behav xil_defaultlib.adder_tb xil_defaultlib.glbl -log elaborate.log"
Vivado Simulator 2019.1
Copyright 1986-1999, 2001-2019 Xilinx, Inc. All Rights Reserved.
Running: C:/Xilinx/Vivado/2019.1/bin/unwrapped/win64.o/xelab.exe -wto 7de5bbdc321946ad9d17067cce5d6970 --incr --debug typical --relax --mt 2 -L xil_defaultlib -L unisims_ver -L unimacro_ver -L secureip --snapshot adder_tb_behav xil_defaultlib.adder_tb xil_defaultlib.glbl -log elaborate.log 
Using 2 slave threads.
Starting static elaboration
Completed static elaboration
Starting simulation data flow analysis
Completed simulation data flow analysis
Time Resolution for simulation is 1ps
Compiling module xil_defaultlib.full_adder_1bit
Compiling module xil_defaultlib.top_adder
Compiling module xil_defaultlib.adder_tb
Compiling module xil_defaultlib.glbl
Built simulation snapshot adder_tb_behav
run_program: Time (s): cpu = 00:00:01 ; elapsed = 00:00:08 . Memory (MB): peak = 871.598 ; gain = 0.000
INFO: [USF-XSim-69] 'elaborate' step finished in '8' seconds
INFO: [USF-XSim-4] XSim::Simulate design
INFO: [USF-XSim-61] Executing 'SIMULATE' step in 'C:/Users/User/Desktop/ELD LAB/LAB1_FA/LAB1_FA.sim/sim_1/behav/xsim'
INFO: [USF-XSim-98] *** Running xsim
   with args "adder_tb_behav -key {Behavioral:sim_1:Functional:adder_tb} -tclbatch {adder_tb.tcl} -log {simulate.log}"
INFO: [USF-XSim-8] Loading simulator feature
Vivado Simulator 2019.1
Time resolution is 1 ps
source adder_tb.tcl
# set curr_wave [current_wave_config]
# if { [string length $curr_wave] == 0 } {
#   if { [llength [get_objects]] > 0} {
#     add_wave /
#     set_property needs_save false [current_wave_config]
#   } else {
#      send_msg_id Add_Wave-1 WARNING "No top level signals found. Simulator will start without a wave window. If you want to open a wave window go to 'File->New Waveform Configuration' or type 'create_wave_config' in the TCL console."
#   }
# }
# run 1000ns
INFO: [USF-XSim-96] XSim completed. Design snapshot 'adder_tb_behav' loaded.
INFO: [USF-XSim-97] XSim simulation ran for 1000ns
launch_simulation: Time (s): cpu = 00:00:06 ; elapsed = 00:00:14 . Memory (MB): peak = 871.598 ; gain = 0.000
close_sim
INFO: [Simtcl 6-16] Simulation closed
close_sim: Time (s): cpu = 00:00:03 ; elapsed = 00:00:06 . Memory (MB): peak = 876.422 ; gain = 0.000
exit
INFO: [Common 17-206] Exiting Vivado at Tue Aug 19 01:28:09 2025...
