10:06:17 INFO  : Registering command handlers for SDK TCF services
10:06:18 INFO  : Launching XSCT server: xsct.bat -interactive C:\Users\User\Desktop\ELD_LAB\LAB_8\LAB_8.sdk\temp_xsdb_launch_script.tcl
10:06:21 INFO  : XSCT server has started successfully.
10:06:21 INFO  : Successfully done setting XSCT server connection channel  
10:06:21 INFO  : Successfully done setting SDK workspace  
10:06:21 INFO  : Processing command line option -hwspec C:/Users/User/Desktop/ELD_LAB/LAB_8/LAB_8.sdk/Lab_8bd_wrapper.hdf.
10:17:47 INFO  : Refreshed build settings on project Lab8_demo
10:36:50 INFO  : Connected through redirection to target on host '192.168.226.142' and port '58818'.
10:37:10 INFO  : ----------------XSDB Script----------------
connect -path [list tcp::1534 tcp:192.168.226.142:58818]
----------------End of Script----------------

10:38:41 INFO  : Connected through redirection to target on host '192.168.226.142' and port '58818'.
10:39:00 INFO  : ----------------XSDB Script----------------
connect -path [list tcp::1534 tcp:192.168.226.142:58818]
----------------End of Script----------------

10:39:33 INFO  : Connected through redirection to target on host '192.168.226.142' and port '58818'.
10:39:51 INFO  : ----------------XSDB Script----------------
connect -path [list tcp::1534 tcp:192.168.226.142:58818]
----------------End of Script----------------

10:43:40 INFO  : Connected through redirection to target on host '192.168.226.142' and port '58818'.
10:43:58 INFO  : ----------------XSDB Script----------------
connect -path [list tcp::1534 tcp:192.168.226.142:58818]
----------------End of Script----------------

10:49:05 INFO  : Registering command handlers for SDK TCF services
10:49:06 INFO  : Launching XSCT server: xsct.bat -interactive C:\Users\User\Desktop\ELD_LAB\LAB_8\LAB_8.sdk\temp_xsdb_launch_script.tcl
10:49:10 INFO  : XSCT server has started successfully.
10:49:10 INFO  : Successfully done setting XSCT server connection channel  
10:49:10 INFO  : Successfully done setting SDK workspace  
10:49:10 INFO  : Processing command line option -hwspec C:/Users/User/Desktop/ELD_LAB/LAB_8/LAB_8.sdk/Lab_8bd_wrapper.hdf.
10:49:10 INFO  : Checking for hwspec changes in the project Lab_8bd_wrapper_hw_platform_0.
10:53:44 INFO  : Connected through redirection to target on host '192.168.226.142' and port '58818'.
10:54:04 INFO  : ----------------XSDB Script----------------
connect -path [list tcp::1534 tcp:192.168.226.142:58818]
----------------End of Script----------------

10:56:08 INFO  : Connected to target on host '127.0.0.1' and port '3121'.
10:56:09 INFO  : Jtag cable 'Digilent Zybo Z7 210351A78183A' is selected.
10:56:09 INFO  : 'jtag frequency' command is executed.
10:56:09 INFO  : Sourcing of 'C:/Users/User/Desktop/ELD_LAB/LAB_8/LAB_8.sdk/Lab_8bd_wrapper_hw_platform_0/ps7_init.tcl' is done.
10:56:09 INFO  : Context for 'APU' is selected.
10:56:09 INFO  : System reset is completed.
10:56:12 INFO  : 'after 3000' command is executed.
10:56:12 INFO  : Context for 'APU' is selected.
10:56:12 INFO  : Hardware design information is loaded from 'C:/Users/User/Desktop/ELD_LAB/LAB_8/LAB_8.sdk/Lab_8bd_wrapper_hw_platform_0/system.hdf'.
10:56:13 INFO  : 'configparams force-mem-access 1' command is executed.
10:56:13 INFO  : Context for 'APU' is selected.
10:56:13 INFO  : 'ps7_init' command is executed.
10:56:13 INFO  : 'ps7_post_config' command is executed.
10:56:13 INFO  : Context for processor 'ps7_cortexa9_0' is selected.
10:56:14 INFO  : The application 'C:/Users/User/Desktop/ELD_LAB/LAB_8/LAB_8.sdk/Lab8_demo/Debug/Lab8_demo.elf' is downloaded to processor 'ps7_cortexa9_0'.
10:56:14 INFO  : 'configparams force-mem-access 0' command is executed.
10:56:14 INFO  : ----------------XSDB Script----------------
connect -url tcp:127.0.0.1:3121
source C:/Users/User/Desktop/ELD_LAB/LAB_8/LAB_8.sdk/Lab_8bd_wrapper_hw_platform_0/ps7_init.tcl
targets -set -nocase -filter {name =~"APU*" && jtag_cable_name =~ "Digilent Zybo Z7 210351A78183A"} -index 0
rst -system
after 3000
targets -set -nocase -filter {name =~"APU*" && jtag_cable_name =~ "Digilent Zybo Z7 210351A78183A"} -index 0
loadhw -hw C:/Users/User/Desktop/ELD_LAB/LAB_8/LAB_8.sdk/Lab_8bd_wrapper_hw_platform_0/system.hdf -mem-ranges [list {0x40000000 0xbfffffff}]
configparams force-mem-access 1
targets -set -nocase -filter {name =~"APU*" && jtag_cable_name =~ "Digilent Zybo Z7 210351A78183A"} -index 0
ps7_init
ps7_post_config
targets -set -nocase -filter {name =~ "ARM*#0" && jtag_cable_name =~ "Digilent Zybo Z7 210351A78183A"} -index 0
dow C:/Users/User/Desktop/ELD_LAB/LAB_8/LAB_8.sdk/Lab8_demo/Debug/Lab8_demo.elf
configparams force-mem-access 0
----------------End of Script----------------

10:56:14 INFO  : Context for processor 'ps7_cortexa9_0' is selected.
10:56:14 INFO  : 'con' command is executed.
10:56:14 INFO  : ----------------XSDB Script (After Launch)----------------
targets -set -nocase -filter {name =~ "ARM*#0" && jtag_cable_name =~ "Digilent Zybo Z7 210351A78183A"} -index 0
con
----------------End of Script----------------

10:56:14 INFO  : Launch script is exported to file 'C:\Users\User\Desktop\ELD_LAB\LAB_8\LAB_8.sdk\.sdk\launch_scripts\xilinx_c-c++_application_(system_debugger)\system_debugger_using_debug_lab8_demo.elf_on_zybo_8.tcl'
18:55:05 INFO  : Disconnected from the channel tcfchan#2.
